[
  {
    "Plan": {
      "Node Type": "Aggregate",
      "Strategy": "Plain",
      "Partial Mode": "Finalize",
      "Parallel Aware": false,
      "Async Capable": false,
      "Startup Cost": 663187.52,
      "Total Cost": 663187.53,
      "Plan Rows": 1,
      "Plan Width": 8,
      "Actual Startup Time": 8274.71,
      "Actual Total Time": 8287.333,
      "Actual Rows": 1,
      "Actual Loops": 1,
      "Shared Hit Blocks": 1536,
      "Shared Read Blocks": 392347,
      "Shared Dirtied Blocks": 0,
      "Shared Written Blocks": 0,
      "Local Hit Blocks": 0,
      "Local Read Blocks": 0,
      "Local Dirtied Blocks": 0,
      "Local Written Blocks": 0,
      "Temp Read Blocks": 0,
      "Temp Written Blocks": 0,
      "Plans": [
        {
          "Node Type": "Gather",
          "Parent Relationship": "Outer",
          "Parallel Aware": false,
          "Async Capable": false,
          "Startup Cost": 663187.2,
          "Total Cost": 663187.51,
          "Plan Rows": 3,
          "Plan Width": 8,
          "Actual Startup Time": 8266.366,
          "Actual Total Time": 8287.286,
          "Actual Rows": 4,
          "Actual Loops": 1,
          "Workers Planned": 3,
          "Workers Launched": 3,
          "Single Copy": false,
          "Shared Hit Blocks": 1536,
          "Shared Read Blocks": 392347,
          "Shared Dirtied Blocks": 0,
          "Shared Written Blocks": 0,
          "Local Hit Blocks": 0,
          "Local Read Blocks": 0,
          "Local Dirtied Blocks": 0,
          "Local Written Blocks": 0,
          "Temp Read Blocks": 0,
          "Temp Written Blocks": 0,
          "Plans": [
            {
              "Node Type": "Aggregate",
              "Strategy": "Plain",
              "Partial Mode": "Partial",
              "Parent Relationship": "Outer",
              "Parallel Aware": false,
              "Async Capable": false,
              "Startup Cost": 662187.2,
              "Total Cost": 662187.21,
              "Plan Rows": 1,
              "Plan Width": 8,
              "Actual Startup Time": 8050.936,
              "Actual Total Time": 8050.938,
              "Actual Rows": 1,
              "Actual Loops": 4,
              "Shared Hit Blocks": 1536,
              "Shared Read Blocks": 392347,
              "Shared Dirtied Blocks": 0,
              "Shared Written Blocks": 0,
              "Local Hit Blocks": 0,
              "Local Read Blocks": 0,
              "Local Dirtied Blocks": 0,
              "Local Written Blocks": 0,
              "Temp Read Blocks": 0,
              "Temp Written Blocks": 0,
              "Workers": [],
              "Plans": [
                {
                  "Node Type": "Seq Scan",
                  "Parent Relationship": "Outer",
                  "Parallel Aware": true,
                  "Async Capable": false,
                  "Relation Name": "timeseries",
                  "Alias": "timeseries",
                  "Startup Cost": 0.0,
                  "Total Cost": 653083.43,
                  "Plan Rows": 3641509,
                  "Plan Width": 0,
                  "Actual Startup Time": 602.334,
                  "Actual Total Time": 7093.501,
                  "Actual Rows": 2752008,
                  "Actual Loops": 4,
                  "Filter": "(status AND (datetime >= '2020-02-01 00:00:00'::timestamp without time zone) AND (datetime <= '2020-02-13 23:59:59'::timestamp without time zone))",
                  "Rows Removed by Filter": 10639992,
                  "Shared Hit Blocks": 1536,
                  "Shared Read Blocks": 392347,
                  "Shared Dirtied Blocks": 0,
                  "Shared Written Blocks": 0,
                  "Local Hit Blocks": 0,
                  "Local Read Blocks": 0,
                  "Local Dirtied Blocks": 0,
                  "Local Written Blocks": 0,
                  "Temp Read Blocks": 0,
                  "Temp Written Blocks": 0,
                  "Workers": []
                }
              ]
            }
          ]
        }
      ]
    },
    "Planning": {
      "Shared Hit Blocks": 71,
      "Shared Read Blocks": 0,
      "Shared Dirtied Blocks": 0,
      "Shared Written Blocks": 0,
      "Local Hit Blocks": 0,
      "Local Read Blocks": 0,
      "Local Dirtied Blocks": 0,
      "Local Written Blocks": 0,
      "Temp Read Blocks": 0,
      "Temp Written Blocks": 0
    },
    "Planning Time": 3.787,
    "Triggers": [],
    "JIT": {
      "Functions": 18,
      "Options": {
        "Inlining": true,
        "Optimization": true,
        "Expressions": true,
        "Deforming": true
      },
      "Timing": {
        "Generation": 15.691,
        "Inlining": 1203.073,
        "Optimization": 627.59,
        "Emission": 391.21,
        "Total": 2237.563
      }
    },
    "Execution Time": 8451.669
  }
]