[
  {
    "Plan": {
      "Node Type": "Aggregate",
      "Strategy": "Sorted",
      "Partial Mode": "Finalize",
      "Parallel Aware": false,
      "Async Capable": false,
      "Startup Cost": 2845009.19,
      "Total Cost": 263662462.76,
      "Plan Rows": 535682200,
      "Plan Width": 28,
      "Actual Startup Time": 6798.574,
      "Actual Total Time": 7264.79,
      "Actual Rows": 310,
      "Actual Loops": 1,
      "Group Key": [
        "external.resource",
        "(date_trunc('day'::text, external.datetime))",
        "(count(*))"
      ],
      "Shared Hit Blocks": 88352,
      "Shared Read Blocks": 174655,
      "Shared Dirtied Blocks": 0,
      "Shared Written Blocks": 0,
      "Local Hit Blocks": 0,
      "Local Read Blocks": 0,
      "Local Dirtied Blocks": 0,
      "Local Written Blocks": 0,
      "Temp Read Blocks": 164517,
      "Temp Written Blocks": 218913,
      "Plans": [
        {
          "Node Type": "Gather Merge",
          "Parent Relationship": "Outer",
          "Parallel Aware": false,
          "Async Capable": false,
          "Startup Cost": 2845009.19,
          "Total Cost": 240895969.26,
          "Plan Rows": 1071364400,
          "Plan Width": 28,
          "Actual Startup Time": 6798.551,
          "Actual Total Time": 7264.558,
          "Actual Rows": 462,
          "Actual Loops": 1,
          "Workers Planned": 2,
          "Workers Launched": 2,
          "Shared Hit Blocks": 88352,
          "Shared Read Blocks": 174655,
          "Shared Dirtied Blocks": 0,
          "Shared Written Blocks": 0,
          "Local Hit Blocks": 0,
          "Local Read Blocks": 0,
          "Local Dirtied Blocks": 0,
          "Local Written Blocks": 0,
          "Temp Read Blocks": 164517,
          "Temp Written Blocks": 218913,
          "Plans": [
            {
              "Node Type": "Aggregate",
              "Strategy": "Sorted",
              "Partial Mode": "Partial",
              "Parent Relationship": "Outer",
              "Parallel Aware": false,
              "Async Capable": false,
              "Startup Cost": 2844009.17,
              "Total Cost": 117232934.24,
              "Plan Rows": 535682200,
              "Plan Width": 28,
              "Actual Startup Time": 6286.317,
              "Actual Total Time": 6767.774,
              "Actual Rows": 154,
              "Actual Loops": 3,
              "Group Key": [
                "external.resource",
                "(date_trunc('day'::text, external.datetime))",
                "(count(*))"
              ],
              "Shared Hit Blocks": 88352,
              "Shared Read Blocks": 174655,
              "Shared Dirtied Blocks": 0,
              "Shared Written Blocks": 0,
              "Local Hit Blocks": 0,
              "Local Read Blocks": 0,
              "Local Dirtied Blocks": 0,
              "Local Written Blocks": 0,
              "Temp Read Blocks": 164517,
              "Temp Written Blocks": 218913,
              "Workers": [],
              "Plans": [
                {
                  "Node Type": "Incremental Sort",
                  "Parent Relationship": "Outer",
                  "Parallel Aware": false,
                  "Async Capable": false,
                  "Startup Cost": 2844009.17,
                  "Total Cost": 103212100.49,
                  "Plan Rows": 732480625,
                  "Plan Width": 20,
                  "Actual Startup Time": 6282.854,
                  "Actual Total Time": 6690.012,
                  "Actual Rows": 874999,
                  "Actual Loops": 3,
                  "Sort Key": [
                    "external.resource",
                    "(date_trunc('day'::text, external.datetime))",
                    "(count(*))"
                  ],
                  "Presorted Key": [
                    "external.resource",
                    "(date_trunc('day'::text, external.datetime))"
                  ],
                  "Full-sort Groups": {
                    "Group Count": 154,
                    "Sort Methods Used": [
                      "quicksort"
                    ],
                    "Sort Space Memory": {
                      "Average Sort Space Used": 29,
                      "Peak Sort Space Used": 29
                    }
                  },
                  "Pre-sorted Groups": {
                    "Group Count": 154,
                    "Sort Methods Used": [
                      "quicksort"
                    ],
                    "Sort Space Memory": {
                      "Average Sort Space Used": 914,
                      "Peak Sort Space Used": 916
                    }
                  },
                  "Shared Hit Blocks": 88352,
                  "Shared Read Blocks": 174655,
                  "Shared Dirtied Blocks": 0,
                  "Shared Written Blocks": 0,
                  "Local Hit Blocks": 0,
                  "Local Read Blocks": 0,
                  "Local Dirtied Blocks": 0,
                  "Local Written Blocks": 0,
                  "Temp Read Blocks": 164517,
                  "Temp Written Blocks": 218913,
                  "Workers": [
                    {
                      "Worker Number": 0,
                      "Full-sort Groups": {
                        "Group Count": 155,
                        "Sort Methods Used": [
                          "quicksort"
                        ],
                        "Sort Space Memory": {
                          "Average Sort Space Used": 29,
                          "Peak Sort Space Used": 29
                        }
                      },
                      "Pre-sorted Groups": {
                        "Group Count": 155,
                        "Sort Methods Used": [
                          "quicksort"
                        ],
                        "Sort Space Memory": {
                          "Average Sort Space Used": 916,
                          "Peak Sort Space Used": 917
                        }
                      }
                    },
                    {
                      "Worker Number": 1,
                      "Full-sort Groups": {
                        "Group Count": 152,
                        "Sort Methods Used": [
                          "quicksort"
                        ],
                        "Sort Space Memory": {
                          "Average Sort Space Used": 29,
                          "Peak Sort Space Used": 29
                        }
                      },
                      "Pre-sorted Groups": {
                        "Group Count": 152,
                        "Sort Methods Used": [
                          "quicksort"
                        ],
                        "Sort Space Memory": {
                          "Average Sort Space Used": 913,
                          "Peak Sort Space Used": 916
                        }
                      }
                    }
                  ],
                  "Plans": [
                    {
                      "Node Type": "Merge Join",
                      "Parent Relationship": "Outer",
                      "Parallel Aware": false,
                      "Async Capable": false,
                      "Join Type": "Inner",
                      "Startup Cost": 2841751.72,
                      "Total Cost": 12133933.62,
                      "Plan Rows": 732480625,
                      "Plan Width": 20,
                      "Actual Startup Time": 6279.527,
                      "Actual Total Time": 6510.976,
                      "Actual Rows": 874999,
                      "Actual Loops": 3,
                      "Inner Unique": true,
                      "Merge Cond": "((external.resource = internal.resource) AND ((date_trunc('day'::text, external.datetime)) = (date_trunc('day'::text, internal.datetime))))",
                      "Shared Hit Blocks": 88256,
                      "Shared Read Blocks": 174655,
                      "Shared Dirtied Blocks": 0,
                      "Shared Written Blocks": 0,
                      "Local Hit Blocks": 0,
                      "Local Read Blocks": 0,
                      "Local Dirtied Blocks": 0,
                      "Local Written Blocks": 0,
                      "Temp Read Blocks": 164517,
                      "Temp Written Blocks": 218913,
                      "Workers": [],
                      "Plans": [
                        {
                          "Node Type": "Sort",
                          "Parent Relationship": "Outer",
                          "Parallel Aware": false,
                          "Async Capable": false,
                          "Startup Cost": 2017176.63,
                          "Total Cost": 2044524.21,
                          "Plan Rows": 10939032,
                          "Plan Width": 12,
                          "Actual Startup Time": 4399.726,
                          "Actual Total Time": 4834.144,
                          "Actual Rows": 4374833,
                          "Actual Loops": 3,
                          "Sort Key": [
                            "external.resource",
                            "(date_trunc('day'::text, external.datetime))"
                          ],
                          "Sort Method": "external merge",
                          "Sort Space Used": 288248,
                          "Sort Space Type": "Disk",
                          "Shared Hit Blocks": 22287,
                          "Shared Read Blocks": 174655,
                          "Shared Dirtied Blocks": 0,
                          "Shared Written Blocks": 0,
                          "Local Hit Blocks": 0,
                          "Local Read Blocks": 0,
                          "Local Dirtied Blocks": 0,
                          "Local Written Blocks": 0,
                          "Temp Read Blocks": 164517,
                          "Temp Written Blocks": 218913,
                          "Workers": [
                            {
                              "Worker Number": 0,
                              "Sort Method": "external merge",
                              "Sort Space Used": 292880,
                              "Sort Space Type": "Disk"
                            },
                            {
                              "Worker Number": 1,
                              "Sort Method": "external merge",
                              "Sort Space Used": 292312,
                              "Sort Space Type": "Disk"
                            }
                          ],
                          "Plans": [
                            {
                              "Node Type": "Seq Scan",
                              "Parent Relationship": "Outer",
                              "Parallel Aware": true,
                              "Async Capable": false,
                              "Relation Name": "timeseries",
                              "Alias": "external",
                              "Startup Cost": 0.0,
                              "Total Cost": 364342.7,
                              "Plan Rows": 10939032,
                              "Plan Width": 12,
                              "Actual Startup Time": 308.959,
                              "Actual Total Time": 1950.563,
                              "Actual Rows": 8749473,
                              "Actual Loops": 3,
                              "Filter": "(status AND (datetime >= '2020-01-01 00:00:00'::timestamp without time zone) AND (datetime <= '2020-01-31 23:59:49'::timestamp without time zone))",
                              "Rows Removed by Filter": 178527,
                              "Shared Hit Blocks": 22287,
                              "Shared Read Blocks": 174655,
                              "Shared Dirtied Blocks": 0,
                              "Shared Written Blocks": 0,
                              "Local Hit Blocks": 0,
                              "Local Read Blocks": 0,
                              "Local Dirtied Blocks": 0,
                              "Local Written Blocks": 0,
                              "Temp Read Blocks": 0,
                              "Temp Written Blocks": 0,
                              "Workers": []
                            }
                          ]
                        },
                        {
                          "Node Type": "Sort",
                          "Parent Relationship": "Inner",
                          "Parallel Aware": false,
                          "Async Capable": false,
                          "Startup Cost": 824575.09,
                          "Total Cost": 831271.12,
                          "Plan Rows": 2678411,
                          "Plan Width": 20,
                          "Actual Startup Time": 1255.244,
                          "Actual Total Time": 1255.322,
                          "Actual Rows": 320,
                          "Actual Loops": 3,
                          "Sort Key": [
                            "internal.resource",
                            "(date_trunc('day'::text, internal.datetime))"
                          ],
                          "Sort Method": "quicksort",
                          "Sort Space Used": 45,
                          "Sort Space Type": "Memory",
                          "Shared Hit Blocks": 65969,
                          "Shared Read Blocks": 0,
                          "Shared Dirtied Blocks": 0,
                          "Shared Written Blocks": 0,
                          "Local Hit Blocks": 0,
                          "Local Read Blocks": 0,
                          "Local Dirtied Blocks": 0,
                          "Local Written Blocks": 0,
                          "Temp Read Blocks": 0,
                          "Temp Written Blocks": 0,
                          "Workers": [
                            {
                              "Worker Number": 0,
                              "Sort Method": "quicksort",
                              "Sort Space Used": 45,
                              "Sort Space Type": "Memory"
                            },
                            {
                              "Worker Number": 1,
                              "Sort Method": "quicksort",
                              "Sort Space Used": 45,
                              "Sort Space Type": "Memory"
                            }
                          ],
                          "Plans": [
                            {
                              "Node Type": "Aggregate",
                              "Strategy": "Hashed",
                              "Partial Mode": "Simple",
                              "Parent Relationship": "Outer",
                              "Parallel Aware": false,
                              "Async Capable": false,
                              "Startup Cost": 342336.66,
                              "Total Cost": 401973.15,
                              "Plan Rows": 2678411,
                              "Plan Width": 20,
                              "Actual Startup Time": 1254.895,
                              "Actual Total Time": 1255.147,
                              "Actual Rows": 320,
                              "Actual Loops": 3,
                              "Group Key": [
                                "internal.resource",
                                "date_trunc('day'::text, internal.datetime)"
                              ],
                              "Planned Partitions": 64,
                              "HashAgg Batches": 1,
                              "Peak Memory Usage": 1585,
                              "Disk Usage": 0,
                              "Shared Hit Blocks": 65969,
                              "Shared Read Blocks": 0,
                              "Shared Dirtied Blocks": 0,
                              "Shared Written Blocks": 0,
                              "Local Hit Blocks": 0,
                              "Local Read Blocks": 0,
                              "Local Dirtied Blocks": 0,
                              "Local Written Blocks": 0,
                              "Temp Read Blocks": 0,
                              "Temp Written Blocks": 0,
                              "Workers": [
                                {
                                  "Worker Number": 0,
                                  "HashAgg Batches": 1,
                                  "Peak Memory Usage": 1585,
                                  "Disk Usage": 0
                                },
                                {
                                  "Worker Number": 1,
                                  "HashAgg Batches": 1,
                                  "Peak Memory Usage": 1585,
                                  "Disk Usage": 0
                                }
                              ],
                              "Plans": [
                                {
                                  "Node Type": "Nested Loop",
                                  "Parent Relationship": "Outer",
                                  "Parallel Aware": false,
                                  "Async Capable": false,
                                  "Join Type": "Inner",
                                  "Startup Cost": 0.44,
                                  "Total Cost": 164054.93,
                                  "Plan Rows": 2678411,
                                  "Plan Width": 12,
                                  "Actual Startup Time": 0.059,
                                  "Actual Total Time": 842.235,
                                  "Actual Rows": 2678400,
                                  "Actual Loops": 3,
                                  "Inner Unique": false,
                                  "Shared Hit Blocks": 65969,
                                  "Shared Read Blocks": 0,
                                  "Shared Dirtied Blocks": 0,
                                  "Shared Written Blocks": 0,
                                  "Local Hit Blocks": 0,
                                  "Local Read Blocks": 0,
                                  "Local Dirtied Blocks": 0,
                                  "Local Written Blocks": 0,
                                  "Temp Read Blocks": 0,
                                  "Temp Written Blocks": 0,
                                  "Workers": [],
                                  "Plans": [
                                    {
                                      "Node Type": "Seq Scan",
                                      "Parent Relationship": "Outer",
                                      "Parallel Aware": false,
                                      "Async Capable": false,
                                      "Relation Name": "resources",
                                      "Alias": "r",
                                      "Startup Cost": 0.0,
                                      "Total Cost": 2.25,
                                      "Plan Rows": 10,
                                      "Plan Width": 4,
                                      "Actual Startup Time": 0.031,
                                      "Actual Total Time": 0.056,
                                      "Actual Rows": 10,
                                      "Actual Loops": 3,
                                      "Filter": "(r_group = 5)",
                                      "Rows Removed by Filter": 90,
                                      "Shared Hit Blocks": 3,
                                      "Shared Read Blocks": 0,
                                      "Shared Dirtied Blocks": 0,
                                      "Shared Written Blocks": 0,
                                      "Local Hit Blocks": 0,
                                      "Local Read Blocks": 0,
                                      "Local Dirtied Blocks": 0,
                                      "Local Written Blocks": 0,
                                      "Temp Read Blocks": 0,
                                      "Temp Written Blocks": 0,
                                      "Workers": []
                                    },
                                    {
                                      "Node Type": "Index Scan",
                                      "Parent Relationship": "Inner",
                                      "Parallel Aware": false,
                                      "Async Capable": false,
                                      "Scan Direction": "Forward",
                                      "Index Name": "timeseries_resource_index",
                                      "Relation Name": "timeseries",
                                      "Alias": "internal",
                                      "Startup Cost": 0.44,
                                      "Total Cost": 13057.26,
                                      "Plan Rows": 267841,
                                      "Plan Width": 12,
                                      "Actual Startup Time": 0.017,
                                      "Actual Total Time": 36.242,
                                      "Actual Rows": 267840,
                                      "Actual Loops": 30,
                                      "Index Cond": "(resource = r.id)",
                                      "Rows Removed by Index Recheck": 0,
                                      "Shared Hit Blocks": 65966,
                                      "Shared Read Blocks": 0,
                                      "Shared Dirtied Blocks": 0,
                                      "Shared Written Blocks": 0,
                                      "Local Hit Blocks": 0,
                                      "Local Read Blocks": 0,
                                      "Local Dirtied Blocks": 0,
                                      "Local Written Blocks": 0,
                                      "Temp Read Blocks": 0,
                                      "Temp Written Blocks": 0,
                                      "Workers": []
                                    }
                                  ]
                                }
                              ]
                            }
                          ]
                        }
                      ]
                    }
                  ]
                }
              ]
            }
          ]
        }
      ]
    },
    "Planning": {
      "Shared Hit Blocks": 220,
      "Shared Read Blocks": 0,
      "Shared Dirtied Blocks": 0,
      "Shared Written Blocks": 0,
      "Local Hit Blocks": 0,
      "Local Read Blocks": 0,
      "Local Dirtied Blocks": 0,
      "Local Written Blocks": 0,
      "Temp Read Blocks": 0,
      "Temp Written Blocks": 0
    },
    "Planning Time": 1.039,
    "Triggers": [],
    "JIT": {
      "Functions": 96,
      "Options": {
        "Inlining": true,
        "Optimization": true,
        "Expressions": true,
        "Deforming": true
      },
      "Timing": {
        "Generation": 7.99,
        "Inlining": 156.021,
        "Optimization": 447.884,
        "Emission": 321.708,
        "Total": 933.603
      }
    },
    "Execution Time": 7330.784
  }
]