[
  {
    "Plan": {
      "Node Type": "Aggregate",
      "Strategy": "Sorted",
      "Partial Mode": "Finalize",
      "Parallel Aware": false,
      "Async Capable": false,
      "Startup Cost": 566880.34,
      "Total Cost": 566944.31,
      "Plan Rows": 100,
      "Plan Width": 12,
      "Actual Startup Time": 10853.875,
      "Actual Total Time": 10875.064,
      "Actual Rows": 100,
      "Actual Loops": 1,
      "Group Key": [
        "resource"
      ],
      "Shared Hit Blocks": 611,
      "Shared Read Blocks": 393307,
      "Shared Dirtied Blocks": 0,
      "Shared Written Blocks": 0,
      "Local Hit Blocks": 0,
      "Local Read Blocks": 0,
      "Local Dirtied Blocks": 0,
      "Local Written Blocks": 0,
      "Temp Read Blocks": 0,
      "Temp Written Blocks": 0,
      "Plans": [
        {
          "Node Type": "Gather Merge",
          "Parent Relationship": "Outer",
          "Parallel Aware": false,
          "Async Capable": false,
          "Startup Cost": 566880.34,
          "Total Cost": 566940.81,
          "Plan Rows": 500,
          "Plan Width": 12,
          "Actual Startup Time": 10853.842,
          "Actual Total Time": 10874.864,
          "Actual Rows": 430,
          "Actual Loops": 1,
          "Workers Planned": 5,
          "Workers Launched": 5,
          "Shared Hit Blocks": 611,
          "Shared Read Blocks": 393307,
          "Shared Dirtied Blocks": 0,
          "Shared Written Blocks": 0,
          "Local Hit Blocks": 0,
          "Local Read Blocks": 0,
          "Local Dirtied Blocks": 0,
          "Local Written Blocks": 0,
          "Temp Read Blocks": 0,
          "Temp Written Blocks": 0,
          "Plans": [
            {
              "Node Type": "Sort",
              "Parent Relationship": "Outer",
              "Parallel Aware": false,
              "Async Capable": false,
              "Startup Cost": 565880.27,
              "Total Cost": 565880.52,
              "Plan Rows": 100,
              "Plan Width": 12,
              "Actual Startup Time": 10540.147,
              "Actual Total Time": 10540.161,
              "Actual Rows": 72,
              "Actual Loops": 6,
              "Sort Key": [
                "resource"
              ],
              "Sort Method": "quicksort",
              "Sort Space Used": 28,
              "Sort Space Type": "Memory",
              "Shared Hit Blocks": 611,
              "Shared Read Blocks": 393307,
              "Shared Dirtied Blocks": 0,
              "Shared Written Blocks": 0,
              "Local Hit Blocks": 0,
              "Local Read Blocks": 0,
              "Local Dirtied Blocks": 0,
              "Local Written Blocks": 0,
              "Temp Read Blocks": 0,
              "Temp Written Blocks": 0,
              "Workers": [
                {
                  "Worker Number": 0,
                  "Sort Method": "quicksort",
                  "Sort Space Used": 29,
                  "Sort Space Type": "Memory"
                },
                {
                  "Worker Number": 1,
                  "Sort Method": "quicksort",
                  "Sort Space Used": 28,
                  "Sort Space Type": "Memory"
                },
                {
                  "Worker Number": 2,
                  "Sort Method": "quicksort",
                  "Sort Space Used": 29,
                  "Sort Space Type": "Memory"
                },
                {
                  "Worker Number": 3,
                  "Sort Method": "quicksort",
                  "Sort Space Used": 28,
                  "Sort Space Type": "Memory"
                },
                {
                  "Worker Number": 4,
                  "Sort Method": "quicksort",
                  "Sort Space Used": 29,
                  "Sort Space Type": "Memory"
                }
              ],
              "Plans": [
                {
                  "Node Type": "Aggregate",
                  "Strategy": "Hashed",
                  "Partial Mode": "Partial",
                  "Parent Relationship": "Outer",
                  "Parallel Aware": false,
                  "Async Capable": false,
                  "Startup Cost": 565875.94,
                  "Total Cost": 565876.94,
                  "Plan Rows": 100,
                  "Plan Width": 12,
                  "Actual Startup Time": 10539.951,
                  "Actual Total Time": 10539.987,
                  "Actual Rows": 72,
                  "Actual Loops": 6,
                  "Group Key": [
                    "resource"
                  ],
                  "Planned Partitions": 0,
                  "HashAgg Batches": 1,
                  "Peak Memory Usage": 32,
                  "Disk Usage": 0,
                  "Shared Hit Blocks": 576,
                  "Shared Read Blocks": 393307,
                  "Shared Dirtied Blocks": 0,
                  "Shared Written Blocks": 0,
                  "Local Hit Blocks": 0,
                  "Local Read Blocks": 0,
                  "Local Dirtied Blocks": 0,
                  "Local Written Blocks": 0,
                  "Temp Read Blocks": 0,
                  "Temp Written Blocks": 0,
                  "Workers": [
                    {
                      "Worker Number": 0,
                      "HashAgg Batches": 1,
                      "Peak Memory Usage": 32,
                      "Disk Usage": 0
                    },
                    {
                      "Worker Number": 1,
                      "HashAgg Batches": 1,
                      "Peak Memory Usage": 32,
                      "Disk Usage": 0
                    },
                    {
                      "Worker Number": 2,
                      "HashAgg Batches": 1,
                      "Peak Memory Usage": 32,
                      "Disk Usage": 0
                    },
                    {
                      "Worker Number": 3,
                      "HashAgg Batches": 1,
                      "Peak Memory Usage": 32,
                      "Disk Usage": 0
                    },
                    {
                      "Worker Number": 4,
                      "HashAgg Batches": 1,
                      "Peak Memory Usage": 32,
                      "Disk Usage": 0
                    }
                  ],
                  "Plans": [
                    {
                      "Node Type": "Seq Scan",
                      "Parent Relationship": "Outer",
                      "Parallel Aware": true,
                      "Async Capable": false,
                      "Relation Name": "timeseries",
                      "Alias": "timeseries",
                      "Startup Cost": 0.0,
                      "Total Cost": 554587.26,
                      "Plan Rows": 2257736,
                      "Plan Width": 4,
                      "Actual Startup Time": 1315.322,
                      "Actual Total Time": 8005.572,
                      "Actual Rows": 1834672,
                      "Actual Loops": 6,
                      "Filter": "(status AND (datetime >= '2020-02-01 00:00:00'::timestamp without time zone) AND (datetime <= '2020-02-13 23:59:59'::timestamp without time zone))",
                      "Rows Removed by Filter": 7093328,
                      "Shared Hit Blocks": 576,
                      "Shared Read Blocks": 393307,
                      "Shared Dirtied Blocks": 0,
                      "Shared Written Blocks": 0,
                      "Local Hit Blocks": 0,
                      "Local Read Blocks": 0,
                      "Local Dirtied Blocks": 0,
                      "Local Written Blocks": 0,
                      "Temp Read Blocks": 0,
                      "Temp Written Blocks": 0,
                      "Workers": []
                    }
                  ]
                }
              ]
            }
          ]
        }
      ]
    },
    "Planning": {
      "Shared Hit Blocks": 91,
      "Shared Read Blocks": 0,
      "Shared Dirtied Blocks": 0,
      "Shared Written Blocks": 0,
      "Local Hit Blocks": 0,
      "Local Read Blocks": 0,
      "Local Dirtied Blocks": 0,
      "Local Written Blocks": 0,
      "Temp Read Blocks": 0,
      "Temp Written Blocks": 0
    },
    "Planning Time": 1.144,
    "Triggers": [],
    "JIT": {
      "Functions": 51,
      "Options": {
        "Inlining": true,
        "Optimization": true,
        "Expressions": true,
        "Deforming": true
      },
      "Timing": {
        "Generation": 66.908,
        "Inlining": 2906.533,
        "Optimization": 2937.645,
        "Emission": 1748.539,
        "Total": 7659.626
      }
    },
    "Execution Time": 10982.167
  }
]