[
  {
    "Plan": {
      "Node Type": "Aggregate",
      "Strategy": "Plain",
      "Partial Mode": "Finalize",
      "Parallel Aware": false,
      "Async Capable": false,
      "Startup Cost": 946541.92,
      "Total Cost": 946541.94,
      "Plan Rows": 1,
      "Plan Width": 16,
      "Actual Startup Time": 4378.63,
      "Actual Total Time": 4383.083,
      "Actual Rows": 1,
      "Actual Loops": 1,
      "Shared Hit Blocks": 4672,
      "Shared Read Blocks": 389212,
      "Shared Dirtied Blocks": 0,
      "Shared Written Blocks": 0,
      "Local Hit Blocks": 0,
      "Local Read Blocks": 0,
      "Local Dirtied Blocks": 0,
      "Local Written Blocks": 0,
      "Temp Read Blocks": 0,
      "Temp Written Blocks": 0,
      "Plans": [
        {
          "Node Type": "Aggregate",
          "Strategy": "Plain",
          "Partial Mode": "Finalize",
          "Parent Relationship": "InitPlan",
          "Subplan Name": "InitPlan 1 (returns $1)",
          "Parallel Aware": false,
          "Async Capable": false,
          "Startup Cost": 473660.9,
          "Total Cost": 473660.91,
          "Plan Rows": 1,
          "Plan Width": 8,
          "Actual Startup Time": 2180.494,
          "Actual Total Time": 2184.898,
          "Actual Rows": 1,
          "Actual Loops": 1,
          "Shared Hit Blocks": 2368,
          "Shared Read Blocks": 194574,
          "Shared Dirtied Blocks": 0,
          "Shared Written Blocks": 0,
          "Local Hit Blocks": 0,
          "Local Read Blocks": 0,
          "Local Dirtied Blocks": 0,
          "Local Written Blocks": 0,
          "Temp Read Blocks": 0,
          "Temp Written Blocks": 0,
          "Plans": [
            {
              "Node Type": "Gather",
              "Parent Relationship": "Outer",
              "Parallel Aware": false,
              "Async Capable": false,
              "Startup Cost": 473660.79,
              "Total Cost": 473660.9,
              "Plan Rows": 1,
              "Plan Width": 8,
              "Actual Startup Time": 2180.337,
              "Actual Total Time": 2184.888,
              "Actual Rows": 2,
              "Actual Loops": 1,
              "Workers Planned": 1,
              "Workers Launched": 1,
              "Single Copy": false,
              "Shared Hit Blocks": 2368,
              "Shared Read Blocks": 194574,
              "Shared Dirtied Blocks": 0,
              "Shared Written Blocks": 0,
              "Local Hit Blocks": 0,
              "Local Read Blocks": 0,
              "Local Dirtied Blocks": 0,
              "Local Written Blocks": 0,
              "Temp Read Blocks": 0,
              "Temp Written Blocks": 0,
              "Plans": [
                {
                  "Node Type": "Aggregate",
                  "Strategy": "Plain",
                  "Partial Mode": "Partial",
                  "Parent Relationship": "Outer",
                  "Parallel Aware": false,
                  "Async Capable": false,
                  "Startup Cost": 472660.79,
                  "Total Cost": 472660.8,
                  "Plan Rows": 1,
                  "Plan Width": 8,
                  "Actual Startup Time": 2155.782,
                  "Actual Total Time": 2155.784,
                  "Actual Rows": 1,
                  "Actual Loops": 2,
                  "Shared Hit Blocks": 2368,
                  "Shared Read Blocks": 194574,
                  "Shared Dirtied Blocks": 0,
                  "Shared Written Blocks": 0,
                  "Local Hit Blocks": 0,
                  "Local Read Blocks": 0,
                  "Local Dirtied Blocks": 0,
                  "Local Written Blocks": 0,
                  "Temp Read Blocks": 0,
                  "Temp Written Blocks": 0,
                  "Workers": [],
                  "Plans": [
                    {
                      "Node Type": "Seq Scan",
                      "Parent Relationship": "Outer",
                      "Parallel Aware": true,
                      "Async Capable": false,
                      "Relation Name": "timeseries",
                      "Alias": "internal",
                      "Startup Cost": 0.0,
                      "Total Cost": 433272.4,
                      "Plan Rows": 15755354,
                      "Plan Width": 0,
                      "Actual Startup Time": 38.266,
                      "Actual Total Time": 1348.277,
                      "Actual Rows": 13391950,
                      "Actual Loops": 2,
                      "Filter": "((datetime >= '2020-01-01 00:00:00'::timestamp without time zone) AND (datetime <= '2020-01-31 23:59:59'::timestamp without time zone))",
                      "Rows Removed by Filter": 50,
                      "Shared Hit Blocks": 2368,
                      "Shared Read Blocks": 194574,
                      "Shared Dirtied Blocks": 0,
                      "Shared Written Blocks": 0,
                      "Local Hit Blocks": 0,
                      "Local Read Blocks": 0,
                      "Local Dirtied Blocks": 0,
                      "Local Written Blocks": 0,
                      "Temp Read Blocks": 0,
                      "Temp Written Blocks": 0,
                      "Workers": []
                    }
                  ]
                }
              ]
            }
          ]
        },
        {
          "Node Type": "Gather",
          "Parent Relationship": "Outer",
          "Parallel Aware": false,
          "Async Capable": false,
          "Startup Cost": 472880.9,
          "Total Cost": 472881.01,
          "Plan Rows": 1,
          "Plan Width": 8,
          "Actual Startup Time": 2197.977,
          "Actual Total Time": 2198.171,
          "Actual Rows": 2,
          "Actual Loops": 1,
          "Workers Planned": 1,
          "Workers Launched": 1,
          "Single Copy": false,
          "Shared Hit Blocks": 2304,
          "Shared Read Blocks": 194638,
          "Shared Dirtied Blocks": 0,
          "Shared Written Blocks": 0,
          "Local Hit Blocks": 0,
          "Local Read Blocks": 0,
          "Local Dirtied Blocks": 0,
          "Local Written Blocks": 0,
          "Temp Read Blocks": 0,
          "Temp Written Blocks": 0,
          "Plans": [
            {
              "Node Type": "Aggregate",
              "Strategy": "Plain",
              "Partial Mode": "Partial",
              "Parent Relationship": "Outer",
              "Parallel Aware": false,
              "Async Capable": false,
              "Startup Cost": 471880.9,
              "Total Cost": 471880.91,
              "Plan Rows": 1,
              "Plan Width": 8,
              "Actual Startup Time": 2180.404,
              "Actual Total Time": 2180.405,
              "Actual Rows": 1,
              "Actual Loops": 2,
              "Shared Hit Blocks": 2304,
              "Shared Read Blocks": 194638,
              "Shared Dirtied Blocks": 0,
              "Shared Written Blocks": 0,
              "Local Hit Blocks": 0,
              "Local Read Blocks": 0,
              "Local Dirtied Blocks": 0,
              "Local Written Blocks": 0,
              "Temp Read Blocks": 0,
              "Temp Written Blocks": 0,
              "Workers": [],
              "Plans": [
                {
                  "Node Type": "Seq Scan",
                  "Parent Relationship": "Outer",
                  "Parallel Aware": true,
                  "Async Capable": false,
                  "Relation Name": "timeseries",
                  "Alias": "external",
                  "Startup Cost": 0.0,
                  "Total Cost": 433272.4,
                  "Plan Rows": 15443398,
                  "Plan Width": 0,
                  "Actual Startup Time": 104.941,
                  "Actual Total Time": 1410.721,
                  "Actual Rows": 13124258,
                  "Actual Loops": 2,
                  "Filter": "(status AND (datetime >= '2020-01-01 00:00:00'::timestamp without time zone) AND (datetime <= '2020-01-31 23:59:59'::timestamp without time zone))",
                  "Rows Removed by Filter": 267742,
                  "Shared Hit Blocks": 2304,
                  "Shared Read Blocks": 194638,
                  "Shared Dirtied Blocks": 0,
                  "Shared Written Blocks": 0,
                  "Local Hit Blocks": 0,
                  "Local Read Blocks": 0,
                  "Local Dirtied Blocks": 0,
                  "Local Written Blocks": 0,
                  "Temp Read Blocks": 0,
                  "Temp Written Blocks": 0,
                  "Workers": []
                }
              ]
            }
          ]
        }
      ]
    },
    "Planning": {
      "Shared Hit Blocks": 126,
      "Shared Read Blocks": 0,
      "Shared Dirtied Blocks": 0,
      "Shared Written Blocks": 0,
      "Local Hit Blocks": 0,
      "Local Read Blocks": 0,
      "Local Dirtied Blocks": 0,
      "Local Written Blocks": 0,
      "Temp Read Blocks": 0,
      "Temp Written Blocks": 0
    },
    "Planning Time": 0.601,
    "Triggers": [],
    "JIT": {
      "Functions": 20,
      "Options": {
        "Inlining": true,
        "Optimization": true,
        "Expressions": true,
        "Deforming": true
      },
      "Timing": {
        "Generation": 2.761,
        "Inlining": 147.955,
        "Optimization": 77.06,
        "Emission": 60.695,
        "Total": 288.471
      }
    },
    "Execution Time": 4423.956
  }
]