[
  {
    "Plan": {
      "Node Type": "Aggregate",
      "Strategy": "Plain",
      "Partial Mode": "Finalize",
      "Parallel Aware": false,
      "Async Capable": false,
      "Startup Cost": 946541.92,
      "Total Cost": 946541.94,
      "Plan Rows": 1,
      "Plan Width": 16,
      "Actual Startup Time": 4360.142,
      "Actual Total Time": 4364.816,
      "Actual Rows": 1,
      "Actual Loops": 1,
      "Shared Hit Blocks": 6976,
      "Shared Read Blocks": 386908,
      "Shared Dirtied Blocks": 0,
      "Shared Written Blocks": 0,
      "Local Hit Blocks": 0,
      "Local Read Blocks": 0,
      "Local Dirtied Blocks": 0,
      "Local Written Blocks": 0,
      "Temp Read Blocks": 0,
      "Temp Written Blocks": 0,
      "Plans": [
        {
          "Node Type": "Aggregate",
          "Strategy": "Plain",
          "Partial Mode": "Finalize",
          "Parent Relationship": "InitPlan",
          "Subplan Name": "InitPlan 1 (returns $1)",
          "Parallel Aware": false,
          "Async Capable": false,
          "Startup Cost": 473660.9,
          "Total Cost": 473660.91,
          "Plan Rows": 1,
          "Plan Width": 8,
          "Actual Startup Time": 2183.408,
          "Actual Total Time": 2188.04,
          "Actual Rows": 1,
          "Actual Loops": 1,
          "Shared Hit Blocks": 3520,
          "Shared Read Blocks": 193422,
          "Shared Dirtied Blocks": 0,
          "Shared Written Blocks": 0,
          "Local Hit Blocks": 0,
          "Local Read Blocks": 0,
          "Local Dirtied Blocks": 0,
          "Local Written Blocks": 0,
          "Temp Read Blocks": 0,
          "Temp Written Blocks": 0,
          "Plans": [
            {
              "Node Type": "Gather",
              "Parent Relationship": "Outer",
              "Parallel Aware": false,
              "Async Capable": false,
              "Startup Cost": 473660.79,
              "Total Cost": 473660.9,
              "Plan Rows": 1,
              "Plan Width": 8,
              "Actual Startup Time": 2183.272,
              "Actual Total Time": 2188.031,
              "Actual Rows": 2,
              "Actual Loops": 1,
              "Workers Planned": 1,
              "Workers Launched": 1,
              "Single Copy": false,
              "Shared Hit Blocks": 3520,
              "Shared Read Blocks": 193422,
              "Shared Dirtied Blocks": 0,
              "Shared Written Blocks": 0,
              "Local Hit Blocks": 0,
              "Local Read Blocks": 0,
              "Local Dirtied Blocks": 0,
              "Local Written Blocks": 0,
              "Temp Read Blocks": 0,
              "Temp Written Blocks": 0,
              "Plans": [
                {
                  "Node Type": "Aggregate",
                  "Strategy": "Plain",
                  "Partial Mode": "Partial",
                  "Parent Relationship": "Outer",
                  "Parallel Aware": false,
                  "Async Capable": false,
                  "Startup Cost": 472660.79,
                  "Total Cost": 472660.8,
                  "Plan Rows": 1,
                  "Plan Width": 8,
                  "Actual Startup Time": 2163.636,
                  "Actual Total Time": 2163.637,
                  "Actual Rows": 1,
                  "Actual Loops": 2,
                  "Shared Hit Blocks": 3520,
                  "Shared Read Blocks": 193422,
                  "Shared Dirtied Blocks": 0,
                  "Shared Written Blocks": 0,
                  "Local Hit Blocks": 0,
                  "Local Read Blocks": 0,
                  "Local Dirtied Blocks": 0,
                  "Local Written Blocks": 0,
                  "Temp Read Blocks": 0,
                  "Temp Written Blocks": 0,
                  "Workers": [],
                  "Plans": [
                    {
                      "Node Type": "Seq Scan",
                      "Parent Relationship": "Outer",
                      "Parallel Aware": true,
                      "Async Capable": false,
                      "Relation Name": "timeseries",
                      "Alias": "internal",
                      "Startup Cost": 0.0,
                      "Total Cost": 433272.4,
                      "Plan Rows": 15755354,
                      "Plan Width": 0,
                      "Actual Startup Time": 40.685,
                      "Actual Total Time": 1353.691,
                      "Actual Rows": 13391950,
                      "Actual Loops": 2,
                      "Filter": "((datetime >= '2020-01-01 00:00:00'::timestamp without time zone) AND (datetime <= '2020-01-31 23:59:59'::timestamp without time zone))",
                      "Rows Removed by Filter": 50,
                      "Shared Hit Blocks": 3520,
                      "Shared Read Blocks": 193422,
                      "Shared Dirtied Blocks": 0,
                      "Shared Written Blocks": 0,
                      "Local Hit Blocks": 0,
                      "Local Read Blocks": 0,
                      "Local Dirtied Blocks": 0,
                      "Local Written Blocks": 0,
                      "Temp Read Blocks": 0,
                      "Temp Written Blocks": 0,
                      "Workers": []
                    }
                  ]
                }
              ]
            }
          ]
        },
        {
          "Node Type": "Gather",
          "Parent Relationship": "Outer",
          "Parallel Aware": false,
          "Async Capable": false,
          "Startup Cost": 472880.9,
          "Total Cost": 472881.01,
          "Plan Rows": 1,
          "Plan Width": 8,
          "Actual Startup Time": 2176.559,
          "Actual Total Time": 2176.764,
          "Actual Rows": 2,
          "Actual Loops": 1,
          "Workers Planned": 1,
          "Workers Launched": 1,
          "Single Copy": false,
          "Shared Hit Blocks": 3456,
          "Shared Read Blocks": 193486,
          "Shared Dirtied Blocks": 0,
          "Shared Written Blocks": 0,
          "Local Hit Blocks": 0,
          "Local Read Blocks": 0,
          "Local Dirtied Blocks": 0,
          "Local Written Blocks": 0,
          "Temp Read Blocks": 0,
          "Temp Written Blocks": 0,
          "Plans": [
            {
              "Node Type": "Aggregate",
              "Strategy": "Plain",
              "Partial Mode": "Partial",
              "Parent Relationship": "Outer",
              "Parallel Aware": false,
              "Async Capable": false,
              "Startup Cost": 471880.9,
              "Total Cost": 471880.91,
              "Plan Rows": 1,
              "Plan Width": 8,
              "Actual Startup Time": 2157.061,
              "Actual Total Time": 2157.062,
              "Actual Rows": 1,
              "Actual Loops": 2,
              "Shared Hit Blocks": 3456,
              "Shared Read Blocks": 193486,
              "Shared Dirtied Blocks": 0,
              "Shared Written Blocks": 0,
              "Local Hit Blocks": 0,
              "Local Read Blocks": 0,
              "Local Dirtied Blocks": 0,
              "Local Written Blocks": 0,
              "Temp Read Blocks": 0,
              "Temp Written Blocks": 0,
              "Workers": [],
              "Plans": [
                {
                  "Node Type": "Seq Scan",
                  "Parent Relationship": "Outer",
                  "Parallel Aware": true,
                  "Async Capable": false,
                  "Relation Name": "timeseries",
                  "Alias": "external",
                  "Startup Cost": 0.0,
                  "Total Cost": 433272.4,
                  "Plan Rows": 15443398,
                  "Plan Width": 0,
                  "Actual Startup Time": 109.601,
                  "Actual Total Time": 1407.543,
                  "Actual Rows": 13124258,
                  "Actual Loops": 2,
                  "Filter": "(status AND (datetime >= '2020-01-01 00:00:00'::timestamp without time zone) AND (datetime <= '2020-01-31 23:59:59'::timestamp without time zone))",
                  "Rows Removed by Filter": 267742,
                  "Shared Hit Blocks": 3456,
                  "Shared Read Blocks": 193486,
                  "Shared Dirtied Blocks": 0,
                  "Shared Written Blocks": 0,
                  "Local Hit Blocks": 0,
                  "Local Read Blocks": 0,
                  "Local Dirtied Blocks": 0,
                  "Local Written Blocks": 0,
                  "Temp Read Blocks": 0,
                  "Temp Written Blocks": 0,
                  "Workers": []
                }
              ]
            }
          ]
        }
      ]
    },
    "Planning": {
      "Shared Hit Blocks": 126,
      "Shared Read Blocks": 0,
      "Shared Dirtied Blocks": 0,
      "Shared Written Blocks": 0,
      "Local Hit Blocks": 0,
      "Local Read Blocks": 0,
      "Local Dirtied Blocks": 0,
      "Local Written Blocks": 0,
      "Temp Read Blocks": 0,
      "Temp Written Blocks": 0
    },
    "Planning Time": 0.597,
    "Triggers": [],
    "JIT": {
      "Functions": 20,
      "Options": {
        "Inlining": true,
        "Optimization": true,
        "Expressions": true,
        "Deforming": true
      },
      "Timing": {
        "Generation": 1.957,
        "Inlining": 153.663,
        "Optimization": 88.009,
        "Emission": 58.191,
        "Total": 301.821
      }
    },
    "Execution Time": 4397.671
  }
]