[
  {
    "Plan": {
      "Node Type": "Aggregate",
      "Strategy": "Sorted",
      "Partial Mode": "Simple",
      "Parallel Aware": false,
      "Async Capable": false,
      "Startup Cost": 1814517.09,
      "Total Cost": 288546990.76,
      "Plan Rows": 535682200,
      "Plan Width": 28,
      "Actual Startup Time": 7950.387,
      "Actual Total Time": 9977.365,
      "Actual Rows": 310,
      "Actual Loops": 1,
      "Group Key": [
        "external.resource",
        "(date_trunc('day'::text, external.datetime))",
        "(count(*))"
      ],
      "Shared Hit Blocks": 110217,
      "Shared Read Blocks": 218904,
      "Shared Dirtied Blocks": 0,
      "Shared Written Blocks": 0,
      "Local Hit Blocks": 0,
      "Local Read Blocks": 0,
      "Local Dirtied Blocks": 0,
      "Local Written Blocks": 0,
      "Temp Read Blocks": 167086,
      "Temp Written Blocks": 218642,
      "Plans": [
        {
          "Node Type": "Gather Merge",
          "Parent Relationship": "Outer",
          "Parallel Aware": false,
          "Async Capable": false,
          "Startup Cost": 1814517.09,
          "Total Cost": 258914606.27,
          "Plan Rows": 1757953499,
          "Plan Width": 20,
          "Actual Startup Time": 7946.4,
          "Actual Total Time": 9694.765,
          "Actual Rows": 2624996,
          "Actual Loops": 1,
          "Workers Planned": 5,
          "Workers Launched": 5,
          "Shared Hit Blocks": 110217,
          "Shared Read Blocks": 218904,
          "Shared Dirtied Blocks": 0,
          "Shared Written Blocks": 0,
          "Local Hit Blocks": 0,
          "Local Read Blocks": 0,
          "Local Dirtied Blocks": 0,
          "Local Written Blocks": 0,
          "Temp Read Blocks": 167086,
          "Temp Written Blocks": 218642,
          "Plans": [
            {
              "Node Type": "Incremental Sort",
              "Parent Relationship": "Outer",
              "Parallel Aware": false,
              "Async Capable": false,
              "Startup Cost": 1813517.01,
              "Total Cost": 47212385.68,
              "Plan Rows": 351590700,
              "Plan Width": 20,
              "Actual Startup Time": 7768.474,
              "Actual Total Time": 8010.039,
              "Actual Rows": 437499,
              "Actual Loops": 6,
              "Sort Key": [
                "external.resource",
                "(date_trunc('day'::text, external.datetime))",
                "(count(*))"
              ],
              "Presorted Key": [
                "external.resource",
                "(date_trunc('day'::text, external.datetime))"
              ],
              "Full-sort Groups": {
                "Group Count": 82,
                "Sort Methods Used": [
                  "quicksort"
                ],
                "Sort Space Memory": {
                  "Average Sort Space Used": 29,
                  "Peak Sort Space Used": 29
                }
              },
              "Pre-sorted Groups": {
                "Group Count": 82,
                "Sort Methods Used": [
                  "quicksort"
                ],
                "Sort Space Memory": {
                  "Average Sort Space Used": 911,
                  "Peak Sort Space Used": 915
                }
              },
              "Shared Hit Blocks": 110217,
              "Shared Read Blocks": 218904,
              "Shared Dirtied Blocks": 0,
              "Shared Written Blocks": 0,
              "Local Hit Blocks": 0,
              "Local Read Blocks": 0,
              "Local Dirtied Blocks": 0,
              "Local Written Blocks": 0,
              "Temp Read Blocks": 167086,
              "Temp Written Blocks": 218642,
              "Workers": [
                {
                  "Worker Number": 0,
                  "Full-sort Groups": {
                    "Group Count": 81,
                    "Sort Methods Used": [
                      "quicksort"
                    ],
                    "Sort Space Memory": {
                      "Average Sort Space Used": 29,
                      "Peak Sort Space Used": 29
                    }
                  },
                  "Pre-sorted Groups": {
                    "Group Count": 81,
                    "Sort Methods Used": [
                      "quicksort"
                    ],
                    "Sort Space Memory": {
                      "Average Sort Space Used": 912,
                      "Peak Sort Space Used": 917
                    }
                  }
                },
                {
                  "Worker Number": 1,
                  "Full-sort Groups": {
                    "Group Count": 79,
                    "Sort Methods Used": [
                      "quicksort"
                    ],
                    "Sort Space Memory": {
                      "Average Sort Space Used": 29,
                      "Peak Sort Space Used": 29
                    }
                  },
                  "Pre-sorted Groups": {
                    "Group Count": 78,
                    "Sort Methods Used": [
                      "quicksort"
                    ],
                    "Sort Space Memory": {
                      "Average Sort Space Used": 914,
                      "Peak Sort Space Used": 915
                    }
                  }
                },
                {
                  "Worker Number": 2,
                  "Full-sort Groups": {
                    "Group Count": 69,
                    "Sort Methods Used": [
                      "quicksort"
                    ],
                    "Sort Space Memory": {
                      "Average Sort Space Used": 29,
                      "Peak Sort Space Used": 29
                    }
                  },
                  "Pre-sorted Groups": {
                    "Group Count": 69,
                    "Sort Methods Used": [
                      "quicksort"
                    ],
                    "Sort Space Memory": {
                      "Average Sort Space Used": 911,
                      "Peak Sort Space Used": 916
                    }
                  }
                },
                {
                  "Worker Number": 3,
                  "Full-sort Groups": {
                    "Group Count": 69,
                    "Sort Methods Used": [
                      "quicksort"
                    ],
                    "Sort Space Memory": {
                      "Average Sort Space Used": 29,
                      "Peak Sort Space Used": 29
                    }
                  },
                  "Pre-sorted Groups": {
                    "Group Count": 70,
                    "Sort Methods Used": [
                      "quicksort"
                    ],
                    "Sort Space Memory": {
                      "Average Sort Space Used": 910,
                      "Peak Sort Space Used": 915
                    }
                  }
                },
                {
                  "Worker Number": 4,
                  "Full-sort Groups": {
                    "Group Count": 81,
                    "Sort Methods Used": [
                      "quicksort"
                    ],
                    "Sort Space Memory": {
                      "Average Sort Space Used": 29,
                      "Peak Sort Space Used": 29
                    }
                  },
                  "Pre-sorted Groups": {
                    "Group Count": 81,
                    "Sort Methods Used": [
                      "quicksort"
                    ],
                    "Sort Space Memory": {
                      "Average Sort Space Used": 911,
                      "Peak Sort Space Used": 915
                    }
                  }
                }
              ],
              "Plans": [
                {
                  "Node Type": "Merge Join",
                  "Parent Relationship": "Outer",
                  "Parallel Aware": false,
                  "Async Capable": false,
                  "Join Type": "Inner",
                  "Startup Cost": 1812502.9,
                  "Total Cost": 6286678.39,
                  "Plan Rows": 351590700,
                  "Plan Width": 20,
                  "Actual Startup Time": 7762.703,
                  "Actual Total Time": 7899.673,
                  "Actual Rows": 437499,
                  "Actual Loops": 6,
                  "Inner Unique": true,
                  "Merge Cond": "((external.resource = internal.resource) AND ((date_trunc('day'::text, external.datetime)) = (date_trunc('day'::text, internal.datetime))))",
                  "Shared Hit Blocks": 109977,
                  "Shared Read Blocks": 218904,
                  "Shared Dirtied Blocks": 0,
                  "Shared Written Blocks": 0,
                  "Local Hit Blocks": 0,
                  "Local Read Blocks": 0,
                  "Local Dirtied Blocks": 0,
                  "Local Written Blocks": 0,
                  "Temp Read Blocks": 167086,
                  "Temp Written Blocks": 218642,
                  "Workers": [],
                  "Plans": [
                    {
                      "Node Type": "Sort",
                      "Parent Relationship": "Outer",
                      "Parallel Aware": false,
                      "Async Capable": false,
                      "Startup Cost": 1042856.8,
                      "Total Cost": 1055983.64,
                      "Plan Rows": 5250736,
                      "Plan Width": 12,
                      "Actual Startup Time": 4613.84,
                      "Actual Total Time": 4990.775,
                      "Actual Rows": 2187417,
                      "Actual Loops": 6,
                      "Sort Key": [
                        "external.resource",
                        "(date_trunc('day'::text, external.datetime))"
                      ],
                      "Sort Method": "external merge",
                      "Sort Space Used": 150144,
                      "Sort Space Type": "Disk",
                      "Shared Hit Blocks": 0,
                      "Shared Read Blocks": 196942,
                      "Shared Dirtied Blocks": 0,
                      "Shared Written Blocks": 0,
                      "Local Hit Blocks": 0,
                      "Local Read Blocks": 0,
                      "Local Dirtied Blocks": 0,
                      "Local Written Blocks": 0,
                      "Temp Read Blocks": 167086,
                      "Temp Written Blocks": 218642,
                      "Workers": [
                        {
                          "Worker Number": 0,
                          "Sort Method": "external merge",
                          "Sort Space Used": 155504,
                          "Sort Space Type": "Disk"
                        },
                        {
                          "Worker Number": 1,
                          "Sort Method": "external merge",
                          "Sort Space Used": 148528,
                          "Sort Space Type": "Disk"
                        },
                        {
                          "Worker Number": 2,
                          "Sort Method": "external merge",
                          "Sort Space Used": 138184,
                          "Sort Space Type": "Disk"
                        },
                        {
                          "Worker Number": 3,
                          "Sort Method": "external merge",
                          "Sort Space Used": 138328,
                          "Sort Space Type": "Disk"
                        },
                        {
                          "Worker Number": 4,
                          "Sort Method": "external merge",
                          "Sort Space Used": 142696,
                          "Sort Space Type": "Disk"
                        }
                      ],
                      "Plans": [
                        {
                          "Node Type": "Seq Scan",
                          "Parent Relationship": "Outer",
                          "Parallel Aware": true,
                          "Async Capable": false,
                          "Relation Name": "timeseries",
                          "Alias": "external",
                          "Startup Cost": 0.0,
                          "Total Cost": 277294.34,
                          "Plan Rows": 5250736,
                          "Plan Width": 12,
                          "Actual Startup Time": 491.864,
                          "Actual Total Time": 2196.971,
                          "Actual Rows": 4374737,
                          "Actual Loops": 6,
                          "Filter": "(status AND (datetime >= '2020-01-01 00:00:00'::timestamp without time zone) AND (datetime <= '2020-01-31 23:59:49'::timestamp without time zone))",
                          "Rows Removed by Filter": 89263,
                          "Shared Hit Blocks": 0,
                          "Shared Read Blocks": 196942,
                          "Shared Dirtied Blocks": 0,
                          "Shared Written Blocks": 0,
                          "Local Hit Blocks": 0,
                          "Local Read Blocks": 0,
                          "Local Dirtied Blocks": 0,
                          "Local Written Blocks": 0,
                          "Temp Read Blocks": 0,
                          "Temp Written Blocks": 0,
                          "Workers": []
                        }
                      ]
                    },
                    {
                      "Node Type": "Sort",
                      "Parent Relationship": "Inner",
                      "Parallel Aware": false,
                      "Async Capable": false,
                      "Startup Cost": 769646.09,
                      "Total Cost": 776342.12,
                      "Plan Rows": 2678411,
                      "Plan Width": 20,
                      "Actual Startup Time": 2552.969,
                      "Actual Total Time": 2553.06,
                      "Actual Rows": 320,
                      "Actual Loops": 6,
                      "Sort Key": [
                        "internal.resource",
                        "(date_trunc('day'::text, internal.datetime))"
                      ],
                      "Sort Method": "quicksort",
                      "Sort Space Used": 45,
                      "Sort Space Type": "Memory",
                      "Shared Hit Blocks": 109977,
                      "Shared Read Blocks": 21962,
                      "Shared Dirtied Blocks": 0,
                      "Shared Written Blocks": 0,
                      "Local Hit Blocks": 0,
                      "Local Read Blocks": 0,
                      "Local Dirtied Blocks": 0,
                      "Local Written Blocks": 0,
                      "Temp Read Blocks": 0,
                      "Temp Written Blocks": 0,
                      "Workers": [
                        {
                          "Worker Number": 0,
                          "Sort Method": "quicksort",
                          "Sort Space Used": 45,
                          "Sort Space Type": "Memory"
                        },
                        {
                          "Worker Number": 1,
                          "Sort Method": "quicksort",
                          "Sort Space Used": 45,
                          "Sort Space Type": "Memory"
                        },
                        {
                          "Worker Number": 2,
                          "Sort Method": "quicksort",
                          "Sort Space Used": 45,
                          "Sort Space Type": "Memory"
                        },
                        {
                          "Worker Number": 3,
                          "Sort Method": "quicksort",
                          "Sort Space Used": 45,
                          "Sort Space Type": "Memory"
                        },
                        {
                          "Worker Number": 4,
                          "Sort Method": "quicksort",
                          "Sort Space Used": 45,
                          "Sort Space Type": "Memory"
                        }
                      ],
                      "Plans": [
                        {
                          "Node Type": "Aggregate",
                          "Strategy": "Hashed",
                          "Partial Mode": "Simple",
                          "Parent Relationship": "Outer",
                          "Parallel Aware": false,
                          "Async Capable": false,
                          "Startup Cost": 342336.66,
                          "Total Cost": 401973.15,
                          "Plan Rows": 2678411,
                          "Plan Width": 20,
                          "Actual Startup Time": 2551.077,
                          "Actual Total Time": 2552.858,
                          "Actual Rows": 320,
                          "Actual Loops": 6,
                          "Group Key": [
                            "internal.resource",
                            "date_trunc('day'::text, internal.datetime)"
                          ],
                          "Planned Partitions": 32,
                          "HashAgg Batches": 1,
                          "Peak Memory Usage": 3121,
                          "Disk Usage": 0,
                          "Shared Hit Blocks": 109977,
                          "Shared Read Blocks": 21962,
                          "Shared Dirtied Blocks": 0,
                          "Shared Written Blocks": 0,
                          "Local Hit Blocks": 0,
                          "Local Read Blocks": 0,
                          "Local Dirtied Blocks": 0,
                          "Local Written Blocks": 0,
                          "Temp Read Blocks": 0,
                          "Temp Written Blocks": 0,
                          "Workers": [
                            {
                              "Worker Number": 0,
                              "HashAgg Batches": 1,
                              "Peak Memory Usage": 3121,
                              "Disk Usage": 0
                            },
                            {
                              "Worker Number": 1,
                              "HashAgg Batches": 1,
                              "Peak Memory Usage": 3121,
                              "Disk Usage": 0
                            },
                            {
                              "Worker Number": 2,
                              "HashAgg Batches": 1,
                              "Peak Memory Usage": 3121,
                              "Disk Usage": 0
                            },
                            {
                              "Worker Number": 3,
                              "HashAgg Batches": 1,
                              "Peak Memory Usage": 3121,
                              "Disk Usage": 0
                            },
                            {
                              "Worker Number": 4,
                              "HashAgg Batches": 1,
                              "Peak Memory Usage": 3121,
                              "Disk Usage": 0
                            }
                          ],
                          "Plans": [
                            {
                              "Node Type": "Nested Loop",
                              "Parent Relationship": "Outer",
                              "Parallel Aware": false,
                              "Async Capable": false,
                              "Join Type": "Inner",
                              "Startup Cost": 0.44,
                              "Total Cost": 164054.93,
                              "Plan Rows": 2678411,
                              "Plan Width": 12,
                              "Actual Startup Time": 0.075,
                              "Actual Total Time": 1723.362,
                              "Actual Rows": 2678400,
                              "Actual Loops": 6,
                              "Inner Unique": false,
                              "Shared Hit Blocks": 109977,
                              "Shared Read Blocks": 21962,
                              "Shared Dirtied Blocks": 0,
                              "Shared Written Blocks": 0,
                              "Local Hit Blocks": 0,
                              "Local Read Blocks": 0,
                              "Local Dirtied Blocks": 0,
                              "Local Written Blocks": 0,
                              "Temp Read Blocks": 0,
                              "Temp Written Blocks": 0,
                              "Workers": [],
                              "Plans": [
                                {
                                  "Node Type": "Seq Scan",
                                  "Parent Relationship": "Outer",
                                  "Parallel Aware": false,
                                  "Async Capable": false,
                                  "Relation Name": "resources",
                                  "Alias": "r",
                                  "Startup Cost": 0.0,
                                  "Total Cost": 2.25,
                                  "Plan Rows": 10,
                                  "Plan Width": 4,
                                  "Actual Startup Time": 0.034,
                                  "Actual Total Time": 0.063,
                                  "Actual Rows": 10,
                                  "Actual Loops": 6,
                                  "Filter": "(r_group = 5)",
                                  "Rows Removed by Filter": 90,
                                  "Shared Hit Blocks": 6,
                                  "Shared Read Blocks": 0,
                                  "Shared Dirtied Blocks": 0,
                                  "Shared Written Blocks": 0,
                                  "Local Hit Blocks": 0,
                                  "Local Read Blocks": 0,
                                  "Local Dirtied Blocks": 0,
                                  "Local Written Blocks": 0,
                                  "Temp Read Blocks": 0,
                                  "Temp Written Blocks": 0,
                                  "Workers": []
                                },
                                {
                                  "Node Type": "Index Scan",
                                  "Parent Relationship": "Inner",
                                  "Parallel Aware": false,
                                  "Async Capable": false,
                                  "Scan Direction": "Forward",
                                  "Index Name": "timeseries_resource_index",
                                  "Relation Name": "timeseries",
                                  "Alias": "internal",
                                  "Startup Cost": 0.44,
                                  "Total Cost": 13057.26,
                                  "Plan Rows": 267841,
                                  "Plan Width": 12,
                                  "Actual Startup Time": 0.013,
                                  "Actual Total Time": 76.017,
                                  "Actual Rows": 267840,
                                  "Actual Loops": 60,
                                  "Index Cond": "(resource = r.id)",
                                  "Rows Removed by Index Recheck": 0,
                                  "Shared Hit Blocks": 109971,
                                  "Shared Read Blocks": 21962,
                                  "Shared Dirtied Blocks": 0,
                                  "Shared Written Blocks": 0,
                                  "Local Hit Blocks": 0,
                                  "Local Read Blocks": 0,
                                  "Local Dirtied Blocks": 0,
                                  "Local Written Blocks": 0,
                                  "Temp Read Blocks": 0,
                                  "Temp Written Blocks": 0,
                                  "Workers": []
                                }
                              ]
                            }
                          ]
                        }
                      ]
                    }
                  ]
                }
              ]
            }
          ]
        }
      ]
    },
    "Planning": {
      "Shared Hit Blocks": 174,
      "Shared Read Blocks": 36,
      "Shared Dirtied Blocks": 0,
      "Shared Written Blocks": 0,
      "Local Hit Blocks": 0,
      "Local Read Blocks": 0,
      "Local Dirtied Blocks": 0,
      "Local Written Blocks": 0,
      "Temp Read Blocks": 0,
      "Temp Written Blocks": 0
    },
    "Planning Time": 1.472,
    "Triggers": [],
    "JIT": {
      "Functions": 165,
      "Options": {
        "Inlining": true,
        "Optimization": true,
        "Expressions": true,
        "Deforming": true
      },
      "Timing": {
        "Generation": 20.368,
        "Inlining": 555.031,
        "Optimization": 1394.153,
        "Emission": 999.921,
        "Total": 2969.473
      }
    },
    "Execution Time": 10028.376
  }
]