[
  {
    "Plan": {
      "Node Type": "Aggregate",
      "Strategy": "Plain",
      "Partial Mode": "Finalize",
      "Parallel Aware": false,
      "Async Capable": false,
      "Startup Cost": 1483109.71,
      "Total Cost": 1483109.73,
      "Plan Rows": 1,
      "Plan Width": 8,
      "Actual Startup Time": 15868.444,
      "Actual Total Time": 15879.486,
      "Actual Rows": 1,
      "Actual Loops": 1,
      "Shared Hit Blocks": 2400,
      "Shared Read Blocks": 785366,
      "Shared Dirtied Blocks": 0,
      "Shared Written Blocks": 0,
      "Local Hit Blocks": 0,
      "Local Read Blocks": 0,
      "Local Dirtied Blocks": 0,
      "Local Written Blocks": 0,
      "Temp Read Blocks": 0,
      "Temp Written Blocks": 0,
      "Plans": [
        {
          "Node Type": "Aggregate",
          "Strategy": "Plain",
          "Partial Mode": "Finalize",
          "Parent Relationship": "InitPlan",
          "Subplan Name": "InitPlan 1 (returns $1)",
          "Parallel Aware": false,
          "Async Capable": false,
          "Startup Cost": 741666.89,
          "Total Cost": 741666.9,
          "Plan Rows": 1,
          "Plan Width": 8,
          "Actual Startup Time": 7728.049,
          "Actual Total Time": 7738.891,
          "Actual Rows": 1,
          "Actual Loops": 1,
          "Shared Hit Blocks": 1248,
          "Shared Read Blocks": 392635,
          "Shared Dirtied Blocks": 0,
          "Shared Written Blocks": 0,
          "Local Hit Blocks": 0,
          "Local Read Blocks": 0,
          "Local Dirtied Blocks": 0,
          "Local Written Blocks": 0,
          "Temp Read Blocks": 0,
          "Temp Written Blocks": 0,
          "Plans": [
            {
              "Node Type": "Gather",
              "Parent Relationship": "Outer",
              "Parallel Aware": false,
              "Async Capable": false,
              "Startup Cost": 741666.68,
              "Total Cost": 741666.89,
              "Plan Rows": 2,
              "Plan Width": 8,
              "Actual Startup Time": 7728.024,
              "Actual Total Time": 7738.869,
              "Actual Rows": 3,
              "Actual Loops": 1,
              "Workers Planned": 2,
              "Workers Launched": 2,
              "Single Copy": false,
              "Shared Hit Blocks": 1248,
              "Shared Read Blocks": 392635,
              "Shared Dirtied Blocks": 0,
              "Shared Written Blocks": 0,
              "Local Hit Blocks": 0,
              "Local Read Blocks": 0,
              "Local Dirtied Blocks": 0,
              "Local Written Blocks": 0,
              "Temp Read Blocks": 0,
              "Temp Written Blocks": 0,
              "Plans": [
                {
                  "Node Type": "Aggregate",
                  "Strategy": "Plain",
                  "Partial Mode": "Partial",
                  "Parent Relationship": "Outer",
                  "Parallel Aware": false,
                  "Async Capable": false,
                  "Startup Cost": 740666.68,
                  "Total Cost": 740666.69,
                  "Plan Rows": 1,
                  "Plan Width": 8,
                  "Actual Startup Time": 7568.41,
                  "Actual Total Time": 7568.411,
                  "Actual Rows": 1,
                  "Actual Loops": 3,
                  "Shared Hit Blocks": 1248,
                  "Shared Read Blocks": 392635,
                  "Shared Dirtied Blocks": 0,
                  "Shared Written Blocks": 0,
                  "Local Hit Blocks": 0,
                  "Local Read Blocks": 0,
                  "Local Dirtied Blocks": 0,
                  "Local Written Blocks": 0,
                  "Temp Read Blocks": 0,
                  "Temp Written Blocks": 0,
                  "Workers": [],
                  "Plans": [
                    {
                      "Node Type": "Seq Scan",
                      "Parent Relationship": "Outer",
                      "Parallel Aware": true,
                      "Async Capable": false,
                      "Relation Name": "timeseries",
                      "Alias": "internal",
                      "Startup Cost": 0.0,
                      "Total Cost": 728683.55,
                      "Plan Rows": 4793250,
                      "Plan Width": 0,
                      "Actual Startup Time": 328.814,
                      "Actual Total Time": 6519.69,
                      "Actual Rows": 3744000,
                      "Actual Loops": 3,
                      "Filter": "((datetime >= '2020-02-01 00:00:00'::timestamp without time zone) AND (datetime <= '2020-02-13 23:59:59'::timestamp without time zone))",
                      "Rows Removed by Filter": 14112000,
                      "Shared Hit Blocks": 1248,
                      "Shared Read Blocks": 392635,
                      "Shared Dirtied Blocks": 0,
                      "Shared Written Blocks": 0,
                      "Local Hit Blocks": 0,
                      "Local Read Blocks": 0,
                      "Local Dirtied Blocks": 0,
                      "Local Written Blocks": 0,
                      "Temp Read Blocks": 0,
                      "Temp Written Blocks": 0,
                      "Workers": []
                    }
                  ]
                }
              ]
            }
          ]
        },
        {
          "Node Type": "Gather",
          "Parent Relationship": "Outer",
          "Parallel Aware": false,
          "Async Capable": false,
          "Startup Cost": 741442.59,
          "Total Cost": 741442.8,
          "Plan Rows": 2,
          "Plan Width": 8,
          "Actual Startup Time": 8140.366,
          "Actual Total Time": 8140.571,
          "Actual Rows": 3,
          "Actual Loops": 1,
          "Workers Planned": 2,
          "Workers Launched": 2,
          "Single Copy": false,
          "Shared Hit Blocks": 1152,
          "Shared Read Blocks": 392731,
          "Shared Dirtied Blocks": 0,
          "Shared Written Blocks": 0,
          "Local Hit Blocks": 0,
          "Local Read Blocks": 0,
          "Local Dirtied Blocks": 0,
          "Local Written Blocks": 0,
          "Temp Read Blocks": 0,
          "Temp Written Blocks": 0,
          "Plans": [
            {
              "Node Type": "Aggregate",
              "Strategy": "Plain",
              "Partial Mode": "Partial",
              "Parent Relationship": "Outer",
              "Parallel Aware": false,
              "Async Capable": false,
              "Startup Cost": 740442.59,
              "Total Cost": 740442.6,
              "Plan Rows": 1,
              "Plan Width": 8,
              "Actual Startup Time": 7996.971,
              "Actual Total Time": 7996.974,
              "Actual Rows": 1,
              "Actual Loops": 3,
              "Shared Hit Blocks": 1152,
              "Shared Read Blocks": 392731,
              "Shared Dirtied Blocks": 0,
              "Shared Written Blocks": 0,
              "Local Hit Blocks": 0,
              "Local Read Blocks": 0,
              "Local Dirtied Blocks": 0,
              "Local Written Blocks": 0,
              "Temp Read Blocks": 0,
              "Temp Written Blocks": 0,
              "Workers": [],
              "Plans": [
                {
                  "Node Type": "Seq Scan",
                  "Parent Relationship": "Outer",
                  "Parallel Aware": true,
                  "Async Capable": false,
                  "Relation Name": "timeseries",
                  "Alias": "external",
                  "Startup Cost": 0.0,
                  "Total Cost": 728683.55,
                  "Plan Rows": 4703616,
                  "Plan Width": 0,
                  "Actual Startup Time": 538.187,
                  "Actual Total Time": 6930.621,
                  "Actual Rows": 3669344,
                  "Actual Loops": 3,
                  "Filter": "(status AND (datetime >= '2020-02-01 00:00:00'::timestamp without time zone) AND (datetime <= '2020-02-13 23:59:59'::timestamp without time zone))",
                  "Rows Removed by Filter": 14186656,
                  "Shared Hit Blocks": 1152,
                  "Shared Read Blocks": 392731,
                  "Shared Dirtied Blocks": 0,
                  "Shared Written Blocks": 0,
                  "Local Hit Blocks": 0,
                  "Local Read Blocks": 0,
                  "Local Dirtied Blocks": 0,
                  "Local Written Blocks": 0,
                  "Temp Read Blocks": 0,
                  "Temp Written Blocks": 0,
                  "Workers": []
                }
              ]
            }
          ]
        }
      ]
    },
    "Planning": {
      "Shared Hit Blocks": 71,
      "Shared Read Blocks": 0,
      "Shared Dirtied Blocks": 0,
      "Shared Written Blocks": 0,
      "Local Hit Blocks": 0,
      "Local Read Blocks": 0,
      "Local Dirtied Blocks": 0,
      "Local Written Blocks": 0,
      "Temp Read Blocks": 0,
      "Temp Written Blocks": 0
    },
    "Planning Time": 1.155,
    "Triggers": [],
    "JIT": {
      "Functions": 28,
      "Options": {
        "Inlining": true,
        "Optimization": true,
        "Expressions": true,
        "Deforming": true
      },
      "Timing": {
        "Generation": 11.143,
        "Inlining": 1184.569,
        "Optimization": 763.215,
        "Emission": 419.274,
        "Total": 2378.202
      }
    },
    "Execution Time": 15986.098
  }
]