[
  {
    "Plan": {
      "Node Type": "Aggregate",
      "Strategy": "Plain",
      "Partial Mode": "Finalize",
      "Parallel Aware": false,
      "Async Capable": false,
      "Startup Cost": 1483109.71,
      "Total Cost": 1483109.73,
      "Plan Rows": 1,
      "Plan Width": 8,
      "Actual Startup Time": 15812.691,
      "Actual Total Time": 15823.386,
      "Actual Rows": 1,
      "Actual Loops": 1,
      "Shared Hit Blocks": 10464,
      "Shared Read Blocks": 777302,
      "Shared Dirtied Blocks": 0,
      "Shared Written Blocks": 0,
      "Local Hit Blocks": 0,
      "Local Read Blocks": 0,
      "Local Dirtied Blocks": 0,
      "Local Written Blocks": 0,
      "Temp Read Blocks": 0,
      "Temp Written Blocks": 0,
      "Plans": [
        {
          "Node Type": "Aggregate",
          "Strategy": "Plain",
          "Partial Mode": "Finalize",
          "Parent Relationship": "InitPlan",
          "Subplan Name": "InitPlan 1 (returns $1)",
          "Parallel Aware": false,
          "Async Capable": false,
          "Startup Cost": 741666.89,
          "Total Cost": 741666.9,
          "Plan Rows": 1,
          "Plan Width": 8,
          "Actual Startup Time": 7699.878,
          "Actual Total Time": 7710.372,
          "Actual Rows": 1,
          "Actual Loops": 1,
          "Shared Hit Blocks": 5280,
          "Shared Read Blocks": 388603,
          "Shared Dirtied Blocks": 0,
          "Shared Written Blocks": 0,
          "Local Hit Blocks": 0,
          "Local Read Blocks": 0,
          "Local Dirtied Blocks": 0,
          "Local Written Blocks": 0,
          "Temp Read Blocks": 0,
          "Temp Written Blocks": 0,
          "Plans": [
            {
              "Node Type": "Gather",
              "Parent Relationship": "Outer",
              "Parallel Aware": false,
              "Async Capable": false,
              "Startup Cost": 741666.68,
              "Total Cost": 741666.89,
              "Plan Rows": 2,
              "Plan Width": 8,
              "Actual Startup Time": 7695.06,
              "Actual Total Time": 7710.326,
              "Actual Rows": 3,
              "Actual Loops": 1,
              "Workers Planned": 2,
              "Workers Launched": 2,
              "Single Copy": false,
              "Shared Hit Blocks": 5280,
              "Shared Read Blocks": 388603,
              "Shared Dirtied Blocks": 0,
              "Shared Written Blocks": 0,
              "Local Hit Blocks": 0,
              "Local Read Blocks": 0,
              "Local Dirtied Blocks": 0,
              "Local Written Blocks": 0,
              "Temp Read Blocks": 0,
              "Temp Written Blocks": 0,
              "Plans": [
                {
                  "Node Type": "Aggregate",
                  "Strategy": "Plain",
                  "Partial Mode": "Partial",
                  "Parent Relationship": "Outer",
                  "Parallel Aware": false,
                  "Async Capable": false,
                  "Startup Cost": 740666.68,
                  "Total Cost": 740666.69,
                  "Plan Rows": 1,
                  "Plan Width": 8,
                  "Actual Startup Time": 7542.196,
                  "Actual Total Time": 7542.198,
                  "Actual Rows": 1,
                  "Actual Loops": 3,
                  "Shared Hit Blocks": 5280,
                  "Shared Read Blocks": 388603,
                  "Shared Dirtied Blocks": 0,
                  "Shared Written Blocks": 0,
                  "Local Hit Blocks": 0,
                  "Local Read Blocks": 0,
                  "Local Dirtied Blocks": 0,
                  "Local Written Blocks": 0,
                  "Temp Read Blocks": 0,
                  "Temp Written Blocks": 0,
                  "Workers": [],
                  "Plans": [
                    {
                      "Node Type": "Seq Scan",
                      "Parent Relationship": "Outer",
                      "Parallel Aware": true,
                      "Async Capable": false,
                      "Relation Name": "timeseries",
                      "Alias": "internal",
                      "Startup Cost": 0.0,
                      "Total Cost": 728683.55,
                      "Plan Rows": 4793250,
                      "Plan Width": 0,
                      "Actual Startup Time": 272.166,
                      "Actual Total Time": 6531.479,
                      "Actual Rows": 3744000,
                      "Actual Loops": 3,
                      "Filter": "((datetime >= '2020-02-01 00:00:00'::timestamp without time zone) AND (datetime <= '2020-02-13 23:59:59'::timestamp without time zone))",
                      "Rows Removed by Filter": 14112000,
                      "Shared Hit Blocks": 5280,
                      "Shared Read Blocks": 388603,
                      "Shared Dirtied Blocks": 0,
                      "Shared Written Blocks": 0,
                      "Local Hit Blocks": 0,
                      "Local Read Blocks": 0,
                      "Local Dirtied Blocks": 0,
                      "Local Written Blocks": 0,
                      "Temp Read Blocks": 0,
                      "Temp Written Blocks": 0,
                      "Workers": []
                    }
                  ]
                }
              ]
            }
          ]
        },
        {
          "Node Type": "Gather",
          "Parent Relationship": "Outer",
          "Parallel Aware": false,
          "Async Capable": false,
          "Startup Cost": 741442.59,
          "Total Cost": 741442.8,
          "Plan Rows": 2,
          "Plan Width": 8,
          "Actual Startup Time": 8112.78,
          "Actual Total Time": 8112.985,
          "Actual Rows": 3,
          "Actual Loops": 1,
          "Workers Planned": 2,
          "Workers Launched": 2,
          "Single Copy": false,
          "Shared Hit Blocks": 5184,
          "Shared Read Blocks": 388699,
          "Shared Dirtied Blocks": 0,
          "Shared Written Blocks": 0,
          "Local Hit Blocks": 0,
          "Local Read Blocks": 0,
          "Local Dirtied Blocks": 0,
          "Local Written Blocks": 0,
          "Temp Read Blocks": 0,
          "Temp Written Blocks": 0,
          "Plans": [
            {
              "Node Type": "Aggregate",
              "Strategy": "Plain",
              "Partial Mode": "Partial",
              "Parent Relationship": "Outer",
              "Parallel Aware": false,
              "Async Capable": false,
              "Startup Cost": 740442.59,
              "Total Cost": 740442.6,
              "Plan Rows": 1,
              "Plan Width": 8,
              "Actual Startup Time": 7962.263,
              "Actual Total Time": 7962.265,
              "Actual Rows": 1,
              "Actual Loops": 3,
              "Shared Hit Blocks": 5184,
              "Shared Read Blocks": 388699,
              "Shared Dirtied Blocks": 0,
              "Shared Written Blocks": 0,
              "Local Hit Blocks": 0,
              "Local Read Blocks": 0,
              "Local Dirtied Blocks": 0,
              "Local Written Blocks": 0,
              "Temp Read Blocks": 0,
              "Temp Written Blocks": 0,
              "Workers": [],
              "Plans": [
                {
                  "Node Type": "Seq Scan",
                  "Parent Relationship": "Outer",
                  "Parallel Aware": true,
                  "Async Capable": false,
                  "Relation Name": "timeseries",
                  "Alias": "external",
                  "Startup Cost": 0.0,
                  "Total Cost": 728683.55,
                  "Plan Rows": 4703616,
                  "Plan Width": 0,
                  "Actual Startup Time": 517.771,
                  "Actual Total Time": 6918.398,
                  "Actual Rows": 3669344,
                  "Actual Loops": 3,
                  "Filter": "(status AND (datetime >= '2020-02-01 00:00:00'::timestamp without time zone) AND (datetime <= '2020-02-13 23:59:59'::timestamp without time zone))",
                  "Rows Removed by Filter": 14186656,
                  "Shared Hit Blocks": 5184,
                  "Shared Read Blocks": 388699,
                  "Shared Dirtied Blocks": 0,
                  "Shared Written Blocks": 0,
                  "Local Hit Blocks": 0,
                  "Local Read Blocks": 0,
                  "Local Dirtied Blocks": 0,
                  "Local Written Blocks": 0,
                  "Temp Read Blocks": 0,
                  "Temp Written Blocks": 0,
                  "Workers": []
                }
              ]
            }
          ]
        }
      ]
    },
    "Planning": {
      "Shared Hit Blocks": 71,
      "Shared Read Blocks": 0,
      "Shared Dirtied Blocks": 0,
      "Shared Written Blocks": 0,
      "Local Hit Blocks": 0,
      "Local Read Blocks": 0,
      "Local Dirtied Blocks": 0,
      "Local Written Blocks": 0,
      "Temp Read Blocks": 0,
      "Temp Written Blocks": 0
    },
    "Planning Time": 1.208,
    "Triggers": [],
    "JIT": {
      "Functions": 28,
      "Options": {
        "Inlining": true,
        "Optimization": true,
        "Expressions": true,
        "Deforming": true
      },
      "Timing": {
        "Generation": 11.27,
        "Inlining": 1111.963,
        "Optimization": 706.501,
        "Emission": 361.541,
        "Total": 2191.274
      }
    },
    "Execution Time": 15930.142
  }
]