[
  {
    "Plan": {
      "Node Type": "Aggregate",
      "Strategy": "Sorted",
      "Partial Mode": "Finalize",
      "Parallel Aware": false,
      "Async Capable": false,
      "Startup Cost": 753205.98,
      "Total Cost": 753231.31,
      "Plan Rows": 100,
      "Plan Width": 12,
      "Actual Startup Time": 9937.849,
      "Actual Total Time": 9950.857,
      "Actual Rows": 100,
      "Actual Loops": 1,
      "Group Key": [
        "resource"
      ],
      "Shared Hit Blocks": 302,
      "Shared Read Blocks": 393595,
      "Shared Dirtied Blocks": 0,
      "Shared Written Blocks": 0,
      "Local Hit Blocks": 0,
      "Local Read Blocks": 0,
      "Local Dirtied Blocks": 0,
      "Local Written Blocks": 0,
      "Temp Read Blocks": 0,
      "Temp Written Blocks": 0,
      "Plans": [
        {
          "Node Type": "Gather Merge",
          "Parent Relationship": "Outer",
          "Parallel Aware": false,
          "Async Capable": false,
          "Startup Cost": 753205.98,
          "Total Cost": 753229.31,
          "Plan Rows": 200,
          "Plan Width": 12,
          "Actual Startup Time": 9937.83,
          "Actual Total Time": 9950.705,
          "Actual Rows": 299,
          "Actual Loops": 1,
          "Workers Planned": 2,
          "Workers Launched": 2,
          "Shared Hit Blocks": 302,
          "Shared Read Blocks": 393595,
          "Shared Dirtied Blocks": 0,
          "Shared Written Blocks": 0,
          "Local Hit Blocks": 0,
          "Local Read Blocks": 0,
          "Local Dirtied Blocks": 0,
          "Local Written Blocks": 0,
          "Temp Read Blocks": 0,
          "Temp Written Blocks": 0,
          "Plans": [
            {
              "Node Type": "Sort",
              "Parent Relationship": "Outer",
              "Parallel Aware": false,
              "Async Capable": false,
              "Startup Cost": 752205.95,
              "Total Cost": 752206.2,
              "Plan Rows": 100,
              "Plan Width": 12,
              "Actual Startup Time": 9788.477,
              "Actual Total Time": 9788.495,
              "Actual Rows": 100,
              "Actual Loops": 3,
              "Sort Key": [
                "resource"
              ],
              "Sort Method": "quicksort",
              "Sort Space Used": 30,
              "Sort Space Type": "Memory",
              "Shared Hit Blocks": 302,
              "Shared Read Blocks": 393595,
              "Shared Dirtied Blocks": 0,
              "Shared Written Blocks": 0,
              "Local Hit Blocks": 0,
              "Local Read Blocks": 0,
              "Local Dirtied Blocks": 0,
              "Local Written Blocks": 0,
              "Temp Read Blocks": 0,
              "Temp Written Blocks": 0,
              "Workers": [
                {
                  "Worker Number": 0,
                  "Sort Method": "quicksort",
                  "Sort Space Used": 30,
                  "Sort Space Type": "Memory"
                },
                {
                  "Worker Number": 1,
                  "Sort Method": "quicksort",
                  "Sort Space Used": 30,
                  "Sort Space Type": "Memory"
                }
              ],
              "Plans": [
                {
                  "Node Type": "Aggregate",
                  "Strategy": "Hashed",
                  "Partial Mode": "Partial",
                  "Parent Relationship": "Outer",
                  "Parallel Aware": false,
                  "Async Capable": false,
                  "Startup Cost": 752201.63,
                  "Total Cost": 752202.63,
                  "Plan Rows": 100,
                  "Plan Width": 12,
                  "Actual Startup Time": 9788.28,
                  "Actual Total Time": 9788.327,
                  "Actual Rows": 100,
                  "Actual Loops": 3,
                  "Group Key": [
                    "resource"
                  ],
                  "Planned Partitions": 0,
                  "HashAgg Batches": 1,
                  "Peak Memory Usage": 40,
                  "Disk Usage": 0,
                  "Shared Hit Blocks": 288,
                  "Shared Read Blocks": 393595,
                  "Shared Dirtied Blocks": 0,
                  "Shared Written Blocks": 0,
                  "Local Hit Blocks": 0,
                  "Local Read Blocks": 0,
                  "Local Dirtied Blocks": 0,
                  "Local Written Blocks": 0,
                  "Temp Read Blocks": 0,
                  "Temp Written Blocks": 0,
                  "Workers": [
                    {
                      "Worker Number": 0,
                      "HashAgg Batches": 1,
                      "Peak Memory Usage": 40,
                      "Disk Usage": 0
                    },
                    {
                      "Worker Number": 1,
                      "HashAgg Batches": 1,
                      "Peak Memory Usage": 32,
                      "Disk Usage": 0
                    }
                  ],
                  "Plans": [
                    {
                      "Node Type": "Seq Scan",
                      "Parent Relationship": "Outer",
                      "Parallel Aware": true,
                      "Async Capable": false,
                      "Relation Name": "timeseries",
                      "Alias": "timeseries",
                      "Startup Cost": 0.0,
                      "Total Cost": 728683.55,
                      "Plan Rows": 4703616,
                      "Plan Width": 4,
                      "Actual Startup Time": 671.254,
                      "Actual Total Time": 7123.417,
                      "Actual Rows": 3669344,
                      "Actual Loops": 3,
                      "Filter": "(status AND (datetime >= '2020-02-01 00:00:00'::timestamp without time zone) AND (datetime <= '2020-02-13 23:59:59'::timestamp without time zone))",
                      "Rows Removed by Filter": 14186656,
                      "Shared Hit Blocks": 288,
                      "Shared Read Blocks": 393595,
                      "Shared Dirtied Blocks": 0,
                      "Shared Written Blocks": 0,
                      "Local Hit Blocks": 0,
                      "Local Read Blocks": 0,
                      "Local Dirtied Blocks": 0,
                      "Local Written Blocks": 0,
                      "Temp Read Blocks": 0,
                      "Temp Written Blocks": 0,
                      "Workers": []
                    }
                  ]
                }
              ]
            }
          ]
        }
      ]
    },
    "Planning": {
      "Shared Hit Blocks": 91,
      "Shared Read Blocks": 0,
      "Shared Dirtied Blocks": 0,
      "Shared Written Blocks": 0,
      "Local Hit Blocks": 0,
      "Local Read Blocks": 0,
      "Local Dirtied Blocks": 0,
      "Local Written Blocks": 0,
      "Temp Read Blocks": 0,
      "Temp Written Blocks": 0
    },
    "Planning Time": 1.236,
    "Triggers": [],
    "JIT": {
      "Functions": 27,
      "Options": {
        "Inlining": true,
        "Optimization": true,
        "Expressions": true,
        "Deforming": true
      },
      "Timing": {
        "Generation": 9.595,
        "Inlining": 732.608,
        "Optimization": 750.574,
        "Emission": 433.019,
        "Total": 1925.796
      }
    },
    "Execution Time": 10056.241
  }
]