[
  {
    "Plan": {
      "Node Type": "Aggregate",
      "Strategy": "Sorted",
      "Partial Mode": "Simple",
      "Parallel Aware": false,
      "Async Capable": false,
      "Startup Cost": 1655430.52,
      "Total Cost": 291942983.77,
      "Plan Rows": 535682200,
      "Plan Width": 28,
      "Actual Startup Time": 8684.21,
      "Actual Total Time": 11380.431,
      "Actual Rows": 310,
      "Actual Loops": 1,
      "Group Key": [
        "external.resource",
        "(date_trunc('day'::text, external.datetime))",
        "(count(*))"
      ],
      "Shared Hit Blocks": 45939,
      "Shared Read Blocks": 173247,
      "Shared Dirtied Blocks": 0,
      "Shared Written Blocks": 0,
      "Local Hit Blocks": 0,
      "Local Read Blocks": 0,
      "Local Dirtied Blocks": 0,
      "Local Written Blocks": 0,
      "Temp Read Blocks": 67998,
      "Temp Written Blocks": 117932,
      "Plans": [
        {
          "Node Type": "Incremental Sort",
          "Parent Relationship": "Outer",
          "Parallel Aware": false,
          "Async Capable": false,
          "Startup Cost": 1655430.52,
          "Total Cost": 262310599.28,
          "Plan Rows": 1757953499,
          "Plan Width": 20,
          "Actual Startup Time": 8676.447,
          "Actual Total Time": 11136.592,
          "Actual Rows": 2624996,
          "Actual Loops": 1,
          "Sort Key": [
            "external.resource",
            "(date_trunc('day'::text, external.datetime))",
            "(count(*))"
          ],
          "Presorted Key": [
            "external.resource",
            "(date_trunc('day'::text, external.datetime))"
          ],
          "Full-sort Groups": {
            "Group Count": 310,
            "Sort Methods Used": [
              "quicksort"
            ],
            "Sort Space Memory": {
              "Average Sort Space Used": 29,
              "Peak Sort Space Used": 29
            }
          },
          "Pre-sorted Groups": {
            "Group Count": 310,
            "Sort Methods Used": [
              "quicksort"
            ],
            "Sort Space Memory": {
              "Average Sort Space Used": 916,
              "Peak Sort Space Used": 917
            }
          },
          "Shared Hit Blocks": 45939,
          "Shared Read Blocks": 173247,
          "Shared Dirtied Blocks": 0,
          "Shared Written Blocks": 0,
          "Local Hit Blocks": 0,
          "Local Read Blocks": 0,
          "Local Dirtied Blocks": 0,
          "Local Written Blocks": 0,
          "Temp Read Blocks": 67998,
          "Temp Written Blocks": 117932,
          "Plans": [
            {
              "Node Type": "Merge Join",
              "Parent Relationship": "Outer",
              "Parallel Aware": false,
              "Async Capable": false,
              "Join Type": "Inner",
              "Startup Cost": 1649518.31,
              "Total Cost": 27071450.77,
              "Plan Rows": 1757953499,
              "Plan Width": 20,
              "Actual Startup Time": 8669.754,
              "Actual Total Time": 10573.996,
              "Actual Rows": 2624996,
              "Actual Loops": 1,
              "Inner Unique": true,
              "Merge Cond": "((external.resource = internal.resource) AND (date_trunc('day'::text, external.datetime) = (date_trunc('day'::text, internal.datetime))))",
              "Shared Hit Blocks": 45936,
              "Shared Read Blocks": 173247,
              "Shared Dirtied Blocks": 0,
              "Shared Written Blocks": 0,
              "Local Hit Blocks": 0,
              "Local Read Blocks": 0,
              "Local Dirtied Blocks": 0,
              "Local Written Blocks": 0,
              "Temp Read Blocks": 67998,
              "Temp Written Blocks": 117932,
              "Plans": [
                {
                  "Node Type": "Gather Merge",
                  "Parent Relationship": "Outer",
                  "Parallel Aware": false,
                  "Async Capable": false,
                  "Startup Cost": 1153727.06,
                  "Total Cost": 4297201.76,
                  "Plan Rows": 26253678,
                  "Plan Width": 12,
                  "Actual Startup Time": 3540.426,
                  "Actual Total Time": 6451.87,
                  "Actual Rows": 13124498,
                  "Actual Loops": 1,
                  "Workers Planned": 4,
                  "Workers Launched": 4,
                  "Shared Hit Blocks": 23947,
                  "Shared Read Blocks": 173247,
                  "Shared Dirtied Blocks": 0,
                  "Shared Written Blocks": 0,
                  "Local Hit Blocks": 0,
                  "Local Read Blocks": 0,
                  "Local Dirtied Blocks": 0,
                  "Local Written Blocks": 0,
                  "Temp Read Blocks": 59471,
                  "Temp Written Blocks": 109392,
                  "Plans": [
                    {
                      "Node Type": "Sort",
                      "Parent Relationship": "Outer",
                      "Parallel Aware": false,
                      "Async Capable": false,
                      "Startup Cost": 1152727.0,
                      "Total Cost": 1169135.55,
                      "Plan Rows": 6563420,
                      "Plan Width": 12,
                      "Actual Startup Time": 3476.757,
                      "Actual Total Time": 3842.203,
                      "Actual Rows": 2625862,
                      "Actual Loops": 5,
                      "Sort Key": [
                        "external.resource",
                        "(date_trunc('day'::text, external.datetime))"
                      ],
                      "Sort Method": "external merge",
                      "Sort Space Used": 175688,
                      "Sort Space Type": "Disk",
                      "Shared Hit Blocks": 23947,
                      "Shared Read Blocks": 173247,
                      "Shared Dirtied Blocks": 0,
                      "Shared Written Blocks": 0,
                      "Local Hit Blocks": 0,
                      "Local Read Blocks": 0,
                      "Local Dirtied Blocks": 0,
                      "Local Written Blocks": 0,
                      "Temp Read Blocks": 59471,
                      "Temp Written Blocks": 109392,
                      "Workers": [
                        {
                          "Worker Number": 0,
                          "Sort Method": "external merge",
                          "Sort Space Used": 175576,
                          "Sort Space Type": "Disk"
                        },
                        {
                          "Worker Number": 1,
                          "Sort Method": "external merge",
                          "Sort Space Used": 201376,
                          "Sort Space Type": "Disk"
                        },
                        {
                          "Worker Number": 2,
                          "Sort Method": "external merge",
                          "Sort Space Used": 155936,
                          "Sort Space Type": "Disk"
                        },
                        {
                          "Worker Number": 3,
                          "Sort Method": "external merge",
                          "Sort Space Used": 165408,
                          "Sort Space Type": "Disk"
                        }
                      ],
                      "Plans": [
                        {
                          "Node Type": "Seq Scan",
                          "Parent Relationship": "Outer",
                          "Parallel Aware": true,
                          "Async Capable": false,
                          "Relation Name": "timeseries",
                          "Alias": "external",
                          "Startup Cost": 0.0,
                          "Total Cost": 297382.42,
                          "Plan Rows": 6563420,
                          "Plan Width": 12,
                          "Actual Startup Time": 191.99,
                          "Actual Total Time": 1804.169,
                          "Actual Rows": 5249684,
                          "Actual Loops": 5,
                          "Filter": "(status AND (datetime >= '2020-01-01 00:00:00'::timestamp without time zone) AND (datetime <= '2020-01-31 23:59:49'::timestamp without time zone))",
                          "Rows Removed by Filter": 107116,
                          "Shared Hit Blocks": 23695,
                          "Shared Read Blocks": 173247,
                          "Shared Dirtied Blocks": 0,
                          "Shared Written Blocks": 0,
                          "Local Hit Blocks": 0,
                          "Local Read Blocks": 0,
                          "Local Dirtied Blocks": 0,
                          "Local Written Blocks": 0,
                          "Temp Read Blocks": 0,
                          "Temp Written Blocks": 0,
                          "Workers": []
                        }
                      ]
                    }
                  ]
                },
                {
                  "Node Type": "Aggregate",
                  "Strategy": "Sorted",
                  "Partial Mode": "Simple",
                  "Parent Relationship": "Inner",
                  "Parallel Aware": false,
                  "Async Capable": false,
                  "Startup Cost": 495791.25,
                  "Total Cost": 556055.5,
                  "Plan Rows": 2678411,
                  "Plan Width": 20,
                  "Actual Startup Time": 1384.176,
                  "Actual Total Time": 1896.314,
                  "Actual Rows": 320,
                  "Actual Loops": 1,
                  "Group Key": [
                    "internal.resource",
                    "(date_trunc('day'::text, internal.datetime))"
                  ],
                  "Shared Hit Blocks": 21989,
                  "Shared Read Blocks": 0,
                  "Shared Dirtied Blocks": 0,
                  "Shared Written Blocks": 0,
                  "Local Hit Blocks": 0,
                  "Local Read Blocks": 0,
                  "Local Dirtied Blocks": 0,
                  "Local Written Blocks": 0,
                  "Temp Read Blocks": 8527,
                  "Temp Written Blocks": 8540,
                  "Plans": [
                    {
                      "Node Type": "Sort",
                      "Parent Relationship": "Outer",
                      "Parallel Aware": false,
                      "Async Capable": false,
                      "Startup Cost": 495791.25,
                      "Total Cost": 502487.28,
                      "Plan Rows": 2678411,
                      "Plan Width": 12,
                      "Actual Startup Time": 1382.496,
                      "Actual Total Time": 1665.025,
                      "Actual Rows": 2678400,
                      "Actual Loops": 1,
                      "Sort Key": [
                        "internal.resource",
                        "(date_trunc('day'::text, internal.datetime))"
                      ],
                      "Sort Method": "external merge",
                      "Sort Space Used": 68216,
                      "Sort Space Type": "Disk",
                      "Shared Hit Blocks": 21989,
                      "Shared Read Blocks": 0,
                      "Shared Dirtied Blocks": 0,
                      "Shared Written Blocks": 0,
                      "Local Hit Blocks": 0,
                      "Local Read Blocks": 0,
                      "Local Dirtied Blocks": 0,
                      "Local Written Blocks": 0,
                      "Temp Read Blocks": 8527,
                      "Temp Written Blocks": 8540,
                      "Plans": [
                        {
                          "Node Type": "Nested Loop",
                          "Parent Relationship": "Outer",
                          "Parallel Aware": false,
                          "Async Capable": false,
                          "Join Type": "Inner",
                          "Startup Cost": 0.44,
                          "Total Cost": 164054.93,
                          "Plan Rows": 2678411,
                          "Plan Width": 12,
                          "Actual Startup Time": 0.047,
                          "Actual Total Time": 893.689,
                          "Actual Rows": 2678400,
                          "Actual Loops": 1,
                          "Inner Unique": false,
                          "Shared Hit Blocks": 21989,
                          "Shared Read Blocks": 0,
                          "Shared Dirtied Blocks": 0,
                          "Shared Written Blocks": 0,
                          "Local Hit Blocks": 0,
                          "Local Read Blocks": 0,
                          "Local Dirtied Blocks": 0,
                          "Local Written Blocks": 0,
                          "Temp Read Blocks": 0,
                          "Temp Written Blocks": 0,
                          "Plans": [
                            {
                              "Node Type": "Seq Scan",
                              "Parent Relationship": "Outer",
                              "Parallel Aware": false,
                              "Async Capable": false,
                              "Relation Name": "resources",
                              "Alias": "r",
                              "Startup Cost": 0.0,
                              "Total Cost": 2.25,
                              "Plan Rows": 10,
                              "Plan Width": 4,
                              "Actual Startup Time": 0.014,
                              "Actual Total Time": 0.036,
                              "Actual Rows": 10,
                              "Actual Loops": 1,
                              "Filter": "(r_group = 5)",
                              "Rows Removed by Filter": 90,
                              "Shared Hit Blocks": 1,
                              "Shared Read Blocks": 0,
                              "Shared Dirtied Blocks": 0,
                              "Shared Written Blocks": 0,
                              "Local Hit Blocks": 0,
                              "Local Read Blocks": 0,
                              "Local Dirtied Blocks": 0,
                              "Local Written Blocks": 0,
                              "Temp Read Blocks": 0,
                              "Temp Written Blocks": 0
                            },
                            {
                              "Node Type": "Index Scan",
                              "Parent Relationship": "Inner",
                              "Parallel Aware": false,
                              "Async Capable": false,
                              "Scan Direction": "Forward",
                              "Index Name": "timeseries_resource_index",
                              "Relation Name": "timeseries",
                              "Alias": "internal",
                              "Startup Cost": 0.44,
                              "Total Cost": 13057.26,
                              "Plan Rows": 267841,
                              "Plan Width": 12,
                              "Actual Startup Time": 0.012,
                              "Actual Total Time": 36.221,
                              "Actual Rows": 267840,
                              "Actual Loops": 10,
                              "Index Cond": "(resource = r.id)",
                              "Rows Removed by Index Recheck": 0,
                              "Shared Hit Blocks": 21988,
                              "Shared Read Blocks": 0,
                              "Shared Dirtied Blocks": 0,
                              "Shared Written Blocks": 0,
                              "Local Hit Blocks": 0,
                              "Local Read Blocks": 0,
                              "Local Dirtied Blocks": 0,
                              "Local Written Blocks": 0,
                              "Temp Read Blocks": 0,
                              "Temp Written Blocks": 0
                            }
                          ]
                        }
                      ]
                    }
                  ]
                }
              ]
            }
          ]
        }
      ]
    },
    "Planning": {
      "Shared Hit Blocks": 220,
      "Shared Read Blocks": 0,
      "Shared Dirtied Blocks": 0,
      "Shared Written Blocks": 0,
      "Local Hit Blocks": 0,
      "Local Read Blocks": 0,
      "Local Dirtied Blocks": 0,
      "Local Written Blocks": 0,
      "Temp Read Blocks": 0,
      "Temp Written Blocks": 0
    },
    "Planning Time": 1.162,
    "Triggers": [],
    "JIT": {
      "Functions": 41,
      "Options": {
        "Inlining": true,
        "Optimization": true,
        "Expressions": true,
        "Deforming": true
      },
      "Timing": {
        "Generation": 3.909,
        "Inlining": 377.755,
        "Optimization": 309.134,
        "Emission": 272.059,
        "Total": 962.856
      }
    },
    "Execution Time": 11448.66
  }
]