[
  {
    "Plan": {
      "Node Type": "Aggregate",
      "Strategy": "Sorted",
      "Partial Mode": "Finalize",
      "Parallel Aware": false,
      "Async Capable": false,
      "Startup Cost": 672295.33,
      "Total Cost": 672333.33,
      "Plan Rows": 100,
      "Plan Width": 12,
      "Actual Startup Time": 10194.869,
      "Actual Total Time": 10207.116,
      "Actual Rows": 100,
      "Actual Loops": 1,
      "Group Key": [
        "resource"
      ],
      "Shared Hit Blocks": 1173,
      "Shared Read Blocks": 392731,
      "Shared Dirtied Blocks": 0,
      "Shared Written Blocks": 0,
      "Local Hit Blocks": 0,
      "Local Read Blocks": 0,
      "Local Dirtied Blocks": 0,
      "Local Written Blocks": 0,
      "Temp Read Blocks": 0,
      "Temp Written Blocks": 0,
      "Plans": [
        {
          "Node Type": "Gather Merge",
          "Parent Relationship": "Outer",
          "Parallel Aware": false,
          "Async Capable": false,
          "Startup Cost": 672295.33,
          "Total Cost": 672330.83,
          "Plan Rows": 300,
          "Plan Width": 12,
          "Actual Startup Time": 10194.847,
          "Actual Total Time": 10206.934,
          "Actual Rows": 400,
          "Actual Loops": 1,
          "Workers Planned": 3,
          "Workers Launched": 3,
          "Shared Hit Blocks": 1173,
          "Shared Read Blocks": 392731,
          "Shared Dirtied Blocks": 0,
          "Shared Written Blocks": 0,
          "Local Hit Blocks": 0,
          "Local Read Blocks": 0,
          "Local Dirtied Blocks": 0,
          "Local Written Blocks": 0,
          "Temp Read Blocks": 0,
          "Temp Written Blocks": 0,
          "Plans": [
            {
              "Node Type": "Sort",
              "Parent Relationship": "Outer",
              "Parallel Aware": false,
              "Async Capable": false,
              "Startup Cost": 671295.29,
              "Total Cost": 671295.54,
              "Plan Rows": 100,
              "Plan Width": 12,
              "Actual Startup Time": 9992.747,
              "Actual Total Time": 9992.765,
              "Actual Rows": 100,
              "Actual Loops": 4,
              "Sort Key": [
                "resource"
              ],
              "Sort Method": "quicksort",
              "Sort Space Used": 30,
              "Sort Space Type": "Memory",
              "Shared Hit Blocks": 1173,
              "Shared Read Blocks": 392731,
              "Shared Dirtied Blocks": 0,
              "Shared Written Blocks": 0,
              "Local Hit Blocks": 0,
              "Local Read Blocks": 0,
              "Local Dirtied Blocks": 0,
              "Local Written Blocks": 0,
              "Temp Read Blocks": 0,
              "Temp Written Blocks": 0,
              "Workers": [
                {
                  "Worker Number": 0,
                  "Sort Method": "quicksort",
                  "Sort Space Used": 30,
                  "Sort Space Type": "Memory"
                },
                {
                  "Worker Number": 1,
                  "Sort Method": "quicksort",
                  "Sort Space Used": 30,
                  "Sort Space Type": "Memory"
                },
                {
                  "Worker Number": 2,
                  "Sort Method": "quicksort",
                  "Sort Space Used": 30,
                  "Sort Space Type": "Memory"
                }
              ],
              "Plans": [
                {
                  "Node Type": "Aggregate",
                  "Strategy": "Hashed",
                  "Partial Mode": "Partial",
                  "Parent Relationship": "Outer",
                  "Parallel Aware": false,
                  "Async Capable": false,
                  "Startup Cost": 671290.97,
                  "Total Cost": 671291.97,
                  "Plan Rows": 100,
                  "Plan Width": 12,
                  "Actual Startup Time": 9992.541,
                  "Actual Total Time": 9992.588,
                  "Actual Rows": 100,
                  "Actual Loops": 4,
                  "Group Key": [
                    "resource"
                  ],
                  "Planned Partitions": 0,
                  "HashAgg Batches": 1,
                  "Peak Memory Usage": 40,
                  "Disk Usage": 0,
                  "Shared Hit Blocks": 1152,
                  "Shared Read Blocks": 392731,
                  "Shared Dirtied Blocks": 0,
                  "Shared Written Blocks": 0,
                  "Local Hit Blocks": 0,
                  "Local Read Blocks": 0,
                  "Local Dirtied Blocks": 0,
                  "Local Written Blocks": 0,
                  "Temp Read Blocks": 0,
                  "Temp Written Blocks": 0,
                  "Workers": [
                    {
                      "Worker Number": 0,
                      "HashAgg Batches": 1,
                      "Peak Memory Usage": 40,
                      "Disk Usage": 0
                    },
                    {
                      "Worker Number": 1,
                      "HashAgg Batches": 1,
                      "Peak Memory Usage": 40,
                      "Disk Usage": 0
                    },
                    {
                      "Worker Number": 2,
                      "HashAgg Batches": 1,
                      "Peak Memory Usage": 40,
                      "Disk Usage": 0
                    }
                  ],
                  "Plans": [
                    {
                      "Node Type": "Seq Scan",
                      "Parent Relationship": "Outer",
                      "Parallel Aware": true,
                      "Async Capable": false,
                      "Relation Name": "timeseries",
                      "Alias": "timeseries",
                      "Startup Cost": 0.0,
                      "Total Cost": 653083.43,
                      "Plan Rows": 3641509,
                      "Plan Width": 4,
                      "Actual Startup Time": 899.589,
                      "Actual Total Time": 7474.162,
                      "Actual Rows": 2752008,
                      "Actual Loops": 4,
                      "Filter": "(status AND (datetime >= '2020-02-01 00:00:00'::timestamp without time zone) AND (datetime <= '2020-02-13 23:59:59'::timestamp without time zone))",
                      "Rows Removed by Filter": 10639992,
                      "Shared Hit Blocks": 1152,
                      "Shared Read Blocks": 392731,
                      "Shared Dirtied Blocks": 0,
                      "Shared Written Blocks": 0,
                      "Local Hit Blocks": 0,
                      "Local Read Blocks": 0,
                      "Local Dirtied Blocks": 0,
                      "Local Written Blocks": 0,
                      "Temp Read Blocks": 0,
                      "Temp Written Blocks": 0,
                      "Workers": []
                    }
                  ]
                }
              ]
            }
          ]
        }
      ]
    },
    "Planning": {
      "Shared Hit Blocks": 91,
      "Shared Read Blocks": 0,
      "Shared Dirtied Blocks": 0,
      "Shared Written Blocks": 0,
      "Local Hit Blocks": 0,
      "Local Read Blocks": 0,
      "Local Dirtied Blocks": 0,
      "Local Written Blocks": 0,
      "Temp Read Blocks": 0,
      "Temp Written Blocks": 0
    },
    "Planning Time": 1.233,
    "Triggers": [],
    "JIT": {
      "Functions": 35,
      "Options": {
        "Inlining": true,
        "Optimization": true,
        "Expressions": true,
        "Deforming": true
      },
      "Timing": {
        "Generation": 40.913,
        "Inlining": 1290.92,
        "Optimization": 1366.281,
        "Emission": 815.024,
        "Total": 3513.138
      }
    },
    "Execution Time": 10314.568
  }
]