[
  {
    "Plan": {
      "Node Type": "Aggregate",
      "Strategy": "Plain",
      "Partial Mode": "Finalize",
      "Parallel Aware": false,
      "Async Capable": false,
      "Startup Cost": 583108.66,
      "Total Cost": 583108.68,
      "Plan Rows": 1,
      "Plan Width": 16,
      "Actual Startup Time": 3196.879,
      "Actual Total Time": 3203.065,
      "Actual Rows": 1,
      "Actual Loops": 1,
      "Shared Hit Blocks": 1728,
      "Shared Read Blocks": 392156,
      "Shared Dirtied Blocks": 0,
      "Shared Written Blocks": 0,
      "Local Hit Blocks": 0,
      "Local Read Blocks": 0,
      "Local Dirtied Blocks": 0,
      "Local Written Blocks": 0,
      "Temp Read Blocks": 0,
      "Temp Written Blocks": 0,
      "Plans": [
        {
          "Node Type": "Aggregate",
          "Strategy": "Plain",
          "Partial Mode": "Finalize",
          "Parent Relationship": "InitPlan",
          "Subplan Name": "InitPlan 1 (returns $1)",
          "Parallel Aware": false,
          "Async Capable": false,
          "Startup Cost": 291686.91,
          "Total Cost": 291686.92,
          "Plan Rows": 1,
          "Plan Width": 8,
          "Actual Startup Time": 1560.767,
          "Actual Total Time": 1566.852,
          "Actual Rows": 1,
          "Actual Loops": 1,
          "Shared Hit Blocks": 960,
          "Shared Read Blocks": 195982,
          "Shared Dirtied Blocks": 0,
          "Shared Written Blocks": 0,
          "Local Hit Blocks": 0,
          "Local Read Blocks": 0,
          "Local Dirtied Blocks": 0,
          "Local Written Blocks": 0,
          "Temp Read Blocks": 0,
          "Temp Written Blocks": 0,
          "Plans": [
            {
              "Node Type": "Gather",
              "Parent Relationship": "Outer",
              "Parallel Aware": false,
              "Async Capable": false,
              "Startup Cost": 291686.39,
              "Total Cost": 291686.9,
              "Plan Rows": 5,
              "Plan Width": 8,
              "Actual Startup Time": 1558.014,
              "Actual Total Time": 1566.84,
              "Actual Rows": 6,
              "Actual Loops": 1,
              "Workers Planned": 5,
              "Workers Launched": 5,
              "Single Copy": false,
              "Shared Hit Blocks": 960,
              "Shared Read Blocks": 195982,
              "Shared Dirtied Blocks": 0,
              "Shared Written Blocks": 0,
              "Local Hit Blocks": 0,
              "Local Read Blocks": 0,
              "Local Dirtied Blocks": 0,
              "Local Written Blocks": 0,
              "Temp Read Blocks": 0,
              "Temp Written Blocks": 0,
              "Plans": [
                {
                  "Node Type": "Aggregate",
                  "Strategy": "Plain",
                  "Partial Mode": "Partial",
                  "Parent Relationship": "Outer",
                  "Parallel Aware": false,
                  "Async Capable": false,
                  "Startup Cost": 290686.39,
                  "Total Cost": 290686.4,
                  "Plan Rows": 1,
                  "Plan Width": 8,
                  "Actual Startup Time": 1506.129,
                  "Actual Total Time": 1506.13,
                  "Actual Rows": 1,
                  "Actual Loops": 6,
                  "Shared Hit Blocks": 960,
                  "Shared Read Blocks": 195982,
                  "Shared Dirtied Blocks": 0,
                  "Shared Written Blocks": 0,
                  "Local Hit Blocks": 0,
                  "Local Read Blocks": 0,
                  "Local Dirtied Blocks": 0,
                  "Local Written Blocks": 0,
                  "Temp Read Blocks": 0,
                  "Temp Written Blocks": 0,
                  "Workers": [],
                  "Plans": [
                    {
                      "Node Type": "Seq Scan",
                      "Parent Relationship": "Outer",
                      "Parallel Aware": true,
                      "Async Capable": false,
                      "Relation Name": "timeseries",
                      "Alias": "internal",
                      "Startup Cost": 0.0,
                      "Total Cost": 277294.34,
                      "Plan Rows": 5356820,
                      "Plan Width": 0,
                      "Actual Startup Time": 112.884,
                      "Actual Total Time": 982.055,
                      "Actual Rows": 4463983,
                      "Actual Loops": 6,
                      "Filter": "((datetime >= '2020-01-01 00:00:00'::timestamp without time zone) AND (datetime <= '2020-01-31 23:59:59'::timestamp without time zone))",
                      "Rows Removed by Filter": 17,
                      "Shared Hit Blocks": 960,
                      "Shared Read Blocks": 195982,
                      "Shared Dirtied Blocks": 0,
                      "Shared Written Blocks": 0,
                      "Local Hit Blocks": 0,
                      "Local Read Blocks": 0,
                      "Local Dirtied Blocks": 0,
                      "Local Written Blocks": 0,
                      "Temp Read Blocks": 0,
                      "Temp Written Blocks": 0,
                      "Workers": []
                    }
                  ]
                }
              ]
            }
          ]
        },
        {
          "Node Type": "Gather",
          "Parent Relationship": "Outer",
          "Parallel Aware": false,
          "Async Capable": false,
          "Startup Cost": 291421.22,
          "Total Cost": 291421.73,
          "Plan Rows": 5,
          "Plan Width": 8,
          "Actual Startup Time": 1631.281,
          "Actual Total Time": 1636.194,
          "Actual Rows": 6,
          "Actual Loops": 1,
          "Workers Planned": 5,
          "Workers Launched": 5,
          "Single Copy": false,
          "Shared Hit Blocks": 768,
          "Shared Read Blocks": 196174,
          "Shared Dirtied Blocks": 0,
          "Shared Written Blocks": 0,
          "Local Hit Blocks": 0,
          "Local Read Blocks": 0,
          "Local Dirtied Blocks": 0,
          "Local Written Blocks": 0,
          "Temp Read Blocks": 0,
          "Temp Written Blocks": 0,
          "Plans": [
            {
              "Node Type": "Aggregate",
              "Strategy": "Plain",
              "Partial Mode": "Partial",
              "Parent Relationship": "Outer",
              "Parallel Aware": false,
              "Async Capable": false,
              "Startup Cost": 290421.22,
              "Total Cost": 290421.23,
              "Plan Rows": 1,
              "Plan Width": 8,
              "Actual Startup Time": 1550.314,
              "Actual Total Time": 1550.315,
              "Actual Rows": 1,
              "Actual Loops": 6,
              "Shared Hit Blocks": 768,
              "Shared Read Blocks": 196174,
              "Shared Dirtied Blocks": 0,
              "Shared Written Blocks": 0,
              "Local Hit Blocks": 0,
              "Local Read Blocks": 0,
              "Local Dirtied Blocks": 0,
              "Local Written Blocks": 0,
              "Temp Read Blocks": 0,
              "Temp Written Blocks": 0,
              "Workers": [],
              "Plans": [
                {
                  "Node Type": "Seq Scan",
                  "Parent Relationship": "Outer",
                  "Parallel Aware": true,
                  "Async Capable": false,
                  "Relation Name": "timeseries",
                  "Alias": "external",
                  "Startup Cost": 0.0,
                  "Total Cost": 277294.34,
                  "Plan Rows": 5250755,
                  "Plan Width": 0,
                  "Actual Startup Time": 174.682,
                  "Actual Total Time": 1053.63,
                  "Actual Rows": 4374753,
                  "Actual Loops": 6,
                  "Filter": "(status AND (datetime >= '2020-01-01 00:00:00'::timestamp without time zone) AND (datetime <= '2020-01-31 23:59:59'::timestamp without time zone))",
                  "Rows Removed by Filter": 89247,
                  "Shared Hit Blocks": 768,
                  "Shared Read Blocks": 196174,
                  "Shared Dirtied Blocks": 0,
                  "Shared Written Blocks": 0,
                  "Local Hit Blocks": 0,
                  "Local Read Blocks": 0,
                  "Local Dirtied Blocks": 0,
                  "Local Written Blocks": 0,
                  "Temp Read Blocks": 0,
                  "Temp Written Blocks": 0,
                  "Workers": []
                }
              ]
            }
          ]
        }
      ]
    },
    "Planning": {
      "Shared Hit Blocks": 126,
      "Shared Read Blocks": 0,
      "Shared Dirtied Blocks": 0,
      "Shared Written Blocks": 0,
      "Local Hit Blocks": 0,
      "Local Read Blocks": 0,
      "Local Dirtied Blocks": 0,
      "Local Written Blocks": 0,
      "Temp Read Blocks": 0,
      "Temp Written Blocks": 0
    },
    "Planning Time": 0.686,
    "Triggers": [],
    "JIT": {
      "Functions": 52,
      "Options": {
        "Inlining": true,
        "Optimization": true,
        "Expressions": true,
        "Deforming": true
      },
      "Timing": {
        "Generation": 5.955,
        "Inlining": 1021.906,
        "Optimization": 456.631,
        "Emission": 244.816,
        "Total": 1729.309
      }
    },
    "Execution Time": 3236.653
  }
]