[
  {
    "Plan": {
      "Node Type": "Aggregate",
      "Strategy": "Sorted",
      "Partial Mode": "Simple",
      "Parallel Aware": false,
      "Async Capable": false,
      "Startup Cost": 1869446.09,
      "Total Cost": 288601919.76,
      "Plan Rows": 535682200,
      "Plan Width": 28,
      "Actual Startup Time": 8678.65,
      "Actual Total Time": 10767.074,
      "Actual Rows": 310,
      "Actual Loops": 1,
      "Group Key": [
        "external.resource",
        "(date_trunc('day'::text, external.datetime))",
        "(count(*))"
      ],
      "Shared Hit Blocks": 152066,
      "Shared Read Blocks": 177055,
      "Shared Dirtied Blocks": 0,
      "Shared Written Blocks": 0,
      "Local Hit Blocks": 0,
      "Local Read Blocks": 0,
      "Local Dirtied Blocks": 0,
      "Local Written Blocks": 0,
      "Temp Read Blocks": 274709,
      "Temp Written Blocks": 328325,
      "Plans": [
        {
          "Node Type": "Gather Merge",
          "Parent Relationship": "Outer",
          "Parallel Aware": false,
          "Async Capable": false,
          "Startup Cost": 1869446.09,
          "Total Cost": 258969535.27,
          "Plan Rows": 1757953499,
          "Plan Width": 20,
          "Actual Startup Time": 8675.536,
          "Actual Total Time": 10468.391,
          "Actual Rows": 2624996,
          "Actual Loops": 1,
          "Workers Planned": 5,
          "Workers Launched": 5,
          "Shared Hit Blocks": 152066,
          "Shared Read Blocks": 177055,
          "Shared Dirtied Blocks": 0,
          "Shared Written Blocks": 0,
          "Local Hit Blocks": 0,
          "Local Read Blocks": 0,
          "Local Dirtied Blocks": 0,
          "Local Written Blocks": 0,
          "Temp Read Blocks": 274709,
          "Temp Written Blocks": 328325,
          "Plans": [
            {
              "Node Type": "Incremental Sort",
              "Parent Relationship": "Outer",
              "Parallel Aware": false,
              "Async Capable": false,
              "Startup Cost": 1868446.01,
              "Total Cost": 47267314.68,
              "Plan Rows": 351590700,
              "Plan Width": 20,
              "Actual Startup Time": 8411.839,
              "Actual Total Time": 8659.908,
              "Actual Rows": 437499,
              "Actual Loops": 6,
              "Sort Key": [
                "external.resource",
                "(date_trunc('day'::text, external.datetime))",
                "(count(*))"
              ],
              "Presorted Key": [
                "external.resource",
                "(date_trunc('day'::text, external.datetime))"
              ],
              "Full-sort Groups": {
                "Group Count": 119,
                "Sort Methods Used": [
                  "quicksort"
                ],
                "Sort Space Memory": {
                  "Average Sort Space Used": 29,
                  "Peak Sort Space Used": 29
                }
              },
              "Pre-sorted Groups": {
                "Group Count": 119,
                "Sort Methods Used": [
                  "quicksort"
                ],
                "Sort Space Memory": {
                  "Average Sort Space Used": 914,
                  "Peak Sort Space Used": 917
                }
              },
              "Shared Hit Blocks": 152066,
              "Shared Read Blocks": 177055,
              "Shared Dirtied Blocks": 0,
              "Shared Written Blocks": 0,
              "Local Hit Blocks": 0,
              "Local Read Blocks": 0,
              "Local Dirtied Blocks": 0,
              "Local Written Blocks": 0,
              "Temp Read Blocks": 274709,
              "Temp Written Blocks": 328325,
              "Workers": [
                {
                  "Worker Number": 0,
                  "Full-sort Groups": {
                    "Group Count": 59,
                    "Sort Methods Used": [
                      "quicksort"
                    ],
                    "Sort Space Memory": {
                      "Average Sort Space Used": 29,
                      "Peak Sort Space Used": 29
                    }
                  },
                  "Pre-sorted Groups": {
                    "Group Count": 59,
                    "Sort Methods Used": [
                      "quicksort"
                    ],
                    "Sort Space Memory": {
                      "Average Sort Space Used": 910,
                      "Peak Sort Space Used": 915
                    }
                  }
                },
                {
                  "Worker Number": 1,
                  "Full-sort Groups": {
                    "Group Count": 66,
                    "Sort Methods Used": [
                      "quicksort"
                    ],
                    "Sort Space Memory": {
                      "Average Sort Space Used": 29,
                      "Peak Sort Space Used": 29
                    }
                  },
                  "Pre-sorted Groups": {
                    "Group Count": 66,
                    "Sort Methods Used": [
                      "quicksort"
                    ],
                    "Sort Space Memory": {
                      "Average Sort Space Used": 914,
                      "Peak Sort Space Used": 915
                    }
                  }
                },
                {
                  "Worker Number": 2,
                  "Full-sort Groups": {
                    "Group Count": 66,
                    "Sort Methods Used": [
                      "quicksort"
                    ],
                    "Sort Space Memory": {
                      "Average Sort Space Used": 29,
                      "Peak Sort Space Used": 29
                    }
                  },
                  "Pre-sorted Groups": {
                    "Group Count": 66,
                    "Sort Methods Used": [
                      "quicksort"
                    ],
                    "Sort Space Memory": {
                      "Average Sort Space Used": 910,
                      "Peak Sort Space Used": 915
                    }
                  }
                },
                {
                  "Worker Number": 3,
                  "Full-sort Groups": {
                    "Group Count": 77,
                    "Sort Methods Used": [
                      "quicksort"
                    ],
                    "Sort Space Memory": {
                      "Average Sort Space Used": 29,
                      "Peak Sort Space Used": 29
                    }
                  },
                  "Pre-sorted Groups": {
                    "Group Count": 77,
                    "Sort Methods Used": [
                      "quicksort"
                    ],
                    "Sort Space Memory": {
                      "Average Sort Space Used": 911,
                      "Peak Sort Space Used": 915
                    }
                  }
                },
                {
                  "Worker Number": 4,
                  "Full-sort Groups": {
                    "Group Count": 72,
                    "Sort Methods Used": [
                      "quicksort"
                    ],
                    "Sort Space Memory": {
                      "Average Sort Space Used": 29,
                      "Peak Sort Space Used": 29
                    }
                  },
                  "Pre-sorted Groups": {
                    "Group Count": 72,
                    "Sort Methods Used": [
                      "quicksort"
                    ],
                    "Sort Space Memory": {
                      "Average Sort Space Used": 910,
                      "Peak Sort Space Used": 915
                    }
                  }
                }
              ],
              "Plans": [
                {
                  "Node Type": "Merge Join",
                  "Parent Relationship": "Outer",
                  "Parallel Aware": false,
                  "Async Capable": false,
                  "Join Type": "Inner",
                  "Startup Cost": 1867431.9,
                  "Total Cost": 6341607.39,
                  "Plan Rows": 351590700,
                  "Plan Width": 20,
                  "Actual Startup Time": 8406.004,
                  "Actual Total Time": 8543.0,
                  "Actual Rows": 437499,
                  "Actual Loops": 6,
                  "Inner Unique": true,
                  "Merge Cond": "((external.resource = internal.resource) AND ((date_trunc('day'::text, external.datetime)) = (date_trunc('day'::text, internal.datetime))))",
                  "Shared Hit Blocks": 151826,
                  "Shared Read Blocks": 177055,
                  "Shared Dirtied Blocks": 0,
                  "Shared Written Blocks": 0,
                  "Local Hit Blocks": 0,
                  "Local Read Blocks": 0,
                  "Local Dirtied Blocks": 0,
                  "Local Written Blocks": 0,
                  "Temp Read Blocks": 274709,
                  "Temp Written Blocks": 328325,
                  "Workers": [],
                  "Plans": [
                    {
                      "Node Type": "Sort",
                      "Parent Relationship": "Outer",
                      "Parallel Aware": false,
                      "Async Capable": false,
                      "Startup Cost": 1042856.8,
                      "Total Cost": 1055983.64,
                      "Plan Rows": 5250736,
                      "Plan Width": 12,
                      "Actual Startup Time": 5455.897,
                      "Actual Total Time": 5772.207,
                      "Actual Rows": 2187417,
                      "Actual Loops": 6,
                      "Sort Key": [
                        "external.resource",
                        "(date_trunc('day'::text, external.datetime))"
                      ],
                      "Sort Method": "external merge",
                      "Sort Space Used": 159760,
                      "Sort Space Type": "Disk",
                      "Shared Hit Blocks": 19887,
                      "Shared Read Blocks": 177055,
                      "Shared Dirtied Blocks": 0,
                      "Shared Written Blocks": 0,
                      "Local Hit Blocks": 0,
                      "Local Read Blocks": 0,
                      "Local Dirtied Blocks": 0,
                      "Local Written Blocks": 0,
                      "Temp Read Blocks": 274709,
                      "Temp Written Blocks": 328325,
                      "Workers": [
                        {
                          "Worker Number": 0,
                          "Sort Method": "external merge",
                          "Sort Space Used": 140312,
                          "Sort Space Type": "Disk"
                        },
                        {
                          "Worker Number": 1,
                          "Sort Method": "external merge",
                          "Sort Space Used": 141624,
                          "Sort Space Type": "Disk"
                        },
                        {
                          "Worker Number": 2,
                          "Sort Method": "external merge",
                          "Sort Space Used": 147664,
                          "Sort Space Type": "Disk"
                        },
                        {
                          "Worker Number": 3,
                          "Sort Method": "external merge",
                          "Sort Space Used": 137080,
                          "Sort Space Type": "Disk"
                        },
                        {
                          "Worker Number": 4,
                          "Sort Method": "external merge",
                          "Sort Space Used": 147040,
                          "Sort Space Type": "Disk"
                        }
                      ],
                      "Plans": [
                        {
                          "Node Type": "Seq Scan",
                          "Parent Relationship": "Outer",
                          "Parallel Aware": true,
                          "Async Capable": false,
                          "Relation Name": "timeseries",
                          "Alias": "external",
                          "Startup Cost": 0.0,
                          "Total Cost": 277294.34,
                          "Plan Rows": 5250736,
                          "Plan Width": 12,
                          "Actual Startup Time": 527.211,
                          "Actual Total Time": 2181.764,
                          "Actual Rows": 4374737,
                          "Actual Loops": 6,
                          "Filter": "(status AND (datetime >= '2020-01-01 00:00:00'::timestamp without time zone) AND (datetime <= '2020-01-31 23:59:49'::timestamp without time zone))",
                          "Rows Removed by Filter": 89263,
                          "Shared Hit Blocks": 19887,
                          "Shared Read Blocks": 177055,
                          "Shared Dirtied Blocks": 0,
                          "Shared Written Blocks": 0,
                          "Local Hit Blocks": 0,
                          "Local Read Blocks": 0,
                          "Local Dirtied Blocks": 0,
                          "Local Written Blocks": 0,
                          "Temp Read Blocks": 0,
                          "Temp Written Blocks": 0,
                          "Workers": []
                        }
                      ]
                    },
                    {
                      "Node Type": "Sort",
                      "Parent Relationship": "Inner",
                      "Parallel Aware": false,
                      "Async Capable": false,
                      "Startup Cost": 824575.09,
                      "Total Cost": 831271.12,
                      "Plan Rows": 2678411,
                      "Plan Width": 20,
                      "Actual Startup Time": 2435.665,
                      "Actual Total Time": 2435.759,
                      "Actual Rows": 320,
                      "Actual Loops": 6,
                      "Sort Key": [
                        "internal.resource",
                        "(date_trunc('day'::text, internal.datetime))"
                      ],
                      "Sort Method": "quicksort",
                      "Sort Space Used": 45,
                      "Sort Space Type": "Memory",
                      "Shared Hit Blocks": 131939,
                      "Shared Read Blocks": 0,
                      "Shared Dirtied Blocks": 0,
                      "Shared Written Blocks": 0,
                      "Local Hit Blocks": 0,
                      "Local Read Blocks": 0,
                      "Local Dirtied Blocks": 0,
                      "Local Written Blocks": 0,
                      "Temp Read Blocks": 0,
                      "Temp Written Blocks": 0,
                      "Workers": [
                        {
                          "Worker Number": 0,
                          "Sort Method": "quicksort",
                          "Sort Space Used": 45,
                          "Sort Space Type": "Memory"
                        },
                        {
                          "Worker Number": 1,
                          "Sort Method": "quicksort",
                          "Sort Space Used": 45,
                          "Sort Space Type": "Memory"
                        },
                        {
                          "Worker Number": 2,
                          "Sort Method": "quicksort",
                          "Sort Space Used": 45,
                          "Sort Space Type": "Memory"
                        },
                        {
                          "Worker Number": 3,
                          "Sort Method": "quicksort",
                          "Sort Space Used": 45,
                          "Sort Space Type": "Memory"
                        },
                        {
                          "Worker Number": 4,
                          "Sort Method": "quicksort",
                          "Sort Space Used": 45,
                          "Sort Space Type": "Memory"
                        }
                      ],
                      "Plans": [
                        {
                          "Node Type": "Aggregate",
                          "Strategy": "Hashed",
                          "Partial Mode": "Simple",
                          "Parent Relationship": "Outer",
                          "Parallel Aware": false,
                          "Async Capable": false,
                          "Startup Cost": 342336.66,
                          "Total Cost": 401973.15,
                          "Plan Rows": 2678411,
                          "Plan Width": 20,
                          "Actual Startup Time": 2435.284,
                          "Actual Total Time": 2435.542,
                          "Actual Rows": 320,
                          "Actual Loops": 6,
                          "Group Key": [
                            "internal.resource",
                            "date_trunc('day'::text, internal.datetime)"
                          ],
                          "Planned Partitions": 64,
                          "HashAgg Batches": 1,
                          "Peak Memory Usage": 1585,
                          "Disk Usage": 0,
                          "Shared Hit Blocks": 131939,
                          "Shared Read Blocks": 0,
                          "Shared Dirtied Blocks": 0,
                          "Shared Written Blocks": 0,
                          "Local Hit Blocks": 0,
                          "Local Read Blocks": 0,
                          "Local Dirtied Blocks": 0,
                          "Local Written Blocks": 0,
                          "Temp Read Blocks": 0,
                          "Temp Written Blocks": 0,
                          "Workers": [
                            {
                              "Worker Number": 0,
                              "HashAgg Batches": 1,
                              "Peak Memory Usage": 1585,
                              "Disk Usage": 0
                            },
                            {
                              "Worker Number": 1,
                              "HashAgg Batches": 1,
                              "Peak Memory Usage": 1585,
                              "Disk Usage": 0
                            },
                            {
                              "Worker Number": 2,
                              "HashAgg Batches": 1,
                              "Peak Memory Usage": 1585,
                              "Disk Usage": 0
                            },
                            {
                              "Worker Number": 3,
                              "HashAgg Batches": 1,
                              "Peak Memory Usage": 1585,
                              "Disk Usage": 0
                            },
                            {
                              "Worker Number": 4,
                              "HashAgg Batches": 1,
                              "Peak Memory Usage": 1585,
                              "Disk Usage": 0
                            }
                          ],
                          "Plans": [
                            {
                              "Node Type": "Nested Loop",
                              "Parent Relationship": "Outer",
                              "Parallel Aware": false,
                              "Async Capable": false,
                              "Join Type": "Inner",
                              "Startup Cost": 0.44,
                              "Total Cost": 164054.93,
                              "Plan Rows": 2678411,
                              "Plan Width": 12,
                              "Actual Startup Time": 0.072,
                              "Actual Total Time": 1639.103,
                              "Actual Rows": 2678400,
                              "Actual Loops": 6,
                              "Inner Unique": false,
                              "Shared Hit Blocks": 131939,
                              "Shared Read Blocks": 0,
                              "Shared Dirtied Blocks": 0,
                              "Shared Written Blocks": 0,
                              "Local Hit Blocks": 0,
                              "Local Read Blocks": 0,
                              "Local Dirtied Blocks": 0,
                              "Local Written Blocks": 0,
                              "Temp Read Blocks": 0,
                              "Temp Written Blocks": 0,
                              "Workers": [],
                              "Plans": [
                                {
                                  "Node Type": "Seq Scan",
                                  "Parent Relationship": "Outer",
                                  "Parallel Aware": false,
                                  "Async Capable": false,
                                  "Relation Name": "resources",
                                  "Alias": "r",
                                  "Startup Cost": 0.0,
                                  "Total Cost": 2.25,
                                  "Plan Rows": 10,
                                  "Plan Width": 4,
                                  "Actual Startup Time": 0.036,
                                  "Actual Total Time": 0.058,
                                  "Actual Rows": 10,
                                  "Actual Loops": 6,
                                  "Filter": "(r_group = 5)",
                                  "Rows Removed by Filter": 90,
                                  "Shared Hit Blocks": 6,
                                  "Shared Read Blocks": 0,
                                  "Shared Dirtied Blocks": 0,
                                  "Shared Written Blocks": 0,
                                  "Local Hit Blocks": 0,
                                  "Local Read Blocks": 0,
                                  "Local Dirtied Blocks": 0,
                                  "Local Written Blocks": 0,
                                  "Temp Read Blocks": 0,
                                  "Temp Written Blocks": 0,
                                  "Workers": []
                                },
                                {
                                  "Node Type": "Index Scan",
                                  "Parent Relationship": "Inner",
                                  "Parallel Aware": false,
                                  "Async Capable": false,
                                  "Scan Direction": "Forward",
                                  "Index Name": "timeseries_resource_index",
                                  "Relation Name": "timeseries",
                                  "Alias": "internal",
                                  "Startup Cost": 0.44,
                                  "Total Cost": 13057.26,
                                  "Plan Rows": 267841,
                                  "Plan Width": 12,
                                  "Actual Startup Time": 0.012,
                                  "Actual Total Time": 72.496,
                                  "Actual Rows": 267840,
                                  "Actual Loops": 60,
                                  "Index Cond": "(resource = r.id)",
                                  "Rows Removed by Index Recheck": 0,
                                  "Shared Hit Blocks": 131933,
                                  "Shared Read Blocks": 0,
                                  "Shared Dirtied Blocks": 0,
                                  "Shared Written Blocks": 0,
                                  "Local Hit Blocks": 0,
                                  "Local Read Blocks": 0,
                                  "Local Dirtied Blocks": 0,
                                  "Local Written Blocks": 0,
                                  "Temp Read Blocks": 0,
                                  "Temp Written Blocks": 0,
                                  "Workers": []
                                }
                              ]
                            }
                          ]
                        }
                      ]
                    }
                  ]
                }
              ]
            }
          ]
        }
      ]
    },
    "Planning": {
      "Shared Hit Blocks": 220,
      "Shared Read Blocks": 0,
      "Shared Dirtied Blocks": 0,
      "Shared Written Blocks": 0,
      "Local Hit Blocks": 0,
      "Local Read Blocks": 0,
      "Local Dirtied Blocks": 0,
      "Local Written Blocks": 0,
      "Temp Read Blocks": 0,
      "Temp Written Blocks": 0
    },
    "Planning Time": 1.055,
    "Triggers": [],
    "JIT": {
      "Functions": 165,
      "Options": {
        "Inlining": true,
        "Optimization": true,
        "Expressions": true,
        "Deforming": true
      },
      "Timing": {
        "Generation": 46.117,
        "Inlining": 608.902,
        "Optimization": 1488.81,
        "Emission": 1062.995,
        "Total": 3206.824
      }
    },
    "Execution Time": 10825.377
  }
]