[
  {
    "Plan": {
      "Node Type": "Aggregate",
      "Strategy": "Plain",
      "Partial Mode": "Finalize",
      "Parallel Aware": false,
      "Async Capable": false,
      "Startup Cost": 1067104.56,
      "Total Cost": 1067104.58,
      "Plan Rows": 1,
      "Plan Width": 8,
      "Actual Startup Time": 19988.73,
      "Actual Total Time": 20019.66,
      "Actual Rows": 1,
      "Actual Loops": 1,
      "Shared Hit Blocks": 15456,
      "Shared Read Blocks": 772310,
      "Shared Dirtied Blocks": 0,
      "Shared Written Blocks": 0,
      "Local Hit Blocks": 0,
      "Local Read Blocks": 0,
      "Local Dirtied Blocks": 0,
      "Local Written Blocks": 0,
      "Temp Read Blocks": 0,
      "Temp Written Blocks": 0,
      "Plans": [
        {
          "Node Type": "Aggregate",
          "Strategy": "Plain",
          "Partial Mode": "Finalize",
          "Parent Relationship": "InitPlan",
          "Subplan Name": "InitPlan 1 (returns $1)",
          "Parallel Aware": false,
          "Async Capable": false,
          "Startup Cost": 533597.09,
          "Total Cost": 533597.1,
          "Plan Rows": 1,
          "Plan Width": 8,
          "Actual Startup Time": 9380.619,
          "Actual Total Time": 9411.266,
          "Actual Rows": 1,
          "Actual Loops": 1,
          "Shared Hit Blocks": 7840,
          "Shared Read Blocks": 386043,
          "Shared Dirtied Blocks": 0,
          "Shared Written Blocks": 0,
          "Local Hit Blocks": 0,
          "Local Read Blocks": 0,
          "Local Dirtied Blocks": 0,
          "Local Written Blocks": 0,
          "Temp Read Blocks": 0,
          "Temp Written Blocks": 0,
          "Plans": [
            {
              "Node Type": "Gather",
              "Parent Relationship": "Outer",
              "Parallel Aware": false,
              "Async Capable": false,
              "Startup Cost": 533596.47,
              "Total Cost": 533597.08,
              "Plan Rows": 6,
              "Plan Width": 8,
              "Actual Startup Time": 9375.98,
              "Actual Total Time": 9411.216,
              "Actual Rows": 7,
              "Actual Loops": 1,
              "Workers Planned": 6,
              "Workers Launched": 6,
              "Single Copy": false,
              "Shared Hit Blocks": 7840,
              "Shared Read Blocks": 386043,
              "Shared Dirtied Blocks": 0,
              "Shared Written Blocks": 0,
              "Local Hit Blocks": 0,
              "Local Read Blocks": 0,
              "Local Dirtied Blocks": 0,
              "Local Written Blocks": 0,
              "Temp Read Blocks": 0,
              "Temp Written Blocks": 0,
              "Plans": [
                {
                  "Node Type": "Aggregate",
                  "Strategy": "Plain",
                  "Partial Mode": "Partial",
                  "Parent Relationship": "Outer",
                  "Parallel Aware": false,
                  "Async Capable": false,
                  "Startup Cost": 532596.47,
                  "Total Cost": 532596.48,
                  "Plan Rows": 1,
                  "Plan Width": 8,
                  "Actual Startup Time": 8993.652,
                  "Actual Total Time": 8993.654,
                  "Actual Rows": 1,
                  "Actual Loops": 7,
                  "Shared Hit Blocks": 7840,
                  "Shared Read Blocks": 386043,
                  "Shared Dirtied Blocks": 0,
                  "Shared Written Blocks": 0,
                  "Local Hit Blocks": 0,
                  "Local Read Blocks": 0,
                  "Local Dirtied Blocks": 0,
                  "Local Written Blocks": 0,
                  "Temp Read Blocks": 0,
                  "Temp Written Blocks": 0,
                  "Workers": [],
                  "Plans": [
                    {
                      "Node Type": "Seq Scan",
                      "Parent Relationship": "Outer",
                      "Parallel Aware": true,
                      "Async Capable": false,
                      "Relation Name": "timeseries",
                      "Alias": "internal",
                      "Startup Cost": 0.0,
                      "Total Cost": 527803.22,
                      "Plan Rows": 1917300,
                      "Plan Width": 0,
                      "Actual Startup Time": 912.276,
                      "Actual Total Time": 7899.537,
                      "Actual Rows": 1604571,
                      "Actual Loops": 7,
                      "Filter": "((datetime >= '2020-02-01 00:00:00'::timestamp without time zone) AND (datetime <= '2020-02-13 23:59:59'::timestamp without time zone))",
                      "Rows Removed by Filter": 6048000,
                      "Shared Hit Blocks": 7840,
                      "Shared Read Blocks": 386043,
                      "Shared Dirtied Blocks": 0,
                      "Shared Written Blocks": 0,
                      "Local Hit Blocks": 0,
                      "Local Read Blocks": 0,
                      "Local Dirtied Blocks": 0,
                      "Local Written Blocks": 0,
                      "Temp Read Blocks": 0,
                      "Temp Written Blocks": 0,
                      "Workers": []
                    }
                  ]
                }
              ]
            }
          ]
        },
        {
          "Node Type": "Gather",
          "Parent Relationship": "Outer",
          "Parallel Aware": false,
          "Async Capable": false,
          "Startup Cost": 533506.83,
          "Total Cost": 533507.44,
          "Plan Rows": 6,
          "Plan Width": 8,
          "Actual Startup Time": 10596.055,
          "Actual Total Time": 10608.332,
          "Actual Rows": 7,
          "Actual Loops": 1,
          "Workers Planned": 6,
          "Workers Launched": 6,
          "Single Copy": false,
          "Shared Hit Blocks": 7616,
          "Shared Read Blocks": 386267,
          "Shared Dirtied Blocks": 0,
          "Shared Written Blocks": 0,
          "Local Hit Blocks": 0,
          "Local Read Blocks": 0,
          "Local Dirtied Blocks": 0,
          "Local Written Blocks": 0,
          "Temp Read Blocks": 0,
          "Temp Written Blocks": 0,
          "Plans": [
            {
              "Node Type": "Aggregate",
              "Strategy": "Plain",
              "Partial Mode": "Partial",
              "Parent Relationship": "Outer",
              "Parallel Aware": false,
              "Async Capable": false,
              "Startup Cost": 532506.83,
              "Total Cost": 532506.84,
              "Plan Rows": 1,
              "Plan Width": 8,
              "Actual Startup Time": 10129.784,
              "Actual Total Time": 10129.786,
              "Actual Rows": 1,
              "Actual Loops": 7,
              "Shared Hit Blocks": 7616,
              "Shared Read Blocks": 386267,
              "Shared Dirtied Blocks": 0,
              "Shared Written Blocks": 0,
              "Local Hit Blocks": 0,
              "Local Read Blocks": 0,
              "Local Dirtied Blocks": 0,
              "Local Written Blocks": 0,
              "Temp Read Blocks": 0,
              "Temp Written Blocks": 0,
              "Workers": [],
              "Plans": [
                {
                  "Node Type": "Seq Scan",
                  "Parent Relationship": "Outer",
                  "Parallel Aware": true,
                  "Async Capable": false,
                  "Relation Name": "timeseries",
                  "Alias": "external",
                  "Startup Cost": 0.0,
                  "Total Cost": 527803.22,
                  "Plan Rows": 1881446,
                  "Plan Width": 0,
                  "Actual Startup Time": 1560.407,
                  "Actual Total Time": 9040.823,
                  "Actual Rows": 1572576,
                  "Actual Loops": 7,
                  "Filter": "(status AND (datetime >= '2020-02-01 00:00:00'::timestamp without time zone) AND (datetime <= '2020-02-13 23:59:59'::timestamp without time zone))",
                  "Rows Removed by Filter": 6079996,
                  "Shared Hit Blocks": 7616,
                  "Shared Read Blocks": 386267,
                  "Shared Dirtied Blocks": 0,
                  "Shared Written Blocks": 0,
                  "Local Hit Blocks": 0,
                  "Local Read Blocks": 0,
                  "Local Dirtied Blocks": 0,
                  "Local Written Blocks": 0,
                  "Temp Read Blocks": 0,
                  "Temp Written Blocks": 0,
                  "Workers": []
                }
              ]
            }
          ]
        }
      ]
    },
    "Planning": {
      "Shared Hit Blocks": 71,
      "Shared Read Blocks": 0,
      "Shared Dirtied Blocks": 0,
      "Shared Written Blocks": 0,
      "Local Hit Blocks": 0,
      "Local Read Blocks": 0,
      "Local Dirtied Blocks": 0,
      "Local Written Blocks": 0,
      "Temp Read Blocks": 0,
      "Temp Written Blocks": 0
    },
    "Planning Time": 1.368,
    "Triggers": [],
    "JIT": {
      "Functions": 60,
      "Options": {
        "Inlining": true,
        "Optimization": true,
        "Expressions": true,
        "Deforming": true
      },
      "Timing": {
        "Generation": 123.897,
        "Inlining": 8855.7,
        "Optimization": 4329.887,
        "Emission": 2539.913,
        "Total": 15849.397
      }
    },
    "Execution Time": 20142.38
  }
]