[
  {
    "Plan": {
      "Node Type": "Aggregate",
      "Strategy": "Plain",
      "Partial Mode": "Finalize",
      "Parallel Aware": false,
      "Async Capable": false,
      "Startup Cost": 1067104.56,
      "Total Cost": 1067104.58,
      "Plan Rows": 1,
      "Plan Width": 8,
      "Actual Startup Time": 18146.97,
      "Actual Total Time": 18176.125,
      "Actual Rows": 1,
      "Actual Loops": 1,
      "Shared Hit Blocks": 24416,
      "Shared Read Blocks": 763350,
      "Shared Dirtied Blocks": 0,
      "Shared Written Blocks": 0,
      "Local Hit Blocks": 0,
      "Local Read Blocks": 0,
      "Local Dirtied Blocks": 0,
      "Local Written Blocks": 0,
      "Temp Read Blocks": 0,
      "Temp Written Blocks": 0,
      "Plans": [
        {
          "Node Type": "Aggregate",
          "Strategy": "Plain",
          "Partial Mode": "Finalize",
          "Parent Relationship": "InitPlan",
          "Subplan Name": "InitPlan 1 (returns $1)",
          "Parallel Aware": false,
          "Async Capable": false,
          "Startup Cost": 533597.09,
          "Total Cost": 533597.1,
          "Plan Rows": 1,
          "Plan Width": 8,
          "Actual Startup Time": 8835.32,
          "Actual Total Time": 8864.158,
          "Actual Rows": 1,
          "Actual Loops": 1,
          "Shared Hit Blocks": 12320,
          "Shared Read Blocks": 381563,
          "Shared Dirtied Blocks": 0,
          "Shared Written Blocks": 0,
          "Local Hit Blocks": 0,
          "Local Read Blocks": 0,
          "Local Dirtied Blocks": 0,
          "Local Written Blocks": 0,
          "Temp Read Blocks": 0,
          "Temp Written Blocks": 0,
          "Plans": [
            {
              "Node Type": "Gather",
              "Parent Relationship": "Outer",
              "Parallel Aware": false,
              "Async Capable": false,
              "Startup Cost": 533596.47,
              "Total Cost": 533597.08,
              "Plan Rows": 6,
              "Plan Width": 8,
              "Actual Startup Time": 8833.533,
              "Actual Total Time": 8864.111,
              "Actual Rows": 7,
              "Actual Loops": 1,
              "Workers Planned": 6,
              "Workers Launched": 6,
              "Single Copy": false,
              "Shared Hit Blocks": 12320,
              "Shared Read Blocks": 381563,
              "Shared Dirtied Blocks": 0,
              "Shared Written Blocks": 0,
              "Local Hit Blocks": 0,
              "Local Read Blocks": 0,
              "Local Dirtied Blocks": 0,
              "Local Written Blocks": 0,
              "Temp Read Blocks": 0,
              "Temp Written Blocks": 0,
              "Plans": [
                {
                  "Node Type": "Aggregate",
                  "Strategy": "Plain",
                  "Partial Mode": "Partial",
                  "Parent Relationship": "Outer",
                  "Parallel Aware": false,
                  "Async Capable": false,
                  "Startup Cost": 532596.47,
                  "Total Cost": 532596.48,
                  "Plan Rows": 1,
                  "Plan Width": 8,
                  "Actual Startup Time": 8446.895,
                  "Actual Total Time": 8446.897,
                  "Actual Rows": 1,
                  "Actual Loops": 7,
                  "Shared Hit Blocks": 12320,
                  "Shared Read Blocks": 381563,
                  "Shared Dirtied Blocks": 0,
                  "Shared Written Blocks": 0,
                  "Local Hit Blocks": 0,
                  "Local Read Blocks": 0,
                  "Local Dirtied Blocks": 0,
                  "Local Written Blocks": 0,
                  "Temp Read Blocks": 0,
                  "Temp Written Blocks": 0,
                  "Workers": [],
                  "Plans": [
                    {
                      "Node Type": "Seq Scan",
                      "Parent Relationship": "Outer",
                      "Parallel Aware": true,
                      "Async Capable": false,
                      "Relation Name": "timeseries",
                      "Alias": "internal",
                      "Startup Cost": 0.0,
                      "Total Cost": 527803.22,
                      "Plan Rows": 1917300,
                      "Plan Width": 0,
                      "Actual Startup Time": 923.308,
                      "Actual Total Time": 7430.571,
                      "Actual Rows": 1604571,
                      "Actual Loops": 7,
                      "Filter": "((datetime >= '2020-02-01 00:00:00'::timestamp without time zone) AND (datetime <= '2020-02-13 23:59:59'::timestamp without time zone))",
                      "Rows Removed by Filter": 6048000,
                      "Shared Hit Blocks": 12320,
                      "Shared Read Blocks": 381563,
                      "Shared Dirtied Blocks": 0,
                      "Shared Written Blocks": 0,
                      "Local Hit Blocks": 0,
                      "Local Read Blocks": 0,
                      "Local Dirtied Blocks": 0,
                      "Local Written Blocks": 0,
                      "Temp Read Blocks": 0,
                      "Temp Written Blocks": 0,
                      "Workers": []
                    }
                  ]
                }
              ]
            }
          ]
        },
        {
          "Node Type": "Gather",
          "Parent Relationship": "Outer",
          "Parallel Aware": false,
          "Async Capable": false,
          "Startup Cost": 533506.83,
          "Total Cost": 533507.44,
          "Plan Rows": 6,
          "Plan Width": 8,
          "Actual Startup Time": 9311.048,
          "Actual Total Time": 9311.93,
          "Actual Rows": 7,
          "Actual Loops": 1,
          "Workers Planned": 6,
          "Workers Launched": 6,
          "Single Copy": false,
          "Shared Hit Blocks": 12096,
          "Shared Read Blocks": 381787,
          "Shared Dirtied Blocks": 0,
          "Shared Written Blocks": 0,
          "Local Hit Blocks": 0,
          "Local Read Blocks": 0,
          "Local Dirtied Blocks": 0,
          "Local Written Blocks": 0,
          "Temp Read Blocks": 0,
          "Temp Written Blocks": 0,
          "Plans": [
            {
              "Node Type": "Aggregate",
              "Strategy": "Plain",
              "Partial Mode": "Partial",
              "Parent Relationship": "Outer",
              "Parallel Aware": false,
              "Async Capable": false,
              "Startup Cost": 532506.83,
              "Total Cost": 532506.84,
              "Plan Rows": 1,
              "Plan Width": 8,
              "Actual Startup Time": 8942.455,
              "Actual Total Time": 8942.457,
              "Actual Rows": 1,
              "Actual Loops": 7,
              "Shared Hit Blocks": 12096,
              "Shared Read Blocks": 381787,
              "Shared Dirtied Blocks": 0,
              "Shared Written Blocks": 0,
              "Local Hit Blocks": 0,
              "Local Read Blocks": 0,
              "Local Dirtied Blocks": 0,
              "Local Written Blocks": 0,
              "Temp Read Blocks": 0,
              "Temp Written Blocks": 0,
              "Workers": [],
              "Plans": [
                {
                  "Node Type": "Seq Scan",
                  "Parent Relationship": "Outer",
                  "Parallel Aware": true,
                  "Async Capable": false,
                  "Relation Name": "timeseries",
                  "Alias": "external",
                  "Startup Cost": 0.0,
                  "Total Cost": 527803.22,
                  "Plan Rows": 1881446,
                  "Plan Width": 0,
                  "Actual Startup Time": 1142.112,
                  "Actual Total Time": 7958.677,
                  "Actual Rows": 1572576,
                  "Actual Loops": 7,
                  "Filter": "(status AND (datetime >= '2020-02-01 00:00:00'::timestamp without time zone) AND (datetime <= '2020-02-13 23:59:59'::timestamp without time zone))",
                  "Rows Removed by Filter": 6079996,
                  "Shared Hit Blocks": 12096,
                  "Shared Read Blocks": 381787,
                  "Shared Dirtied Blocks": 0,
                  "Shared Written Blocks": 0,
                  "Local Hit Blocks": 0,
                  "Local Read Blocks": 0,
                  "Local Dirtied Blocks": 0,
                  "Local Written Blocks": 0,
                  "Temp Read Blocks": 0,
                  "Temp Written Blocks": 0,
                  "Workers": []
                }
              ]
            }
          ]
        }
      ]
    },
    "Planning": {
      "Shared Hit Blocks": 71,
      "Shared Read Blocks": 0,
      "Shared Dirtied Blocks": 0,
      "Shared Written Blocks": 0,
      "Local Hit Blocks": 0,
      "Local Read Blocks": 0,
      "Local Dirtied Blocks": 0,
      "Local Written Blocks": 0,
      "Temp Read Blocks": 0,
      "Temp Written Blocks": 0
    },
    "Planning Time": 5.104,
    "Triggers": [],
    "JIT": {
      "Functions": 60,
      "Options": {
        "Inlining": true,
        "Optimization": true,
        "Expressions": true,
        "Deforming": true
      },
      "Timing": {
        "Generation": 70.41,
        "Inlining": 7429.192,
        "Optimization": 3560.176,
        "Emission": 2040.011,
        "Total": 13099.788
      }
    },
    "Execution Time": 18438.667
  }
]