[
  {
    "Plan": {
      "Node Type": "Aggregate",
      "Strategy": "Plain",
      "Partial Mode": "Finalize",
      "Parallel Aware": false,
      "Async Capable": false,
      "Startup Cost": 1768603.78,
      "Total Cost": 1768603.8,
      "Plan Rows": 1,
      "Plan Width": 8,
      "Actual Startup Time": 15319.606,
      "Actual Total Time": 15330.535,
      "Actual Rows": 1,
      "Actual Loops": 1,
      "Shared Hit Blocks": 2624,
      "Shared Read Blocks": 785142,
      "Shared Dirtied Blocks": 0,
      "Shared Written Blocks": 0,
      "Local Hit Blocks": 0,
      "Local Read Blocks": 0,
      "Local Dirtied Blocks": 0,
      "Local Written Blocks": 0,
      "Temp Read Blocks": 0,
      "Temp Written Blocks": 0,
      "Plans": [
        {
          "Node Type": "Aggregate",
          "Strategy": "Plain",
          "Partial Mode": "Finalize",
          "Parent Relationship": "InitPlan",
          "Subplan Name": "InitPlan 1 (returns $1)",
          "Parallel Aware": false,
          "Async Capable": false,
          "Startup Cost": 884460.06,
          "Total Cost": 884460.07,
          "Plan Rows": 1,
          "Plan Width": 8,
          "Actual Startup Time": 7509.559,
          "Actual Total Time": 7520.327,
          "Actual Rows": 1,
          "Actual Loops": 1,
          "Shared Hit Blocks": 1344,
          "Shared Read Blocks": 392539,
          "Shared Dirtied Blocks": 0,
          "Shared Written Blocks": 0,
          "Local Hit Blocks": 0,
          "Local Read Blocks": 0,
          "Local Dirtied Blocks": 0,
          "Local Written Blocks": 0,
          "Temp Read Blocks": 0,
          "Temp Written Blocks": 0,
          "Plans": [
            {
              "Node Type": "Gather",
              "Parent Relationship": "Outer",
              "Parallel Aware": false,
              "Async Capable": false,
              "Startup Cost": 884459.95,
              "Total Cost": 884460.06,
              "Plan Rows": 1,
              "Plan Width": 8,
              "Actual Startup Time": 7509.031,
              "Actual Total Time": 7520.284,
              "Actual Rows": 2,
              "Actual Loops": 1,
              "Workers Planned": 1,
              "Workers Launched": 1,
              "Single Copy": false,
              "Shared Hit Blocks": 1344,
              "Shared Read Blocks": 392539,
              "Shared Dirtied Blocks": 0,
              "Shared Written Blocks": 0,
              "Local Hit Blocks": 0,
              "Local Read Blocks": 0,
              "Local Dirtied Blocks": 0,
              "Local Written Blocks": 0,
              "Temp Read Blocks": 0,
              "Temp Written Blocks": 0,
              "Plans": [
                {
                  "Node Type": "Aggregate",
                  "Strategy": "Plain",
                  "Partial Mode": "Partial",
                  "Parent Relationship": "Outer",
                  "Parallel Aware": false,
                  "Async Capable": false,
                  "Startup Cost": 883459.95,
                  "Total Cost": 883459.96,
                  "Plan Rows": 1,
                  "Plan Width": 8,
                  "Actual Startup Time": 7441.357,
                  "Actual Total Time": 7441.36,
                  "Actual Rows": 1,
                  "Actual Loops": 2,
                  "Shared Hit Blocks": 1344,
                  "Shared Read Blocks": 392539,
                  "Shared Dirtied Blocks": 0,
                  "Shared Written Blocks": 0,
                  "Local Hit Blocks": 0,
                  "Local Read Blocks": 0,
                  "Local Dirtied Blocks": 0,
                  "Local Written Blocks": 0,
                  "Temp Read Blocks": 0,
                  "Temp Written Blocks": 0,
                  "Workers": [],
                  "Plans": [
                    {
                      "Node Type": "Seq Scan",
                      "Parent Relationship": "Outer",
                      "Parallel Aware": true,
                      "Async Capable": false,
                      "Relation Name": "timeseries",
                      "Alias": "internal",
                      "Startup Cost": 0.0,
                      "Total Cost": 866542.6,
                      "Plan Rows": 6766941,
                      "Plan Width": 0,
                      "Actual Startup Time": 159.583,
                      "Actual Total Time": 6427.288,
                      "Actual Rows": 5616000,
                      "Actual Loops": 2,
                      "Filter": "((datetime >= '2020-02-01 00:00:00'::timestamp without time zone) AND (datetime <= '2020-02-13 23:59:59'::timestamp without time zone))",
                      "Rows Removed by Filter": 21168000,
                      "Shared Hit Blocks": 1344,
                      "Shared Read Blocks": 392539,
                      "Shared Dirtied Blocks": 0,
                      "Shared Written Blocks": 0,
                      "Local Hit Blocks": 0,
                      "Local Read Blocks": 0,
                      "Local Dirtied Blocks": 0,
                      "Local Written Blocks": 0,
                      "Temp Read Blocks": 0,
                      "Temp Written Blocks": 0,
                      "Workers": []
                    }
                  ]
                }
              ]
            }
          ]
        },
        {
          "Node Type": "Gather",
          "Parent Relationship": "Outer",
          "Parallel Aware": false,
          "Async Capable": false,
          "Startup Cost": 884143.6,
          "Total Cost": 884143.71,
          "Plan Rows": 1,
          "Plan Width": 8,
          "Actual Startup Time": 7809.329,
          "Actual Total Time": 7810.16,
          "Actual Rows": 2,
          "Actual Loops": 1,
          "Workers Planned": 1,
          "Workers Launched": 1,
          "Single Copy": false,
          "Shared Hit Blocks": 1280,
          "Shared Read Blocks": 392603,
          "Shared Dirtied Blocks": 0,
          "Shared Written Blocks": 0,
          "Local Hit Blocks": 0,
          "Local Read Blocks": 0,
          "Local Dirtied Blocks": 0,
          "Local Written Blocks": 0,
          "Temp Read Blocks": 0,
          "Temp Written Blocks": 0,
          "Plans": [
            {
              "Node Type": "Aggregate",
              "Strategy": "Plain",
              "Partial Mode": "Partial",
              "Parent Relationship": "Outer",
              "Parallel Aware": false,
              "Async Capable": false,
              "Startup Cost": 883143.6,
              "Total Cost": 883143.61,
              "Plan Rows": 1,
              "Plan Width": 8,
              "Actual Startup Time": 7733.153,
              "Actual Total Time": 7733.156,
              "Actual Rows": 1,
              "Actual Loops": 2,
              "Shared Hit Blocks": 1280,
              "Shared Read Blocks": 392603,
              "Shared Dirtied Blocks": 0,
              "Shared Written Blocks": 0,
              "Local Hit Blocks": 0,
              "Local Read Blocks": 0,
              "Local Dirtied Blocks": 0,
              "Local Written Blocks": 0,
              "Temp Read Blocks": 0,
              "Temp Written Blocks": 0,
              "Workers": [],
              "Plans": [
                {
                  "Node Type": "Seq Scan",
                  "Parent Relationship": "Outer",
                  "Parallel Aware": true,
                  "Async Capable": false,
                  "Relation Name": "timeseries",
                  "Alias": "external",
                  "Startup Cost": 0.0,
                  "Total Cost": 866542.6,
                  "Plan Rows": 6640399,
                  "Plan Width": 0,
                  "Actual Startup Time": 400.26,
                  "Actual Total Time": 6738.045,
                  "Actual Rows": 5504016,
                  "Actual Loops": 2,
                  "Filter": "(status AND (datetime >= '2020-02-01 00:00:00'::timestamp without time zone) AND (datetime <= '2020-02-13 23:59:59'::timestamp without time zone))",
                  "Rows Removed by Filter": 21279984,
                  "Shared Hit Blocks": 1280,
                  "Shared Read Blocks": 392603,
                  "Shared Dirtied Blocks": 0,
                  "Shared Written Blocks": 0,
                  "Local Hit Blocks": 0,
                  "Local Read Blocks": 0,
                  "Local Dirtied Blocks": 0,
                  "Local Written Blocks": 0,
                  "Temp Read Blocks": 0,
                  "Temp Written Blocks": 0,
                  "Workers": []
                }
              ]
            }
          ]
        }
      ]
    },
    "Planning": {
      "Shared Hit Blocks": 71,
      "Shared Read Blocks": 0,
      "Shared Dirtied Blocks": 0,
      "Shared Written Blocks": 0,
      "Local Hit Blocks": 0,
      "Local Read Blocks": 0,
      "Local Dirtied Blocks": 0,
      "Local Written Blocks": 0,
      "Temp Read Blocks": 0,
      "Temp Written Blocks": 0
    },
    "Planning Time": 4.983,
    "Triggers": [],
    "JIT": {
      "Functions": 20,
      "Options": {
        "Inlining": true,
        "Optimization": true,
        "Expressions": true,
        "Deforming": true
      },
      "Timing": {
        "Generation": 7.673,
        "Inlining": 484.028,
        "Optimization": 318.133,
        "Emission": 193.85,
        "Total": 1003.684
      }
    },
    "Execution Time": 15598.496
  }
]