[
  {
    "Plan": {
      "Node Type": "Aggregate",
      "Strategy": "Plain",
      "Partial Mode": "Finalize",
      "Parallel Aware": false,
      "Async Capable": false,
      "Startup Cost": 1768603.78,
      "Total Cost": 1768603.8,
      "Plan Rows": 1,
      "Plan Width": 8,
      "Actual Startup Time": 15339.935,
      "Actual Total Time": 15351.278,
      "Actual Rows": 1,
      "Actual Loops": 1,
      "Shared Hit Blocks": 4672,
      "Shared Read Blocks": 783094,
      "Shared Dirtied Blocks": 0,
      "Shared Written Blocks": 0,
      "Local Hit Blocks": 0,
      "Local Read Blocks": 0,
      "Local Dirtied Blocks": 0,
      "Local Written Blocks": 0,
      "Temp Read Blocks": 0,
      "Temp Written Blocks": 0,
      "Plans": [
        {
          "Node Type": "Aggregate",
          "Strategy": "Plain",
          "Partial Mode": "Finalize",
          "Parent Relationship": "InitPlan",
          "Subplan Name": "InitPlan 1 (returns $1)",
          "Parallel Aware": false,
          "Async Capable": false,
          "Startup Cost": 884460.06,
          "Total Cost": 884460.07,
          "Plan Rows": 1,
          "Plan Width": 8,
          "Actual Startup Time": 7479.187,
          "Actual Total Time": 7490.348,
          "Actual Rows": 1,
          "Actual Loops": 1,
          "Shared Hit Blocks": 2368,
          "Shared Read Blocks": 391515,
          "Shared Dirtied Blocks": 0,
          "Shared Written Blocks": 0,
          "Local Hit Blocks": 0,
          "Local Read Blocks": 0,
          "Local Dirtied Blocks": 0,
          "Local Written Blocks": 0,
          "Temp Read Blocks": 0,
          "Temp Written Blocks": 0,
          "Plans": [
            {
              "Node Type": "Gather",
              "Parent Relationship": "Outer",
              "Parallel Aware": false,
              "Async Capable": false,
              "Startup Cost": 884459.95,
              "Total Cost": 884460.06,
              "Plan Rows": 1,
              "Plan Width": 8,
              "Actual Startup Time": 7478.642,
              "Actual Total Time": 7490.306,
              "Actual Rows": 2,
              "Actual Loops": 1,
              "Workers Planned": 1,
              "Workers Launched": 1,
              "Single Copy": false,
              "Shared Hit Blocks": 2368,
              "Shared Read Blocks": 391515,
              "Shared Dirtied Blocks": 0,
              "Shared Written Blocks": 0,
              "Local Hit Blocks": 0,
              "Local Read Blocks": 0,
              "Local Dirtied Blocks": 0,
              "Local Written Blocks": 0,
              "Temp Read Blocks": 0,
              "Temp Written Blocks": 0,
              "Plans": [
                {
                  "Node Type": "Aggregate",
                  "Strategy": "Plain",
                  "Partial Mode": "Partial",
                  "Parent Relationship": "Outer",
                  "Parallel Aware": false,
                  "Async Capable": false,
                  "Startup Cost": 883459.95,
                  "Total Cost": 883459.96,
                  "Plan Rows": 1,
                  "Plan Width": 8,
                  "Actual Startup Time": 7415.693,
                  "Actual Total Time": 7415.695,
                  "Actual Rows": 1,
                  "Actual Loops": 2,
                  "Shared Hit Blocks": 2368,
                  "Shared Read Blocks": 391515,
                  "Shared Dirtied Blocks": 0,
                  "Shared Written Blocks": 0,
                  "Local Hit Blocks": 0,
                  "Local Read Blocks": 0,
                  "Local Dirtied Blocks": 0,
                  "Local Written Blocks": 0,
                  "Temp Read Blocks": 0,
                  "Temp Written Blocks": 0,
                  "Workers": [],
                  "Plans": [
                    {
                      "Node Type": "Seq Scan",
                      "Parent Relationship": "Outer",
                      "Parallel Aware": true,
                      "Async Capable": false,
                      "Relation Name": "timeseries",
                      "Alias": "internal",
                      "Startup Cost": 0.0,
                      "Total Cost": 866542.6,
                      "Plan Rows": 6766941,
                      "Plan Width": 0,
                      "Actual Startup Time": 182.887,
                      "Actual Total Time": 6405.819,
                      "Actual Rows": 5616000,
                      "Actual Loops": 2,
                      "Filter": "((datetime >= '2020-02-01 00:00:00'::timestamp without time zone) AND (datetime <= '2020-02-13 23:59:59'::timestamp without time zone))",
                      "Rows Removed by Filter": 21168000,
                      "Shared Hit Blocks": 2368,
                      "Shared Read Blocks": 391515,
                      "Shared Dirtied Blocks": 0,
                      "Shared Written Blocks": 0,
                      "Local Hit Blocks": 0,
                      "Local Read Blocks": 0,
                      "Local Dirtied Blocks": 0,
                      "Local Written Blocks": 0,
                      "Temp Read Blocks": 0,
                      "Temp Written Blocks": 0,
                      "Workers": []
                    }
                  ]
                }
              ]
            }
          ]
        },
        {
          "Node Type": "Gather",
          "Parent Relationship": "Outer",
          "Parallel Aware": false,
          "Async Capable": false,
          "Startup Cost": 884143.6,
          "Total Cost": 884143.71,
          "Plan Rows": 1,
          "Plan Width": 8,
          "Actual Startup Time": 7860.219,
          "Actual Total Time": 7860.88,
          "Actual Rows": 2,
          "Actual Loops": 1,
          "Workers Planned": 1,
          "Workers Launched": 1,
          "Single Copy": false,
          "Shared Hit Blocks": 2304,
          "Shared Read Blocks": 391579,
          "Shared Dirtied Blocks": 0,
          "Shared Written Blocks": 0,
          "Local Hit Blocks": 0,
          "Local Read Blocks": 0,
          "Local Dirtied Blocks": 0,
          "Local Written Blocks": 0,
          "Temp Read Blocks": 0,
          "Temp Written Blocks": 0,
          "Plans": [
            {
              "Node Type": "Aggregate",
              "Strategy": "Plain",
              "Partial Mode": "Partial",
              "Parent Relationship": "Outer",
              "Parallel Aware": false,
              "Async Capable": false,
              "Startup Cost": 883143.6,
              "Total Cost": 883143.61,
              "Plan Rows": 1,
              "Plan Width": 8,
              "Actual Startup Time": 7734.514,
              "Actual Total Time": 7734.517,
              "Actual Rows": 1,
              "Actual Loops": 2,
              "Shared Hit Blocks": 2304,
              "Shared Read Blocks": 391579,
              "Shared Dirtied Blocks": 0,
              "Shared Written Blocks": 0,
              "Local Hit Blocks": 0,
              "Local Read Blocks": 0,
              "Local Dirtied Blocks": 0,
              "Local Written Blocks": 0,
              "Temp Read Blocks": 0,
              "Temp Written Blocks": 0,
              "Workers": [],
              "Plans": [
                {
                  "Node Type": "Seq Scan",
                  "Parent Relationship": "Outer",
                  "Parallel Aware": true,
                  "Async Capable": false,
                  "Relation Name": "timeseries",
                  "Alias": "external",
                  "Startup Cost": 0.0,
                  "Total Cost": 866542.6,
                  "Plan Rows": 6640399,
                  "Plan Width": 0,
                  "Actual Startup Time": 399.774,
                  "Actual Total Time": 6743.09,
                  "Actual Rows": 5504016,
                  "Actual Loops": 2,
                  "Filter": "(status AND (datetime >= '2020-02-01 00:00:00'::timestamp without time zone) AND (datetime <= '2020-02-13 23:59:59'::timestamp without time zone))",
                  "Rows Removed by Filter": 21279984,
                  "Shared Hit Blocks": 2304,
                  "Shared Read Blocks": 391579,
                  "Shared Dirtied Blocks": 0,
                  "Shared Written Blocks": 0,
                  "Local Hit Blocks": 0,
                  "Local Read Blocks": 0,
                  "Local Dirtied Blocks": 0,
                  "Local Written Blocks": 0,
                  "Temp Read Blocks": 0,
                  "Temp Written Blocks": 0,
                  "Workers": []
                }
              ]
            }
          ]
        }
      ]
    },
    "Planning": {
      "Shared Hit Blocks": 71,
      "Shared Read Blocks": 0,
      "Shared Dirtied Blocks": 0,
      "Shared Written Blocks": 0,
      "Local Hit Blocks": 0,
      "Local Read Blocks": 0,
      "Local Dirtied Blocks": 0,
      "Local Written Blocks": 0,
      "Temp Read Blocks": 0,
      "Temp Written Blocks": 0
    },
    "Planning Time": 5.018,
    "Triggers": [],
    "JIT": {
      "Functions": 20,
      "Options": {
        "Inlining": true,
        "Optimization": true,
        "Expressions": true,
        "Deforming": true
      },
      "Timing": {
        "Generation": 7.662,
        "Inlining": 479.003,
        "Optimization": 317.838,
        "Emission": 194.324,
        "Total": 998.827
      }
    },
    "Execution Time": 15515.073
  }
]