[
  {
    "Plan": {
      "Node Type": "Aggregate",
      "Strategy": "Plain",
      "Partial Mode": "Finalize",
      "Parallel Aware": false,
      "Async Capable": false,
      "Startup Cost": 1768603.78,
      "Total Cost": 1768603.8,
      "Plan Rows": 1,
      "Plan Width": 8,
      "Actual Startup Time": 15341.579,
      "Actual Total Time": 15353.248,
      "Actual Rows": 1,
      "Actual Loops": 1,
      "Shared Hit Blocks": 6976,
      "Shared Read Blocks": 780790,
      "Shared Dirtied Blocks": 0,
      "Shared Written Blocks": 0,
      "Local Hit Blocks": 0,
      "Local Read Blocks": 0,
      "Local Dirtied Blocks": 0,
      "Local Written Blocks": 0,
      "Temp Read Blocks": 0,
      "Temp Written Blocks": 0,
      "Plans": [
        {
          "Node Type": "Aggregate",
          "Strategy": "Plain",
          "Partial Mode": "Finalize",
          "Parent Relationship": "InitPlan",
          "Subplan Name": "InitPlan 1 (returns $1)",
          "Parallel Aware": false,
          "Async Capable": false,
          "Startup Cost": 884460.06,
          "Total Cost": 884460.07,
          "Plan Rows": 1,
          "Plan Width": 8,
          "Actual Startup Time": 7480.172,
          "Actual Total Time": 7491.68,
          "Actual Rows": 1,
          "Actual Loops": 1,
          "Shared Hit Blocks": 3520,
          "Shared Read Blocks": 390363,
          "Shared Dirtied Blocks": 0,
          "Shared Written Blocks": 0,
          "Local Hit Blocks": 0,
          "Local Read Blocks": 0,
          "Local Dirtied Blocks": 0,
          "Local Written Blocks": 0,
          "Temp Read Blocks": 0,
          "Temp Written Blocks": 0,
          "Plans": [
            {
              "Node Type": "Gather",
              "Parent Relationship": "Outer",
              "Parallel Aware": false,
              "Async Capable": false,
              "Startup Cost": 884459.95,
              "Total Cost": 884460.06,
              "Plan Rows": 1,
              "Plan Width": 8,
              "Actual Startup Time": 7479.641,
              "Actual Total Time": 7491.638,
              "Actual Rows": 2,
              "Actual Loops": 1,
              "Workers Planned": 1,
              "Workers Launched": 1,
              "Single Copy": false,
              "Shared Hit Blocks": 3520,
              "Shared Read Blocks": 390363,
              "Shared Dirtied Blocks": 0,
              "Shared Written Blocks": 0,
              "Local Hit Blocks": 0,
              "Local Read Blocks": 0,
              "Local Dirtied Blocks": 0,
              "Local Written Blocks": 0,
              "Temp Read Blocks": 0,
              "Temp Written Blocks": 0,
              "Plans": [
                {
                  "Node Type": "Aggregate",
                  "Strategy": "Plain",
                  "Partial Mode": "Partial",
                  "Parent Relationship": "Outer",
                  "Parallel Aware": false,
                  "Async Capable": false,
                  "Startup Cost": 883459.95,
                  "Total Cost": 883459.96,
                  "Plan Rows": 1,
                  "Plan Width": 8,
                  "Actual Startup Time": 7416.364,
                  "Actual Total Time": 7416.367,
                  "Actual Rows": 1,
                  "Actual Loops": 2,
                  "Shared Hit Blocks": 3520,
                  "Shared Read Blocks": 390363,
                  "Shared Dirtied Blocks": 0,
                  "Shared Written Blocks": 0,
                  "Local Hit Blocks": 0,
                  "Local Read Blocks": 0,
                  "Local Dirtied Blocks": 0,
                  "Local Written Blocks": 0,
                  "Temp Read Blocks": 0,
                  "Temp Written Blocks": 0,
                  "Workers": [],
                  "Plans": [
                    {
                      "Node Type": "Seq Scan",
                      "Parent Relationship": "Outer",
                      "Parallel Aware": true,
                      "Async Capable": false,
                      "Relation Name": "timeseries",
                      "Alias": "internal",
                      "Startup Cost": 0.0,
                      "Total Cost": 866542.6,
                      "Plan Rows": 6766941,
                      "Plan Width": 0,
                      "Actual Startup Time": 183.402,
                      "Actual Total Time": 6407.968,
                      "Actual Rows": 5616000,
                      "Actual Loops": 2,
                      "Filter": "((datetime >= '2020-02-01 00:00:00'::timestamp without time zone) AND (datetime <= '2020-02-13 23:59:59'::timestamp without time zone))",
                      "Rows Removed by Filter": 21168000,
                      "Shared Hit Blocks": 3520,
                      "Shared Read Blocks": 390363,
                      "Shared Dirtied Blocks": 0,
                      "Shared Written Blocks": 0,
                      "Local Hit Blocks": 0,
                      "Local Read Blocks": 0,
                      "Local Dirtied Blocks": 0,
                      "Local Written Blocks": 0,
                      "Temp Read Blocks": 0,
                      "Temp Written Blocks": 0,
                      "Workers": []
                    }
                  ]
                }
              ]
            }
          ]
        },
        {
          "Node Type": "Gather",
          "Parent Relationship": "Outer",
          "Parallel Aware": false,
          "Async Capable": false,
          "Startup Cost": 884143.6,
          "Total Cost": 884143.71,
          "Plan Rows": 1,
          "Plan Width": 8,
          "Actual Startup Time": 7860.873,
          "Actual Total Time": 7861.516,
          "Actual Rows": 2,
          "Actual Loops": 1,
          "Workers Planned": 1,
          "Workers Launched": 1,
          "Single Copy": false,
          "Shared Hit Blocks": 3456,
          "Shared Read Blocks": 390427,
          "Shared Dirtied Blocks": 0,
          "Shared Written Blocks": 0,
          "Local Hit Blocks": 0,
          "Local Read Blocks": 0,
          "Local Dirtied Blocks": 0,
          "Local Written Blocks": 0,
          "Temp Read Blocks": 0,
          "Temp Written Blocks": 0,
          "Plans": [
            {
              "Node Type": "Aggregate",
              "Strategy": "Plain",
              "Partial Mode": "Partial",
              "Parent Relationship": "Outer",
              "Parallel Aware": false,
              "Async Capable": false,
              "Startup Cost": 883143.6,
              "Total Cost": 883143.61,
              "Plan Rows": 1,
              "Plan Width": 8,
              "Actual Startup Time": 7735.249,
              "Actual Total Time": 7735.251,
              "Actual Rows": 1,
              "Actual Loops": 2,
              "Shared Hit Blocks": 3456,
              "Shared Read Blocks": 390427,
              "Shared Dirtied Blocks": 0,
              "Shared Written Blocks": 0,
              "Local Hit Blocks": 0,
              "Local Read Blocks": 0,
              "Local Dirtied Blocks": 0,
              "Local Written Blocks": 0,
              "Temp Read Blocks": 0,
              "Temp Written Blocks": 0,
              "Workers": [],
              "Plans": [
                {
                  "Node Type": "Seq Scan",
                  "Parent Relationship": "Outer",
                  "Parallel Aware": true,
                  "Async Capable": false,
                  "Relation Name": "timeseries",
                  "Alias": "external",
                  "Startup Cost": 0.0,
                  "Total Cost": 866542.6,
                  "Plan Rows": 6640399,
                  "Plan Width": 0,
                  "Actual Startup Time": 399.97,
                  "Actual Total Time": 6744.734,
                  "Actual Rows": 5504016,
                  "Actual Loops": 2,
                  "Filter": "(status AND (datetime >= '2020-02-01 00:00:00'::timestamp without time zone) AND (datetime <= '2020-02-13 23:59:59'::timestamp without time zone))",
                  "Rows Removed by Filter": 21279984,
                  "Shared Hit Blocks": 3456,
                  "Shared Read Blocks": 390427,
                  "Shared Dirtied Blocks": 0,
                  "Shared Written Blocks": 0,
                  "Local Hit Blocks": 0,
                  "Local Read Blocks": 0,
                  "Local Dirtied Blocks": 0,
                  "Local Written Blocks": 0,
                  "Temp Read Blocks": 0,
                  "Temp Written Blocks": 0,
                  "Workers": []
                }
              ]
            }
          ]
        }
      ]
    },
    "Planning": {
      "Shared Hit Blocks": 71,
      "Shared Read Blocks": 0,
      "Shared Dirtied Blocks": 0,
      "Shared Written Blocks": 0,
      "Local Hit Blocks": 0,
      "Local Read Blocks": 0,
      "Local Dirtied Blocks": 0,
      "Local Written Blocks": 0,
      "Temp Read Blocks": 0,
      "Temp Written Blocks": 0
    },
    "Planning Time": 4.877,
    "Triggers": [],
    "JIT": {
      "Functions": 20,
      "Options": {
        "Inlining": true,
        "Optimization": true,
        "Expressions": true,
        "Deforming": true
      },
      "Timing": {
        "Generation": 7.701,
        "Inlining": 479.458,
        "Optimization": 318.42,
        "Emission": 194.228,
        "Total": 999.807
      }
    },
    "Execution Time": 15517.665
  }
]