[
  {
    "Plan": {
      "Node Type": "Aggregate",
      "Strategy": "Plain",
      "Partial Mode": "Finalize",
      "Parallel Aware": false,
      "Async Capable": false,
      "Startup Cost": 1205772.81,
      "Total Cost": 1205772.83,
      "Plan Rows": 1,
      "Plan Width": 8,
      "Actual Startup Time": 17054.472,
      "Actual Total Time": 17071.968,
      "Actual Rows": 1,
      "Actual Loops": 1,
      "Shared Hit Blocks": 7537,
      "Shared Read Blocks": 780229,
      "Shared Dirtied Blocks": 0,
      "Shared Written Blocks": 0,
      "Local Hit Blocks": 0,
      "Local Read Blocks": 0,
      "Local Dirtied Blocks": 0,
      "Local Written Blocks": 0,
      "Temp Read Blocks": 0,
      "Temp Written Blocks": 0,
      "Plans": [
        {
          "Node Type": "Aggregate",
          "Strategy": "Plain",
          "Partial Mode": "Finalize",
          "Parent Relationship": "InitPlan",
          "Subplan Name": "InitPlan 1 (returns $1)",
          "Parallel Aware": false,
          "Async Capable": false,
          "Startup Cost": 602953.62,
          "Total Cost": 602953.64,
          "Plan Rows": 1,
          "Plan Width": 8,
          "Actual Startup Time": 8271.369,
          "Actual Total Time": 8288.636,
          "Actual Rows": 1,
          "Actual Loops": 1,
          "Shared Hit Blocks": 3789,
          "Shared Read Blocks": 390094,
          "Shared Dirtied Blocks": 0,
          "Shared Written Blocks": 0,
          "Local Hit Blocks": 0,
          "Local Read Blocks": 0,
          "Local Dirtied Blocks": 0,
          "Local Written Blocks": 0,
          "Temp Read Blocks": 0,
          "Temp Written Blocks": 0,
          "Plans": [
            {
              "Node Type": "Gather",
              "Parent Relationship": "Outer",
              "Parallel Aware": false,
              "Async Capable": false,
              "Startup Cost": 602953.2,
              "Total Cost": 602953.61,
              "Plan Rows": 4,
              "Plan Width": 8,
              "Actual Startup Time": 8271.343,
              "Actual Total Time": 8288.616,
              "Actual Rows": 5,
              "Actual Loops": 1,
              "Workers Planned": 4,
              "Workers Launched": 4,
              "Single Copy": false,
              "Shared Hit Blocks": 3789,
              "Shared Read Blocks": 390094,
              "Shared Dirtied Blocks": 0,
              "Shared Written Blocks": 0,
              "Local Hit Blocks": 0,
              "Local Read Blocks": 0,
              "Local Dirtied Blocks": 0,
              "Local Written Blocks": 0,
              "Temp Read Blocks": 0,
              "Temp Written Blocks": 0,
              "Plans": [
                {
                  "Node Type": "Aggregate",
                  "Strategy": "Plain",
                  "Partial Mode": "Partial",
                  "Parent Relationship": "Outer",
                  "Parallel Aware": false,
                  "Async Capable": false,
                  "Startup Cost": 601953.2,
                  "Total Cost": 601953.21,
                  "Plan Rows": 1,
                  "Plan Width": 8,
                  "Actual Startup Time": 8019.789,
                  "Actual Total Time": 8019.791,
                  "Actual Rows": 1,
                  "Actual Loops": 5,
                  "Shared Hit Blocks": 3789,
                  "Shared Read Blocks": 390094,
                  "Shared Dirtied Blocks": 0,
                  "Shared Written Blocks": 0,
                  "Local Hit Blocks": 0,
                  "Local Read Blocks": 0,
                  "Local Dirtied Blocks": 0,
                  "Local Written Blocks": 0,
                  "Temp Read Blocks": 0,
                  "Temp Written Blocks": 0,
                  "Workers": [],
                  "Plans": [
                    {
                      "Node Type": "Seq Scan",
                      "Parent Relationship": "Outer",
                      "Parallel Aware": true,
                      "Async Capable": false,
                      "Relation Name": "timeseries",
                      "Alias": "internal",
                      "Startup Cost": 0.0,
                      "Total Cost": 594763.33,
                      "Plan Rows": 2875950,
                      "Plan Width": 0,
                      "Actual Startup Time": 585.207,
                      "Actual Total Time": 7045.021,
                      "Actual Rows": 2246400,
                      "Actual Loops": 5,
                      "Filter": "((datetime >= '2020-02-01 00:00:00'::timestamp without time zone) AND (datetime <= '2020-02-13 23:59:59'::timestamp without time zone))",
                      "Rows Removed by Filter": 8467200,
                      "Shared Hit Blocks": 3789,
                      "Shared Read Blocks": 390094,
                      "Shared Dirtied Blocks": 0,
                      "Shared Written Blocks": 0,
                      "Local Hit Blocks": 0,
                      "Local Read Blocks": 0,
                      "Local Dirtied Blocks": 0,
                      "Local Written Blocks": 0,
                      "Temp Read Blocks": 0,
                      "Temp Written Blocks": 0,
                      "Workers": []
                    }
                  ]
                }
              ]
            }
          ]
        },
        {
          "Node Type": "Gather",
          "Parent Relationship": "Outer",
          "Parallel Aware": false,
          "Async Capable": false,
          "Startup Cost": 602818.76,
          "Total Cost": 602819.17,
          "Plan Rows": 4,
          "Plan Width": 8,
          "Actual Startup Time": 8772.362,
          "Actual Total Time": 8783.254,
          "Actual Rows": 5,
          "Actual Loops": 1,
          "Workers Planned": 4,
          "Workers Launched": 4,
          "Single Copy": false,
          "Shared Hit Blocks": 3748,
          "Shared Read Blocks": 390135,
          "Shared Dirtied Blocks": 0,
          "Shared Written Blocks": 0,
          "Local Hit Blocks": 0,
          "Local Read Blocks": 0,
          "Local Dirtied Blocks": 0,
          "Local Written Blocks": 0,
          "Temp Read Blocks": 0,
          "Temp Written Blocks": 0,
          "Plans": [
            {
              "Node Type": "Aggregate",
              "Strategy": "Plain",
              "Partial Mode": "Partial",
              "Parent Relationship": "Outer",
              "Parallel Aware": false,
              "Async Capable": false,
              "Startup Cost": 601818.76,
              "Total Cost": 601818.77,
              "Plan Rows": 1,
              "Plan Width": 8,
              "Actual Startup Time": 8529.571,
              "Actual Total Time": 8529.573,
              "Actual Rows": 1,
              "Actual Loops": 5,
              "Shared Hit Blocks": 3748,
              "Shared Read Blocks": 390135,
              "Shared Dirtied Blocks": 0,
              "Shared Written Blocks": 0,
              "Local Hit Blocks": 0,
              "Local Read Blocks": 0,
              "Local Dirtied Blocks": 0,
              "Local Written Blocks": 0,
              "Temp Read Blocks": 0,
              "Temp Written Blocks": 0,
              "Workers": [],
              "Plans": [
                {
                  "Node Type": "Seq Scan",
                  "Parent Relationship": "Outer",
                  "Parallel Aware": true,
                  "Async Capable": false,
                  "Relation Name": "timeseries",
                  "Alias": "external",
                  "Startup Cost": 0.0,
                  "Total Cost": 594763.33,
                  "Plan Rows": 2822170,
                  "Plan Width": 0,
                  "Actual Startup Time": 845.079,
                  "Actual Total Time": 7470.934,
                  "Actual Rows": 2201606,
                  "Actual Loops": 5,
                  "Filter": "(status AND (datetime >= '2020-02-01 00:00:00'::timestamp without time zone) AND (datetime <= '2020-02-13 23:59:59'::timestamp without time zone))",
                  "Rows Removed by Filter": 8511994,
                  "Shared Hit Blocks": 3748,
                  "Shared Read Blocks": 390135,
                  "Shared Dirtied Blocks": 0,
                  "Shared Written Blocks": 0,
                  "Local Hit Blocks": 0,
                  "Local Read Blocks": 0,
                  "Local Dirtied Blocks": 0,
                  "Local Written Blocks": 0,
                  "Temp Read Blocks": 0,
                  "Temp Written Blocks": 0,
                  "Workers": []
                }
              ]
            }
          ]
        }
      ]
    },
    "Planning": {
      "Shared Hit Blocks": 71,
      "Shared Read Blocks": 0,
      "Shared Dirtied Blocks": 0,
      "Shared Written Blocks": 0,
      "Local Hit Blocks": 0,
      "Local Read Blocks": 0,
      "Local Dirtied Blocks": 0,
      "Local Written Blocks": 0,
      "Temp Read Blocks": 0,
      "Temp Written Blocks": 0
    },
    "Planning Time": 5.076,
    "Triggers": [],
    "JIT": {
      "Functions": 44,
      "Options": {
        "Inlining": true,
        "Optimization": true,
        "Expressions": true,
        "Deforming": true
      },
      "Timing": {
        "Generation": 26.598,
        "Inlining": 3645.222,
        "Optimization": 1860.508,
        "Emission": 1047.829,
        "Total": 6580.158
      }
    },
    "Execution Time": 17234.33
  }
]