[
  {
    "Plan": {
      "Node Type": "Aggregate",
      "Strategy": "Plain",
      "Partial Mode": "Finalize",
      "Parallel Aware": false,
      "Async Capable": false,
      "Startup Cost": 629914.36,
      "Total Cost": 629914.39,
      "Plan Rows": 1,
      "Plan Width": 16,
      "Actual Startup Time": 2985.456,
      "Actual Total Time": 2991.043,
      "Actual Rows": 1,
      "Actual Loops": 1,
      "Shared Hit Blocks": 7200,
      "Shared Read Blocks": 386684,
      "Shared Dirtied Blocks": 0,
      "Shared Written Blocks": 0,
      "Local Hit Blocks": 0,
      "Local Read Blocks": 0,
      "Local Dirtied Blocks": 0,
      "Local Written Blocks": 0,
      "Temp Read Blocks": 0,
      "Temp Written Blocks": 0,
      "Plans": [
        {
          "Node Type": "Aggregate",
          "Strategy": "Plain",
          "Partial Mode": "Finalize",
          "Parent Relationship": "InitPlan",
          "Subplan Name": "InitPlan 1 (returns $1)",
          "Parallel Aware": false,
          "Async Capable": false,
          "Startup Cost": 315122.91,
          "Total Cost": 315122.92,
          "Plan Rows": 1,
          "Plan Width": 8,
          "Actual Startup Time": 1484.386,
          "Actual Total Time": 1489.905,
          "Actual Rows": 1,
          "Actual Loops": 1,
          "Shared Hit Blocks": 3680,
          "Shared Read Blocks": 193262,
          "Shared Dirtied Blocks": 0,
          "Shared Written Blocks": 0,
          "Local Hit Blocks": 0,
          "Local Read Blocks": 0,
          "Local Dirtied Blocks": 0,
          "Local Written Blocks": 0,
          "Temp Read Blocks": 0,
          "Temp Written Blocks": 0,
          "Plans": [
            {
              "Node Type": "Gather",
              "Parent Relationship": "Outer",
              "Parallel Aware": false,
              "Async Capable": false,
              "Startup Cost": 315122.48,
              "Total Cost": 315122.9,
              "Plan Rows": 4,
              "Plan Width": 8,
              "Actual Startup Time": 1484.375,
              "Actual Total Time": 1489.898,
              "Actual Rows": 5,
              "Actual Loops": 1,
              "Workers Planned": 4,
              "Workers Launched": 4,
              "Single Copy": false,
              "Shared Hit Blocks": 3680,
              "Shared Read Blocks": 193262,
              "Shared Dirtied Blocks": 0,
              "Shared Written Blocks": 0,
              "Local Hit Blocks": 0,
              "Local Read Blocks": 0,
              "Local Dirtied Blocks": 0,
              "Local Written Blocks": 0,
              "Temp Read Blocks": 0,
              "Temp Written Blocks": 0,
              "Plans": [
                {
                  "Node Type": "Aggregate",
                  "Strategy": "Plain",
                  "Partial Mode": "Partial",
                  "Parent Relationship": "Outer",
                  "Parallel Aware": false,
                  "Async Capable": false,
                  "Startup Cost": 314122.48,
                  "Total Cost": 314122.49,
                  "Plan Rows": 1,
                  "Plan Width": 8,
                  "Actual Startup Time": 1433.922,
                  "Actual Total Time": 1433.923,
                  "Actual Rows": 1,
                  "Actual Loops": 5,
                  "Shared Hit Blocks": 3680,
                  "Shared Read Blocks": 193262,
                  "Shared Dirtied Blocks": 0,
                  "Shared Written Blocks": 0,
                  "Local Hit Blocks": 0,
                  "Local Read Blocks": 0,
                  "Local Dirtied Blocks": 0,
                  "Local Written Blocks": 0,
                  "Temp Read Blocks": 0,
                  "Temp Written Blocks": 0,
                  "Workers": [],
                  "Plans": [
                    {
                      "Node Type": "Seq Scan",
                      "Parent Relationship": "Outer",
                      "Parallel Aware": true,
                      "Async Capable": false,
                      "Relation Name": "timeseries",
                      "Alias": "internal",
                      "Startup Cost": 0.0,
                      "Total Cost": 297382.42,
                      "Plan Rows": 6696026,
                      "Plan Width": 0,
                      "Actual Startup Time": 114.037,
                      "Actual Total Time": 933.601,
                      "Actual Rows": 5356780,
                      "Actual Loops": 5,
                      "Filter": "((datetime >= '2020-01-01 00:00:00'::timestamp without time zone) AND (datetime <= '2020-01-31 23:59:59'::timestamp without time zone))",
                      "Rows Removed by Filter": 20,
                      "Shared Hit Blocks": 3680,
                      "Shared Read Blocks": 193262,
                      "Shared Dirtied Blocks": 0,
                      "Shared Written Blocks": 0,
                      "Local Hit Blocks": 0,
                      "Local Read Blocks": 0,
                      "Local Dirtied Blocks": 0,
                      "Local Written Blocks": 0,
                      "Temp Read Blocks": 0,
                      "Temp Written Blocks": 0,
                      "Workers": []
                    }
                  ]
                }
              ]
            }
          ]
        },
        {
          "Node Type": "Gather",
          "Parent Relationship": "Outer",
          "Parallel Aware": false,
          "Async Capable": false,
          "Startup Cost": 314791.03,
          "Total Cost": 314791.44,
          "Plan Rows": 4,
          "Plan Width": 8,
          "Actual Startup Time": 1496.526,
          "Actual Total Time": 1501.12,
          "Actual Rows": 5,
          "Actual Loops": 1,
          "Workers Planned": 4,
          "Workers Launched": 4,
          "Single Copy": false,
          "Shared Hit Blocks": 3520,
          "Shared Read Blocks": 193422,
          "Shared Dirtied Blocks": 0,
          "Shared Written Blocks": 0,
          "Local Hit Blocks": 0,
          "Local Read Blocks": 0,
          "Local Dirtied Blocks": 0,
          "Local Written Blocks": 0,
          "Temp Read Blocks": 0,
          "Temp Written Blocks": 0,
          "Plans": [
            {
              "Node Type": "Aggregate",
              "Strategy": "Plain",
              "Partial Mode": "Partial",
              "Parent Relationship": "Outer",
              "Parallel Aware": false,
              "Async Capable": false,
              "Startup Cost": 313791.03,
              "Total Cost": 313791.04,
              "Plan Rows": 1,
              "Plan Width": 8,
              "Actual Startup Time": 1449.563,
              "Actual Total Time": 1449.564,
              "Actual Rows": 1,
              "Actual Loops": 5,
              "Shared Hit Blocks": 3520,
              "Shared Read Blocks": 193422,
              "Shared Dirtied Blocks": 0,
              "Shared Written Blocks": 0,
              "Local Hit Blocks": 0,
              "Local Read Blocks": 0,
              "Local Dirtied Blocks": 0,
              "Local Written Blocks": 0,
              "Temp Read Blocks": 0,
              "Temp Written Blocks": 0,
              "Workers": [],
              "Plans": [
                {
                  "Node Type": "Seq Scan",
                  "Parent Relationship": "Outer",
                  "Parallel Aware": true,
                  "Async Capable": false,
                  "Relation Name": "timeseries",
                  "Alias": "external",
                  "Startup Cost": 0.0,
                  "Total Cost": 297382.42,
                  "Plan Rows": 6563444,
                  "Plan Width": 0,
                  "Actual Startup Time": 135.899,
                  "Actual Total Time": 950.997,
                  "Actual Rows": 5249703,
                  "Actual Loops": 5,
                  "Filter": "(status AND (datetime >= '2020-01-01 00:00:00'::timestamp without time zone) AND (datetime <= '2020-01-31 23:59:59'::timestamp without time zone))",
                  "Rows Removed by Filter": 107097,
                  "Shared Hit Blocks": 3520,
                  "Shared Read Blocks": 193422,
                  "Shared Dirtied Blocks": 0,
                  "Shared Written Blocks": 0,
                  "Local Hit Blocks": 0,
                  "Local Read Blocks": 0,
                  "Local Dirtied Blocks": 0,
                  "Local Written Blocks": 0,
                  "Temp Read Blocks": 0,
                  "Temp Written Blocks": 0,
                  "Workers": []
                }
              ]
            }
          ]
        }
      ]
    },
    "Planning": {
      "Shared Hit Blocks": 126,
      "Shared Read Blocks": 0,
      "Shared Dirtied Blocks": 0,
      "Shared Written Blocks": 0,
      "Local Hit Blocks": 0,
      "Local Read Blocks": 0,
      "Local Dirtied Blocks": 0,
      "Local Written Blocks": 0,
      "Temp Read Blocks": 0,
      "Temp Written Blocks": 0
    },
    "Planning Time": 0.575,
    "Triggers": [],
    "JIT": {
      "Functions": 44,
      "Options": {
        "Inlining": true,
        "Optimization": true,
        "Expressions": true,
        "Deforming": true
      },
      "Timing": {
        "Generation": 4.962,
        "Inlining": 777.948,
        "Optimization": 287.834,
        "Emission": 182.232,
        "Total": 1252.974
      }
    },
    "Execution Time": 3022.222
  }
]