[
  {
    "Plan": {
      "Node Type": "Aggregate",
      "Strategy": "Plain",
      "Partial Mode": "Simple",
      "Parallel Aware": false,
      "Async Capable": false,
      "Startup Cost": 354231.08,
      "Total Cost": 354231.1,
      "Plan Rows": 1,
      "Plan Width": 16,
      "Actual Startup Time": 1879.89,
      "Actual Total Time": 1879.894,
      "Actual Rows": 1,
      "Actual Loops": 1,
      "Shared Hit Blocks": 43978,
      "Shared Read Blocks": 0,
      "Shared Dirtied Blocks": 0,
      "Shared Written Blocks": 0,
      "Local Hit Blocks": 0,
      "Local Read Blocks": 0,
      "Local Dirtied Blocks": 0,
      "Local Written Blocks": 0,
      "Temp Read Blocks": 0,
      "Temp Written Blocks": 0,
      "Plans": [
        {
          "Node Type": "Aggregate",
          "Strategy": "Plain",
          "Partial Mode": "Simple",
          "Parent Relationship": "InitPlan",
          "Subplan Name": "InitPlan 1 (returns $1)",
          "Parallel Aware": false,
          "Async Capable": false,
          "Startup Cost": 177446.98,
          "Total Cost": 177446.99,
          "Plan Rows": 1,
          "Plan Width": 8,
          "Actual Startup Time": 952.733,
          "Actual Total Time": 952.734,
          "Actual Rows": 1,
          "Actual Loops": 1,
          "Shared Hit Blocks": 21989,
          "Shared Read Blocks": 0,
          "Shared Dirtied Blocks": 0,
          "Shared Written Blocks": 0,
          "Local Hit Blocks": 0,
          "Local Read Blocks": 0,
          "Local Dirtied Blocks": 0,
          "Local Written Blocks": 0,
          "Temp Read Blocks": 0,
          "Temp Written Blocks": 0,
          "Plans": [
            {
              "Node Type": "Nested Loop",
              "Parent Relationship": "Outer",
              "Parallel Aware": false,
              "Async Capable": false,
              "Join Type": "Inner",
              "Startup Cost": 0.44,
              "Total Cost": 170750.95,
              "Plan Rows": 2678410,
              "Plan Width": 0,
              "Actual Startup Time": 0.036,
              "Actual Total Time": 759.095,
              "Actual Rows": 2678390,
              "Actual Loops": 1,
              "Inner Unique": false,
              "Shared Hit Blocks": 21989,
              "Shared Read Blocks": 0,
              "Shared Dirtied Blocks": 0,
              "Shared Written Blocks": 0,
              "Local Hit Blocks": 0,
              "Local Read Blocks": 0,
              "Local Dirtied Blocks": 0,
              "Local Written Blocks": 0,
              "Temp Read Blocks": 0,
              "Temp Written Blocks": 0,
              "Plans": [
                {
                  "Node Type": "Seq Scan",
                  "Parent Relationship": "Outer",
                  "Parallel Aware": false,
                  "Async Capable": false,
                  "Relation Name": "resources",
                  "Alias": "r_1",
                  "Startup Cost": 0.0,
                  "Total Cost": 2.25,
                  "Plan Rows": 10,
                  "Plan Width": 4,
                  "Actual Startup Time": 0.014,
                  "Actual Total Time": 0.041,
                  "Actual Rows": 10,
                  "Actual Loops": 1,
                  "Filter": "(r_group = 5)",
                  "Rows Removed by Filter": 90,
                  "Shared Hit Blocks": 1,
                  "Shared Read Blocks": 0,
                  "Shared Dirtied Blocks": 0,
                  "Shared Written Blocks": 0,
                  "Local Hit Blocks": 0,
                  "Local Read Blocks": 0,
                  "Local Dirtied Blocks": 0,
                  "Local Written Blocks": 0,
                  "Temp Read Blocks": 0,
                  "Temp Written Blocks": 0
                },
                {
                  "Node Type": "Index Scan",
                  "Parent Relationship": "Inner",
                  "Parallel Aware": false,
                  "Async Capable": false,
                  "Scan Direction": "Forward",
                  "Index Name": "timeseries_resource_index",
                  "Relation Name": "timeseries",
                  "Alias": "internal",
                  "Startup Cost": 0.44,
                  "Total Cost": 14396.46,
                  "Plan Rows": 267841,
                  "Plan Width": 4,
                  "Actual Startup Time": 0.014,
                  "Actual Total Time": 48.735,
                  "Actual Rows": 267839,
                  "Actual Loops": 10,
                  "Index Cond": "(resource = r_1.id)",
                  "Rows Removed by Index Recheck": 0,
                  "Filter": "((datetime >= '2020-01-01 00:00:00'::timestamp without time zone) AND (datetime <= '2020-01-31 23:59:59'::timestamp without time zone))",
                  "Rows Removed by Filter": 1,
                  "Shared Hit Blocks": 21988,
                  "Shared Read Blocks": 0,
                  "Shared Dirtied Blocks": 0,
                  "Shared Written Blocks": 0,
                  "Local Hit Blocks": 0,
                  "Local Read Blocks": 0,
                  "Local Dirtied Blocks": 0,
                  "Local Written Blocks": 0,
                  "Temp Read Blocks": 0,
                  "Temp Written Blocks": 0
                }
              ]
            }
          ]
        },
        {
          "Node Type": "Nested Loop",
          "Parent Relationship": "Outer",
          "Parallel Aware": false,
          "Async Capable": false,
          "Join Type": "Inner",
          "Startup Cost": 0.44,
          "Total Cost": 170220.65,
          "Plan Rows": 2625378,
          "Plan Width": 0,
          "Actual Startup Time": 10.027,
          "Actual Total Time": 746.075,
          "Actual Rows": 2625006,
          "Actual Loops": 1,
          "Inner Unique": false,
          "Shared Hit Blocks": 21989,
          "Shared Read Blocks": 0,
          "Shared Dirtied Blocks": 0,
          "Shared Written Blocks": 0,
          "Local Hit Blocks": 0,
          "Local Read Blocks": 0,
          "Local Dirtied Blocks": 0,
          "Local Written Blocks": 0,
          "Temp Read Blocks": 0,
          "Temp Written Blocks": 0,
          "Plans": [
            {
              "Node Type": "Seq Scan",
              "Parent Relationship": "Outer",
              "Parallel Aware": false,
              "Async Capable": false,
              "Relation Name": "resources",
              "Alias": "r",
              "Startup Cost": 0.0,
              "Total Cost": 2.25,
              "Plan Rows": 10,
              "Plan Width": 4,
              "Actual Startup Time": 10.004,
              "Actual Total Time": 10.03,
              "Actual Rows": 10,
              "Actual Loops": 1,
              "Filter": "(r_group = 5)",
              "Rows Removed by Filter": 90,
              "Shared Hit Blocks": 1,
              "Shared Read Blocks": 0,
              "Shared Dirtied Blocks": 0,
              "Shared Written Blocks": 0,
              "Local Hit Blocks": 0,
              "Local Read Blocks": 0,
              "Local Dirtied Blocks": 0,
              "Local Written Blocks": 0,
              "Temp Read Blocks": 0,
              "Temp Written Blocks": 0
            },
            {
              "Node Type": "Index Scan",
              "Parent Relationship": "Inner",
              "Parallel Aware": false,
              "Async Capable": false,
              "Scan Direction": "Forward",
              "Index Name": "timeseries_resource_index",
              "Relation Name": "timeseries",
              "Alias": "external",
              "Startup Cost": 0.44,
              "Total Cost": 14396.46,
              "Plan Rows": 262538,
              "Plan Width": 4,
              "Actual Startup Time": 0.012,
              "Actual Total Time": 48.436,
              "Actual Rows": 262501,
              "Actual Loops": 10,
              "Index Cond": "(resource = r.id)",
              "Rows Removed by Index Recheck": 0,
              "Filter": "(status AND (datetime >= '2020-01-01 00:00:00'::timestamp without time zone) AND (datetime <= '2020-01-31 23:59:59'::timestamp without time zone))",
              "Rows Removed by Filter": 5339,
              "Shared Hit Blocks": 21988,
              "Shared Read Blocks": 0,
              "Shared Dirtied Blocks": 0,
              "Shared Written Blocks": 0,
              "Local Hit Blocks": 0,
              "Local Read Blocks": 0,
              "Local Dirtied Blocks": 0,
              "Local Written Blocks": 0,
              "Temp Read Blocks": 0,
              "Temp Written Blocks": 0
            }
          ]
        }
      ]
    },
    "Planning": {
      "Shared Hit Blocks": 292,
      "Shared Read Blocks": 0,
      "Shared Dirtied Blocks": 0,
      "Shared Written Blocks": 0,
      "Local Hit Blocks": 0,
      "Local Read Blocks": 0,
      "Local Dirtied Blocks": 0,
      "Local Written Blocks": 0,
      "Temp Read Blocks": 0,
      "Temp Written Blocks": 0
    },
    "Planning Time": 0.797,
    "Triggers": [],
    "JIT": {
      "Functions": 20,
      "Options": {
        "Inlining": false,
        "Optimization": false,
        "Expressions": true,
        "Deforming": true
      },
      "Timing": {
        "Generation": 1.393,
        "Inlining": 0.0,
        "Optimization": 0.4,
        "Emission": 9.401,
        "Total": 11.193
      }
    },
    "Execution Time": 1907.712
  }
]