[
  {
    "Plan": {
      "Node Type": "Aggregate",
      "Strategy": "Hashed",
      "Partial Mode": "Simple",
      "Parallel Aware": false,
      "Async Capable": false,
      "Startup Cost": 141034090.39,
      "Total Cost": 173687957.45,
      "Plan Rows": 535682200,
      "Plan Width": 28,
      "Actual Startup Time": 13340.618,
      "Actual Total Time": 13342.111,
      "Actual Rows": 310,
      "Actual Loops": 1,
      "Group Key": [
        "external.resource",
        "date_trunc('day'::text, external.datetime)",
        "(count(*))"
      ],
      "Planned Partitions": 1024,
      "HashAgg Batches": 1,
      "Peak Memory Usage": 12369,
      "Disk Usage": 0,
      "Shared Hit Blocks": 42324,
      "Shared Read Blocks": 176607,
      "Shared Dirtied Blocks": 0,
      "Shared Written Blocks": 0,
      "Local Hit Blocks": 0,
      "Local Read Blocks": 0,
      "Local Dirtied Blocks": 0,
      "Local Written Blocks": 0,
      "Temp Read Blocks": 84916,
      "Temp Written Blocks": 84916,
      "Plans": [
        {
          "Node Type": "Hash Join",
          "Parent Relationship": "Outer",
          "Parallel Aware": false,
          "Async Capable": false,
          "Join Type": "Inner",
          "Startup Cost": 484627.43,
          "Total Cost": 5891415.15,
          "Plan Rows": 1757953499,
          "Plan Width": 20,
          "Actual Startup Time": 5203.949,
          "Actual Total Time": 12868.879,
          "Actual Rows": 2624996,
          "Actual Loops": 1,
          "Inner Unique": true,
          "Hash Cond": "((external.resource = internal.resource) AND (date_trunc('day'::text, external.datetime) = (date_trunc('day'::text, internal.datetime))))",
          "Shared Hit Blocks": 42324,
          "Shared Read Blocks": 176607,
          "Shared Dirtied Blocks": 0,
          "Shared Written Blocks": 0,
          "Local Hit Blocks": 0,
          "Local Read Blocks": 0,
          "Local Dirtied Blocks": 0,
          "Local Written Blocks": 0,
          "Temp Read Blocks": 84916,
          "Temp Written Blocks": 84916,
          "Plans": [
            {
              "Node Type": "Seq Scan",
              "Parent Relationship": "Outer",
              "Parallel Aware": false,
              "Async Capable": false,
              "Relation Name": "timeseries",
              "Alias": "external",
              "Startup Cost": 0.0,
              "Total Cost": 598703.68,
              "Plan Rows": 26253678,
              "Plan Width": 12,
              "Actual Startup Time": 276.385,
              "Actual Total Time": 3323.36,
              "Actual Rows": 26248420,
              "Actual Loops": 1,
              "Filter": "(status AND (datetime >= '2020-01-01 00:00:00'::timestamp without time zone) AND (datetime <= '2020-01-31 23:59:49'::timestamp without time zone))",
              "Rows Removed by Filter": 535580,
              "Shared Hit Blocks": 20335,
              "Shared Read Blocks": 176607,
              "Shared Dirtied Blocks": 0,
              "Shared Written Blocks": 0,
              "Local Hit Blocks": 0,
              "Local Read Blocks": 0,
              "Local Dirtied Blocks": 0,
              "Local Written Blocks": 0,
              "Temp Read Blocks": 0,
              "Temp Written Blocks": 0
            },
            {
              "Node Type": "Hash",
              "Parent Relationship": "Inner",
              "Parallel Aware": false,
              "Async Capable": false,
              "Startup Cost": 428757.26,
              "Total Cost": 428757.26,
              "Plan Rows": 2678411,
              "Plan Width": 20,
              "Actual Startup Time": 1200.425,
              "Actual Total Time": 1200.428,
              "Actual Rows": 320,
              "Actual Loops": 1,
              "Hash Buckets": 1048576,
              "Original Hash Buckets": 1048576,
              "Hash Batches": 4,
              "Original Hash Batches": 4,
              "Peak Memory Usage": 8197,
              "Shared Hit Blocks": 21989,
              "Shared Read Blocks": 0,
              "Shared Dirtied Blocks": 0,
              "Shared Written Blocks": 0,
              "Local Hit Blocks": 0,
              "Local Read Blocks": 0,
              "Local Dirtied Blocks": 0,
              "Local Written Blocks": 0,
              "Temp Read Blocks": 0,
              "Temp Written Blocks": 0,
              "Plans": [
                {
                  "Node Type": "Aggregate",
                  "Strategy": "Hashed",
                  "Partial Mode": "Simple",
                  "Parent Relationship": "Outer",
                  "Parallel Aware": false,
                  "Async Capable": false,
                  "Startup Cost": 342336.66,
                  "Total Cost": 401973.15,
                  "Plan Rows": 2678411,
                  "Plan Width": 20,
                  "Actual Startup Time": 1196.807,
                  "Actual Total Time": 1199.724,
                  "Actual Rows": 320,
                  "Actual Loops": 1,
                  "Group Key": [
                    "internal.resource",
                    "date_trunc('day'::text, internal.datetime)"
                  ],
                  "Planned Partitions": 8,
                  "HashAgg Batches": 1,
                  "Peak Memory Usage": 24625,
                  "Disk Usage": 0,
                  "Shared Hit Blocks": 21989,
                  "Shared Read Blocks": 0,
                  "Shared Dirtied Blocks": 0,
                  "Shared Written Blocks": 0,
                  "Local Hit Blocks": 0,
                  "Local Read Blocks": 0,
                  "Local Dirtied Blocks": 0,
                  "Local Written Blocks": 0,
                  "Temp Read Blocks": 0,
                  "Temp Written Blocks": 0,
                  "Plans": [
                    {
                      "Node Type": "Nested Loop",
                      "Parent Relationship": "Outer",
                      "Parallel Aware": false,
                      "Async Capable": false,
                      "Join Type": "Inner",
                      "Startup Cost": 0.44,
                      "Total Cost": 164054.93,
                      "Plan Rows": 2678411,
                      "Plan Width": 12,
                      "Actual Startup Time": 0.056,
                      "Actual Total Time": 805.924,
                      "Actual Rows": 2678400,
                      "Actual Loops": 1,
                      "Inner Unique": false,
                      "Shared Hit Blocks": 21989,
                      "Shared Read Blocks": 0,
                      "Shared Dirtied Blocks": 0,
                      "Shared Written Blocks": 0,
                      "Local Hit Blocks": 0,
                      "Local Read Blocks": 0,
                      "Local Dirtied Blocks": 0,
                      "Local Written Blocks": 0,
                      "Temp Read Blocks": 0,
                      "Temp Written Blocks": 0,
                      "Plans": [
                        {
                          "Node Type": "Seq Scan",
                          "Parent Relationship": "Outer",
                          "Parallel Aware": false,
                          "Async Capable": false,
                          "Relation Name": "resources",
                          "Alias": "r",
                          "Startup Cost": 0.0,
                          "Total Cost": 2.25,
                          "Plan Rows": 10,
                          "Plan Width": 4,
                          "Actual Startup Time": 0.023,
                          "Actual Total Time": 0.046,
                          "Actual Rows": 10,
                          "Actual Loops": 1,
                          "Filter": "(r_group = 5)",
                          "Rows Removed by Filter": 90,
                          "Shared Hit Blocks": 1,
                          "Shared Read Blocks": 0,
                          "Shared Dirtied Blocks": 0,
                          "Shared Written Blocks": 0,
                          "Local Hit Blocks": 0,
                          "Local Read Blocks": 0,
                          "Local Dirtied Blocks": 0,
                          "Local Written Blocks": 0,
                          "Temp Read Blocks": 0,
                          "Temp Written Blocks": 0
                        },
                        {
                          "Node Type": "Index Scan",
                          "Parent Relationship": "Inner",
                          "Parallel Aware": false,
                          "Async Capable": false,
                          "Scan Direction": "Forward",
                          "Index Name": "timeseries_resource_index",
                          "Relation Name": "timeseries",
                          "Alias": "internal",
                          "Startup Cost": 0.44,
                          "Total Cost": 13057.26,
                          "Plan Rows": 267841,
                          "Plan Width": 12,
                          "Actual Startup Time": 0.011,
                          "Actual Total Time": 34.332,
                          "Actual Rows": 267840,
                          "Actual Loops": 10,
                          "Index Cond": "(resource = r.id)",
                          "Rows Removed by Index Recheck": 0,
                          "Shared Hit Blocks": 21988,
                          "Shared Read Blocks": 0,
                          "Shared Dirtied Blocks": 0,
                          "Shared Written Blocks": 0,
                          "Local Hit Blocks": 0,
                          "Local Read Blocks": 0,
                          "Local Dirtied Blocks": 0,
                          "Local Written Blocks": 0,
                          "Temp Read Blocks": 0,
                          "Temp Written Blocks": 0
                        }
                      ]
                    }
                  ]
                }
              ]
            }
          ]
        }
      ]
    },
    "Planning": {
      "Shared Hit Blocks": 220,
      "Shared Read Blocks": 0,
      "Shared Dirtied Blocks": 0,
      "Shared Written Blocks": 0,
      "Local Hit Blocks": 0,
      "Local Read Blocks": 0,
      "Local Dirtied Blocks": 0,
      "Local Written Blocks": 0,
      "Temp Read Blocks": 0,
      "Temp Written Blocks": 0
    },
    "Planning Time": 1.038,
    "Triggers": [],
    "JIT": {
      "Functions": 29,
      "Options": {
        "Inlining": true,
        "Optimization": true,
        "Expressions": true,
        "Deforming": true
      },
      "Timing": {
        "Generation": 3.111,
        "Inlining": 55.248,
        "Optimization": 129.698,
        "Emission": 90.899,
        "Total": 278.956
      }
    },
    "Execution Time": 13387.658
  }
]