[
  {
    "Plan": {
      "Node Type": "Aggregate",
      "Strategy": "Plain",
      "Partial Mode": "Finalize",
      "Parallel Aware": false,
      "Async Capable": false,
      "Startup Cost": 583108.66,
      "Total Cost": 583108.68,
      "Plan Rows": 1,
      "Plan Width": 16,
      "Actual Startup Time": 3265.543,
      "Actual Total Time": 3269.848,
      "Actual Rows": 1,
      "Actual Loops": 1,
      "Shared Hit Blocks": 4032,
      "Shared Read Blocks": 389852,
      "Shared Dirtied Blocks": 0,
      "Shared Written Blocks": 0,
      "Local Hit Blocks": 0,
      "Local Read Blocks": 0,
      "Local Dirtied Blocks": 0,
      "Local Written Blocks": 0,
      "Temp Read Blocks": 0,
      "Temp Written Blocks": 0,
      "Plans": [
        {
          "Node Type": "Aggregate",
          "Strategy": "Plain",
          "Partial Mode": "Finalize",
          "Parent Relationship": "InitPlan",
          "Subplan Name": "InitPlan 1 (returns $1)",
          "Parallel Aware": false,
          "Async Capable": false,
          "Startup Cost": 291686.91,
          "Total Cost": 291686.92,
          "Plan Rows": 1,
          "Plan Width": 8,
          "Actual Startup Time": 1603.428,
          "Actual Total Time": 1607.615,
          "Actual Rows": 1,
          "Actual Loops": 1,
          "Shared Hit Blocks": 2112,
          "Shared Read Blocks": 194830,
          "Shared Dirtied Blocks": 0,
          "Shared Written Blocks": 0,
          "Local Hit Blocks": 0,
          "Local Read Blocks": 0,
          "Local Dirtied Blocks": 0,
          "Local Written Blocks": 0,
          "Temp Read Blocks": 0,
          "Temp Written Blocks": 0,
          "Plans": [
            {
              "Node Type": "Gather",
              "Parent Relationship": "Outer",
              "Parallel Aware": false,
              "Async Capable": false,
              "Startup Cost": 291686.39,
              "Total Cost": 291686.9,
              "Plan Rows": 5,
              "Plan Width": 8,
              "Actual Startup Time": 1603.415,
              "Actual Total Time": 1607.605,
              "Actual Rows": 6,
              "Actual Loops": 1,
              "Workers Planned": 5,
              "Workers Launched": 5,
              "Single Copy": false,
              "Shared Hit Blocks": 2112,
              "Shared Read Blocks": 194830,
              "Shared Dirtied Blocks": 0,
              "Shared Written Blocks": 0,
              "Local Hit Blocks": 0,
              "Local Read Blocks": 0,
              "Local Dirtied Blocks": 0,
              "Local Written Blocks": 0,
              "Temp Read Blocks": 0,
              "Temp Written Blocks": 0,
              "Plans": [
                {
                  "Node Type": "Aggregate",
                  "Strategy": "Plain",
                  "Partial Mode": "Partial",
                  "Parent Relationship": "Outer",
                  "Parallel Aware": false,
                  "Async Capable": false,
                  "Startup Cost": 290686.39,
                  "Total Cost": 290686.4,
                  "Plan Rows": 1,
                  "Plan Width": 8,
                  "Actual Startup Time": 1534.985,
                  "Actual Total Time": 1534.986,
                  "Actual Rows": 1,
                  "Actual Loops": 6,
                  "Shared Hit Blocks": 2112,
                  "Shared Read Blocks": 194830,
                  "Shared Dirtied Blocks": 0,
                  "Shared Written Blocks": 0,
                  "Local Hit Blocks": 0,
                  "Local Read Blocks": 0,
                  "Local Dirtied Blocks": 0,
                  "Local Written Blocks": 0,
                  "Temp Read Blocks": 0,
                  "Temp Written Blocks": 0,
                  "Workers": [],
                  "Plans": [
                    {
                      "Node Type": "Seq Scan",
                      "Parent Relationship": "Outer",
                      "Parallel Aware": true,
                      "Async Capable": false,
                      "Relation Name": "timeseries",
                      "Alias": "internal",
                      "Startup Cost": 0.0,
                      "Total Cost": 277294.34,
                      "Plan Rows": 5356820,
                      "Plan Width": 0,
                      "Actual Startup Time": 122.302,
                      "Actual Total Time": 1012.937,
                      "Actual Rows": 4463983,
                      "Actual Loops": 6,
                      "Filter": "((datetime >= '2020-01-01 00:00:00'::timestamp without time zone) AND (datetime <= '2020-01-31 23:59:59'::timestamp without time zone))",
                      "Rows Removed by Filter": 17,
                      "Shared Hit Blocks": 2112,
                      "Shared Read Blocks": 194830,
                      "Shared Dirtied Blocks": 0,
                      "Shared Written Blocks": 0,
                      "Local Hit Blocks": 0,
                      "Local Read Blocks": 0,
                      "Local Dirtied Blocks": 0,
                      "Local Written Blocks": 0,
                      "Temp Read Blocks": 0,
                      "Temp Written Blocks": 0,
                      "Workers": []
                    }
                  ]
                }
              ]
            }
          ]
        },
        {
          "Node Type": "Gather",
          "Parent Relationship": "Outer",
          "Parallel Aware": false,
          "Async Capable": false,
          "Startup Cost": 291421.22,
          "Total Cost": 291421.73,
          "Plan Rows": 5,
          "Plan Width": 8,
          "Actual Startup Time": 1658.552,
          "Actual Total Time": 1662.213,
          "Actual Rows": 6,
          "Actual Loops": 1,
          "Workers Planned": 5,
          "Workers Launched": 5,
          "Single Copy": false,
          "Shared Hit Blocks": 1920,
          "Shared Read Blocks": 195022,
          "Shared Dirtied Blocks": 0,
          "Shared Written Blocks": 0,
          "Local Hit Blocks": 0,
          "Local Read Blocks": 0,
          "Local Dirtied Blocks": 0,
          "Local Written Blocks": 0,
          "Temp Read Blocks": 0,
          "Temp Written Blocks": 0,
          "Plans": [
            {
              "Node Type": "Aggregate",
              "Strategy": "Plain",
              "Partial Mode": "Partial",
              "Parent Relationship": "Outer",
              "Parallel Aware": false,
              "Async Capable": false,
              "Startup Cost": 290421.22,
              "Total Cost": 290421.23,
              "Plan Rows": 1,
              "Plan Width": 8,
              "Actual Startup Time": 1587.131,
              "Actual Total Time": 1587.132,
              "Actual Rows": 1,
              "Actual Loops": 6,
              "Shared Hit Blocks": 1920,
              "Shared Read Blocks": 195022,
              "Shared Dirtied Blocks": 0,
              "Shared Written Blocks": 0,
              "Local Hit Blocks": 0,
              "Local Read Blocks": 0,
              "Local Dirtied Blocks": 0,
              "Local Written Blocks": 0,
              "Temp Read Blocks": 0,
              "Temp Written Blocks": 0,
              "Workers": [],
              "Plans": [
                {
                  "Node Type": "Seq Scan",
                  "Parent Relationship": "Outer",
                  "Parallel Aware": true,
                  "Async Capable": false,
                  "Relation Name": "timeseries",
                  "Alias": "external",
                  "Startup Cost": 0.0,
                  "Total Cost": 277294.34,
                  "Plan Rows": 5250755,
                  "Plan Width": 0,
                  "Actual Startup Time": 165.537,
                  "Actual Total Time": 1095.866,
                  "Actual Rows": 4374753,
                  "Actual Loops": 6,
                  "Filter": "(status AND (datetime >= '2020-01-01 00:00:00'::timestamp without time zone) AND (datetime <= '2020-01-31 23:59:59'::timestamp without time zone))",
                  "Rows Removed by Filter": 89247,
                  "Shared Hit Blocks": 1920,
                  "Shared Read Blocks": 195022,
                  "Shared Dirtied Blocks": 0,
                  "Shared Written Blocks": 0,
                  "Local Hit Blocks": 0,
                  "Local Read Blocks": 0,
                  "Local Dirtied Blocks": 0,
                  "Local Written Blocks": 0,
                  "Temp Read Blocks": 0,
                  "Temp Written Blocks": 0,
                  "Workers": []
                }
              ]
            }
          ]
        }
      ]
    },
    "Planning": {
      "Shared Hit Blocks": 126,
      "Shared Read Blocks": 0,
      "Shared Dirtied Blocks": 0,
      "Shared Written Blocks": 0,
      "Local Hit Blocks": 0,
      "Local Read Blocks": 0,
      "Local Dirtied Blocks": 0,
      "Local Written Blocks": 0,
      "Temp Read Blocks": 0,
      "Temp Written Blocks": 0
    },
    "Planning Time": 0.538,
    "Triggers": [],
    "JIT": {
      "Functions": 52,
      "Options": {
        "Inlining": true,
        "Optimization": true,
        "Expressions": true,
        "Deforming": true
      },
      "Timing": {
        "Generation": 22.217,
        "Inlining": 1027.606,
        "Optimization": 363.687,
        "Emission": 333.609,
        "Total": 1747.119
      }
    },
    "Execution Time": 3301.439
  }
]