[
  {
    "Plan": {
      "Node Type": "Aggregate",
      "Strategy": "Sorted",
      "Partial Mode": "Finalize",
      "Parallel Aware": false,
      "Async Capable": false,
      "Startup Cost": 900748.93,
      "Total Cost": 900761.93,
      "Plan Rows": 100,
      "Plan Width": 12,
      "Actual Startup Time": 9652.5,
      "Actual Total Time": 9663.677,
      "Actual Rows": 100,
      "Actual Loops": 1,
      "Group Key": [
        "resource"
      ],
      "Shared Hit Blocks": 903,
      "Shared Read Blocks": 392987,
      "Shared Dirtied Blocks": 0,
      "Shared Written Blocks": 0,
      "Local Hit Blocks": 0,
      "Local Read Blocks": 0,
      "Local Dirtied Blocks": 0,
      "Local Written Blocks": 0,
      "Temp Read Blocks": 0,
      "Temp Written Blocks": 0,
      "Plans": [
        {
          "Node Type": "Gather Merge",
          "Parent Relationship": "Outer",
          "Parallel Aware": false,
          "Async Capable": false,
          "Startup Cost": 900748.93,
          "Total Cost": 900760.43,
          "Plan Rows": 100,
          "Plan Width": 12,
          "Actual Startup Time": 9652.48,
          "Actual Total Time": 9663.527,
          "Actual Rows": 200,
          "Actual Loops": 1,
          "Workers Planned": 1,
          "Workers Launched": 1,
          "Shared Hit Blocks": 903,
          "Shared Read Blocks": 392987,
          "Shared Dirtied Blocks": 0,
          "Shared Written Blocks": 0,
          "Local Hit Blocks": 0,
          "Local Read Blocks": 0,
          "Local Dirtied Blocks": 0,
          "Local Written Blocks": 0,
          "Temp Read Blocks": 0,
          "Temp Written Blocks": 0,
          "Plans": [
            {
              "Node Type": "Sort",
              "Parent Relationship": "Outer",
              "Parallel Aware": false,
              "Async Capable": false,
              "Startup Cost": 899748.92,
              "Total Cost": 899749.17,
              "Plan Rows": 100,
              "Plan Width": 12,
              "Actual Startup Time": 9560.663,
              "Actual Total Time": 9560.682,
              "Actual Rows": 100,
              "Actual Loops": 2,
              "Sort Key": [
                "resource"
              ],
              "Sort Method": "quicksort",
              "Sort Space Used": 30,
              "Sort Space Type": "Memory",
              "Shared Hit Blocks": 903,
              "Shared Read Blocks": 392987,
              "Shared Dirtied Blocks": 0,
              "Shared Written Blocks": 0,
              "Local Hit Blocks": 0,
              "Local Read Blocks": 0,
              "Local Dirtied Blocks": 0,
              "Local Written Blocks": 0,
              "Temp Read Blocks": 0,
              "Temp Written Blocks": 0,
              "Workers": [
                {
                  "Worker Number": 0,
                  "Sort Method": "quicksort",
                  "Sort Space Used": 30,
                  "Sort Space Type": "Memory"
                }
              ],
              "Plans": [
                {
                  "Node Type": "Aggregate",
                  "Strategy": "Hashed",
                  "Partial Mode": "Partial",
                  "Parent Relationship": "Outer",
                  "Parallel Aware": false,
                  "Async Capable": false,
                  "Startup Cost": 899744.6,
                  "Total Cost": 899745.6,
                  "Plan Rows": 100,
                  "Plan Width": 12,
                  "Actual Startup Time": 9560.484,
                  "Actual Total Time": 9560.531,
                  "Actual Rows": 100,
                  "Actual Loops": 2,
                  "Group Key": [
                    "resource"
                  ],
                  "Planned Partitions": 0,
                  "HashAgg Batches": 1,
                  "Peak Memory Usage": 40,
                  "Disk Usage": 0,
                  "Shared Hit Blocks": 896,
                  "Shared Read Blocks": 392987,
                  "Shared Dirtied Blocks": 0,
                  "Shared Written Blocks": 0,
                  "Local Hit Blocks": 0,
                  "Local Read Blocks": 0,
                  "Local Dirtied Blocks": 0,
                  "Local Written Blocks": 0,
                  "Temp Read Blocks": 0,
                  "Temp Written Blocks": 0,
                  "Workers": [
                    {
                      "Worker Number": 0,
                      "HashAgg Batches": 1,
                      "Peak Memory Usage": 40,
                      "Disk Usage": 0
                    }
                  ],
                  "Plans": [
                    {
                      "Node Type": "Seq Scan",
                      "Parent Relationship": "Outer",
                      "Parallel Aware": true,
                      "Async Capable": false,
                      "Relation Name": "timeseries",
                      "Alias": "timeseries",
                      "Startup Cost": 0.0,
                      "Total Cost": 866542.6,
                      "Plan Rows": 6640399,
                      "Plan Width": 4,
                      "Actual Startup Time": 485.212,
                      "Actual Total Time": 6944.294,
                      "Actual Rows": 5504016,
                      "Actual Loops": 2,
                      "Filter": "(status AND (datetime >= '2020-02-01 00:00:00'::timestamp without time zone) AND (datetime <= '2020-02-13 23:59:59'::timestamp without time zone))",
                      "Rows Removed by Filter": 21279984,
                      "Shared Hit Blocks": 896,
                      "Shared Read Blocks": 392987,
                      "Shared Dirtied Blocks": 0,
                      "Shared Written Blocks": 0,
                      "Local Hit Blocks": 0,
                      "Local Read Blocks": 0,
                      "Local Dirtied Blocks": 0,
                      "Local Written Blocks": 0,
                      "Temp Read Blocks": 0,
                      "Temp Written Blocks": 0,
                      "Workers": []
                    }
                  ]
                }
              ]
            }
          ]
        }
      ]
    },
    "Planning": {
      "Shared Hit Blocks": 91,
      "Shared Read Blocks": 0,
      "Shared Dirtied Blocks": 0,
      "Shared Written Blocks": 0,
      "Local Hit Blocks": 0,
      "Local Read Blocks": 0,
      "Local Dirtied Blocks": 0,
      "Local Written Blocks": 0,
      "Temp Read Blocks": 0,
      "Temp Written Blocks": 0
    },
    "Planning Time": 5.078,
    "Triggers": [],
    "JIT": {
      "Functions": 19,
      "Options": {
        "Inlining": true,
        "Optimization": true,
        "Expressions": true,
        "Deforming": true
      },
      "Timing": {
        "Generation": 6.545,
        "Inlining": 317.152,
        "Optimization": 365.418,
        "Emission": 229.186,
        "Total": 918.301
      }
    },
    "Execution Time": 9929.326
  }
]