[
  {
    "Plan": {
      "Node Type": "Aggregate",
      "Strategy": "Sorted",
      "Partial Mode": "Simple",
      "Parallel Aware": false,
      "Async Capable": false,
      "Startup Cost": 0.44,
      "Total Cost": 967798.73,
      "Plan Rows": 100,
      "Plan Width": 20,
      "Actual Startup Time": 311.754,
      "Actual Total Time": 311.756,
      "Actual Rows": 1,
      "Actual Loops": 1,
      "Group Key": [
        "external.resource"
      ],
      "Shared Hit Blocks": 4396,
      "Shared Read Blocks": 0,
      "Shared Dirtied Blocks": 0,
      "Shared Written Blocks": 0,
      "Local Hit Blocks": 0,
      "Local Read Blocks": 0,
      "Local Dirtied Blocks": 0,
      "Local Written Blocks": 0,
      "Temp Read Blocks": 0,
      "Temp Written Blocks": 0,
      "Plans": [
        {
          "Node Type": "Index Scan",
          "Parent Relationship": "Outer",
          "Parallel Aware": false,
          "Async Capable": false,
          "Scan Direction": "Forward",
          "Index Name": "timeseries_resource_index",
          "Relation Name": "timeseries",
          "Alias": "external",
          "Startup Cost": 0.44,
          "Total Cost": 8758.42,
          "Plan Rows": 258162,
          "Plan Width": 4,
          "Actual Startup Time": 194.277,
          "Actual Total Time": 234.15,
          "Actual Rows": 262514,
          "Actual Loops": 1,
          "Index Cond": "(resource = 5005)",
          "Rows Removed by Index Recheck": 0,
          "Filter": "(status AND (datetime >= '2020-01-01 00:00:00'::timestamp without time zone) AND (datetime <= '2020-01-31 23:59:59'::timestamp without time zone))",
          "Rows Removed by Filter": 5326,
          "Shared Hit Blocks": 2198,
          "Shared Read Blocks": 0,
          "Shared Dirtied Blocks": 0,
          "Shared Written Blocks": 0,
          "Local Hit Blocks": 0,
          "Local Read Blocks": 0,
          "Local Dirtied Blocks": 0,
          "Local Written Blocks": 0,
          "Temp Read Blocks": 0,
          "Temp Written Blocks": 0
        },
        {
          "Node Type": "Aggregate",
          "Strategy": "Plain",
          "Partial Mode": "Simple",
          "Parent Relationship": "SubPlan",
          "Subplan Name": "SubPlan 1",
          "Parallel Aware": false,
          "Async Capable": false,
          "Startup Cost": 9577.46,
          "Total Cost": 9577.47,
          "Plan Rows": 1,
          "Plan Width": 8,
          "Actual Startup Time": 56.853,
          "Actual Total Time": 56.854,
          "Actual Rows": 1,
          "Actual Loops": 1,
          "Shared Hit Blocks": 2198,
          "Shared Read Blocks": 0,
          "Shared Dirtied Blocks": 0,
          "Shared Written Blocks": 0,
          "Local Hit Blocks": 0,
          "Local Read Blocks": 0,
          "Local Dirtied Blocks": 0,
          "Local Written Blocks": 0,
          "Temp Read Blocks": 0,
          "Temp Written Blocks": 0,
          "Plans": [
            {
              "Node Type": "Index Scan",
              "Parent Relationship": "Outer",
              "Parallel Aware": false,
              "Async Capable": false,
              "Scan Direction": "Forward",
              "Index Name": "timeseries_resource_index",
              "Relation Name": "timeseries",
              "Alias": "internal",
              "Startup Cost": 0.44,
              "Total Cost": 8907.86,
              "Plan Rows": 267841,
              "Plan Width": 0,
              "Actual Startup Time": 0.042,
              "Actual Total Time": 40.662,
              "Actual Rows": 267839,
              "Actual Loops": 1,
              "Index Cond": "(resource = external.resource)",
              "Rows Removed by Index Recheck": 0,
              "Filter": "((datetime >= '2020-01-01 00:00:00'::timestamp without time zone) AND (datetime <= '2020-01-31 23:59:59'::timestamp without time zone))",
              "Rows Removed by Filter": 1,
              "Shared Hit Blocks": 2198,
              "Shared Read Blocks": 0,
              "Shared Dirtied Blocks": 0,
              "Shared Written Blocks": 0,
              "Local Hit Blocks": 0,
              "Local Read Blocks": 0,
              "Local Dirtied Blocks": 0,
              "Local Written Blocks": 0,
              "Temp Read Blocks": 0,
              "Temp Written Blocks": 0
            }
          ]
        }
      ]
    },
    "Planning": {
      "Shared Hit Blocks": 134,
      "Shared Read Blocks": 0,
      "Shared Dirtied Blocks": 0,
      "Shared Written Blocks": 0,
      "Local Hit Blocks": 0,
      "Local Read Blocks": 0,
      "Local Dirtied Blocks": 0,
      "Local Written Blocks": 0,
      "Temp Read Blocks": 0,
      "Temp Written Blocks": 0
    },
    "Planning Time": 0.68,
    "Triggers": [],
    "JIT": {
      "Functions": 17,
      "Options": {
        "Inlining": true,
        "Optimization": true,
        "Expressions": true,
        "Deforming": true
      },
      "Timing": {
        "Generation": 1.476,
        "Inlining": 49.664,
        "Optimization": 82.282,
        "Emission": 61.982,
        "Total": 195.405
      }
    },
    "Execution Time": 344.116
  }
]