[
  {
    "Plan": {
      "Node Type": "Aggregate",
      "Strategy": "Plain",
      "Partial Mode": "Finalize",
      "Parallel Aware": false,
      "Async Capable": false,
      "Startup Cost": 16639.69,
      "Total Cost": 16639.71,
      "Plan Rows": 1,
      "Plan Width": 16,
      "Actual Startup Time": 51.855,
      "Actual Total Time": 53.441,
      "Actual Rows": 1,
      "Actual Loops": 1,
      "Shared Hit Blocks": 4822,
      "Shared Read Blocks": 0,
      "Shared Dirtied Blocks": 0,
      "Shared Written Blocks": 0,
      "Local Hit Blocks": 0,
      "Local Read Blocks": 0,
      "Local Dirtied Blocks": 0,
      "Local Written Blocks": 0,
      "Temp Read Blocks": 0,
      "Temp Written Blocks": 0,
      "Plans": [
        {
          "Node Type": "Aggregate",
          "Strategy": "Plain",
          "Partial Mode": "Finalize",
          "Parent Relationship": "InitPlan",
          "Subplan Name": "InitPlan 1 (returns $1)",
          "Parallel Aware": false,
          "Async Capable": false,
          "Startup Cost": 8322.79,
          "Total Cost": 8322.8,
          "Plan Rows": 1,
          "Plan Width": 8,
          "Actual Startup Time": 24.444,
          "Actual Total Time": 25.991,
          "Actual Rows": 1,
          "Actual Loops": 1,
          "Shared Hit Blocks": 2409,
          "Shared Read Blocks": 0,
          "Shared Dirtied Blocks": 0,
          "Shared Written Blocks": 0,
          "Local Hit Blocks": 0,
          "Local Read Blocks": 0,
          "Local Dirtied Blocks": 0,
          "Local Written Blocks": 0,
          "Temp Read Blocks": 0,
          "Temp Written Blocks": 0,
          "Plans": [
            {
              "Node Type": "Gather",
              "Parent Relationship": "Outer",
              "Parallel Aware": false,
              "Async Capable": false,
              "Startup Cost": 8322.58,
              "Total Cost": 8322.79,
              "Plan Rows": 2,
              "Plan Width": 8,
              "Actual Startup Time": 24.438,
              "Actual Total Time": 25.986,
              "Actual Rows": 3,
              "Actual Loops": 1,
              "Workers Planned": 2,
              "Workers Launched": 2,
              "Single Copy": false,
              "Shared Hit Blocks": 2409,
              "Shared Read Blocks": 0,
              "Shared Dirtied Blocks": 0,
              "Shared Written Blocks": 0,
              "Local Hit Blocks": 0,
              "Local Read Blocks": 0,
              "Local Dirtied Blocks": 0,
              "Local Written Blocks": 0,
              "Temp Read Blocks": 0,
              "Temp Written Blocks": 0,
              "Plans": [
                {
                  "Node Type": "Aggregate",
                  "Strategy": "Plain",
                  "Partial Mode": "Partial",
                  "Parent Relationship": "Outer",
                  "Parallel Aware": false,
                  "Async Capable": false,
                  "Startup Cost": 7322.58,
                  "Total Cost": 7322.59,
                  "Plan Rows": 1,
                  "Plan Width": 8,
                  "Actual Startup Time": 21.68,
                  "Actual Total Time": 21.681,
                  "Actual Rows": 1,
                  "Actual Loops": 3,
                  "Shared Hit Blocks": 2409,
                  "Shared Read Blocks": 0,
                  "Shared Dirtied Blocks": 0,
                  "Shared Written Blocks": 0,
                  "Local Hit Blocks": 0,
                  "Local Read Blocks": 0,
                  "Local Dirtied Blocks": 0,
                  "Local Written Blocks": 0,
                  "Temp Read Blocks": 0,
                  "Temp Written Blocks": 0,
                  "Workers": [],
                  "Plans": [
                    {
                      "Node Type": "Index Scan",
                      "Parent Relationship": "Outer",
                      "Parallel Aware": true,
                      "Async Capable": false,
                      "Scan Direction": "Forward",
                      "Index Name": "timeseries_resource_index",
                      "Relation Name": "timeseries",
                      "Alias": "internal",
                      "Startup Cost": 0.44,
                      "Total Cost": 7024.05,
                      "Plan Rows": 119412,
                      "Plan Width": 0,
                      "Actual Startup Time": 0.026,
                      "Actual Total Time": 16.145,
                      "Actual Rows": 89280,
                      "Actual Loops": 3,
                      "Index Cond": "(resource = 5001)",
                      "Rows Removed by Index Recheck": 0,
                      "Filter": "((datetime >= '2020-01-01 00:00:00'::timestamp without time zone) AND (datetime <= '2020-01-31 23:59:59'::timestamp without time zone))",
                      "Rows Removed by Filter": 0,
                      "Shared Hit Blocks": 2409,
                      "Shared Read Blocks": 0,
                      "Shared Dirtied Blocks": 0,
                      "Shared Written Blocks": 0,
                      "Local Hit Blocks": 0,
                      "Local Read Blocks": 0,
                      "Local Dirtied Blocks": 0,
                      "Local Written Blocks": 0,
                      "Temp Read Blocks": 0,
                      "Temp Written Blocks": 0,
                      "Workers": []
                    }
                  ]
                }
              ]
            }
          ]
        },
        {
          "Node Type": "Gather",
          "Parent Relationship": "Outer",
          "Parallel Aware": false,
          "Async Capable": false,
          "Startup Cost": 8316.67,
          "Total Cost": 8316.88,
          "Plan Rows": 2,
          "Plan Width": 8,
          "Actual Startup Time": 27.332,
          "Actual Total Time": 27.442,
          "Actual Rows": 3,
          "Actual Loops": 1,
          "Workers Planned": 2,
          "Workers Launched": 2,
          "Single Copy": false,
          "Shared Hit Blocks": 2413,
          "Shared Read Blocks": 0,
          "Shared Dirtied Blocks": 0,
          "Shared Written Blocks": 0,
          "Local Hit Blocks": 0,
          "Local Read Blocks": 0,
          "Local Dirtied Blocks": 0,
          "Local Written Blocks": 0,
          "Temp Read Blocks": 0,
          "Temp Written Blocks": 0,
          "Plans": [
            {
              "Node Type": "Aggregate",
              "Strategy": "Plain",
              "Partial Mode": "Partial",
              "Parent Relationship": "Outer",
              "Parallel Aware": false,
              "Async Capable": false,
              "Startup Cost": 7316.67,
              "Total Cost": 7316.68,
              "Plan Rows": 1,
              "Plan Width": 8,
              "Actual Startup Time": 25.196,
              "Actual Total Time": 25.196,
              "Actual Rows": 1,
              "Actual Loops": 3,
              "Shared Hit Blocks": 2413,
              "Shared Read Blocks": 0,
              "Shared Dirtied Blocks": 0,
              "Shared Written Blocks": 0,
              "Local Hit Blocks": 0,
              "Local Read Blocks": 0,
              "Local Dirtied Blocks": 0,
              "Local Written Blocks": 0,
              "Temp Read Blocks": 0,
              "Temp Written Blocks": 0,
              "Workers": [],
              "Plans": [
                {
                  "Node Type": "Index Scan",
                  "Parent Relationship": "Outer",
                  "Parallel Aware": true,
                  "Async Capable": false,
                  "Scan Direction": "Forward",
                  "Index Name": "timeseries_resource_index",
                  "Relation Name": "timeseries",
                  "Alias": "external",
                  "Startup Cost": 0.44,
                  "Total Cost": 7024.05,
                  "Plan Rows": 117048,
                  "Plan Width": 0,
                  "Actual Startup Time": 0.023,
                  "Actual Total Time": 19.0,
                  "Actual Rows": 87496,
                  "Actual Loops": 3,
                  "Index Cond": "(resource = 5001)",
                  "Rows Removed by Index Recheck": 0,
                  "Filter": "(status AND (datetime >= '2020-01-01 00:00:00'::timestamp without time zone) AND (datetime <= '2020-01-31 23:59:59'::timestamp without time zone))",
                  "Rows Removed by Filter": 1784,
                  "Shared Hit Blocks": 2413,
                  "Shared Read Blocks": 0,
                  "Shared Dirtied Blocks": 0,
                  "Shared Written Blocks": 0,
                  "Local Hit Blocks": 0,
                  "Local Read Blocks": 0,
                  "Local Dirtied Blocks": 0,
                  "Local Written Blocks": 0,
                  "Temp Read Blocks": 0,
                  "Temp Written Blocks": 0,
                  "Workers": []
                }
              ]
            }
          ]
        }
      ]
    },
    "Planning": {
      "Shared Hit Blocks": 137,
      "Shared Read Blocks": 0,
      "Shared Dirtied Blocks": 0,
      "Shared Written Blocks": 0,
      "Local Hit Blocks": 0,
      "Local Read Blocks": 0,
      "Local Dirtied Blocks": 0,
      "Local Written Blocks": 0,
      "Temp Read Blocks": 0,
      "Temp Written Blocks": 0
    },
    "Planning Time": 0.529,
    "Triggers": [],
    "Execution Time": 53.544
  }
]