[
  {
    "Plan": {
      "Node Type": "Aggregate",
      "Strategy": "Plain",
      "Partial Mode": "Finalize",
      "Parallel Aware": false,
      "Async Capable": false,
      "Startup Cost": 1326548.53,
      "Total Cost": 1326548.55,
      "Plan Rows": 1,
      "Plan Width": 8,
      "Actual Startup Time": 16375.97,
      "Actual Total Time": 16388.619,
      "Actual Rows": 1,
      "Actual Loops": 1,
      "Shared Hit Blocks": 2688,
      "Shared Read Blocks": 785078,
      "Shared Dirtied Blocks": 0,
      "Shared Written Blocks": 0,
      "Local Hit Blocks": 0,
      "Local Read Blocks": 0,
      "Local Dirtied Blocks": 0,
      "Local Written Blocks": 0,
      "Temp Read Blocks": 0,
      "Temp Written Blocks": 0,
      "Plans": [
        {
          "Node Type": "Aggregate",
          "Strategy": "Plain",
          "Partial Mode": "Finalize",
          "Parent Relationship": "InitPlan",
          "Subplan Name": "InitPlan 1 (returns $1)",
          "Parallel Aware": false,
          "Async Capable": false,
          "Startup Cost": 663361.0,
          "Total Cost": 663361.01,
          "Plan Rows": 1,
          "Plan Width": 8,
          "Actual Startup Time": 8011.684,
          "Actual Total Time": 8024.058,
          "Actual Rows": 1,
          "Actual Loops": 1,
          "Shared Hit Blocks": 1408,
          "Shared Read Blocks": 392475,
          "Shared Dirtied Blocks": 0,
          "Shared Written Blocks": 0,
          "Local Hit Blocks": 0,
          "Local Read Blocks": 0,
          "Local Dirtied Blocks": 0,
          "Local Written Blocks": 0,
          "Temp Read Blocks": 0,
          "Temp Written Blocks": 0,
          "Plans": [
            {
              "Node Type": "Gather",
              "Parent Relationship": "Outer",
              "Parallel Aware": false,
              "Async Capable": false,
              "Startup Cost": 663360.68,
              "Total Cost": 663360.99,
              "Plan Rows": 3,
              "Plan Width": 8,
              "Actual Startup Time": 8002.464,
              "Actual Total Time": 8024.009,
              "Actual Rows": 4,
              "Actual Loops": 1,
              "Workers Planned": 3,
              "Workers Launched": 3,
              "Single Copy": false,
              "Shared Hit Blocks": 1408,
              "Shared Read Blocks": 392475,
              "Shared Dirtied Blocks": 0,
              "Shared Written Blocks": 0,
              "Local Hit Blocks": 0,
              "Local Read Blocks": 0,
              "Local Dirtied Blocks": 0,
              "Local Written Blocks": 0,
              "Temp Read Blocks": 0,
              "Temp Written Blocks": 0,
              "Plans": [
                {
                  "Node Type": "Aggregate",
                  "Strategy": "Plain",
                  "Partial Mode": "Partial",
                  "Parent Relationship": "Outer",
                  "Parallel Aware": false,
                  "Async Capable": false,
                  "Startup Cost": 662360.68,
                  "Total Cost": 662360.69,
                  "Plan Rows": 1,
                  "Plan Width": 8,
                  "Actual Startup Time": 7816.134,
                  "Actual Total Time": 7816.136,
                  "Actual Rows": 1,
                  "Actual Loops": 4,
                  "Shared Hit Blocks": 1408,
                  "Shared Read Blocks": 392475,
                  "Shared Dirtied Blocks": 0,
                  "Shared Written Blocks": 0,
                  "Local Hit Blocks": 0,
                  "Local Read Blocks": 0,
                  "Local Dirtied Blocks": 0,
                  "Local Written Blocks": 0,
                  "Temp Read Blocks": 0,
                  "Temp Written Blocks": 0,
                  "Workers": [],
                  "Plans": [
                    {
                      "Node Type": "Seq Scan",
                      "Parent Relationship": "Outer",
                      "Parallel Aware": true,
                      "Async Capable": false,
                      "Relation Name": "timeseries",
                      "Alias": "internal",
                      "Startup Cost": 0.0,
                      "Total Cost": 653083.43,
                      "Plan Rows": 3710903,
                      "Plan Width": 0,
                      "Actual Startup Time": 449.982,
                      "Actual Total Time": 6790.259,
                      "Actual Rows": 2808000,
                      "Actual Loops": 4,
                      "Filter": "((datetime >= '2020-02-01 00:00:00'::timestamp without time zone) AND (datetime <= '2020-02-13 23:59:59'::timestamp without time zone))",
                      "Rows Removed by Filter": 10584000,
                      "Shared Hit Blocks": 1408,
                      "Shared Read Blocks": 392475,
                      "Shared Dirtied Blocks": 0,
                      "Shared Written Blocks": 0,
                      "Local Hit Blocks": 0,
                      "Local Read Blocks": 0,
                      "Local Dirtied Blocks": 0,
                      "Local Written Blocks": 0,
                      "Temp Read Blocks": 0,
                      "Temp Written Blocks": 0,
                      "Workers": []
                    }
                  ]
                }
              ]
            }
          ]
        },
        {
          "Node Type": "Gather",
          "Parent Relationship": "Outer",
          "Parallel Aware": false,
          "Async Capable": false,
          "Startup Cost": 663187.2,
          "Total Cost": 663187.51,
          "Plan Rows": 3,
          "Plan Width": 8,
          "Actual Startup Time": 8362.023,
          "Actual Total Time": 8364.503,
          "Actual Rows": 4,
          "Actual Loops": 1,
          "Workers Planned": 3,
          "Workers Launched": 3,
          "Single Copy": false,
          "Shared Hit Blocks": 1280,
          "Shared Read Blocks": 392603,
          "Shared Dirtied Blocks": 0,
          "Shared Written Blocks": 0,
          "Local Hit Blocks": 0,
          "Local Read Blocks": 0,
          "Local Dirtied Blocks": 0,
          "Local Written Blocks": 0,
          "Temp Read Blocks": 0,
          "Temp Written Blocks": 0,
          "Plans": [
            {
              "Node Type": "Aggregate",
              "Strategy": "Plain",
              "Partial Mode": "Partial",
              "Parent Relationship": "Outer",
              "Parallel Aware": false,
              "Async Capable": false,
              "Startup Cost": 662187.2,
              "Total Cost": 662187.21,
              "Plan Rows": 1,
              "Plan Width": 8,
              "Actual Startup Time": 8153.474,
              "Actual Total Time": 8153.476,
              "Actual Rows": 1,
              "Actual Loops": 4,
              "Shared Hit Blocks": 1280,
              "Shared Read Blocks": 392603,
              "Shared Dirtied Blocks": 0,
              "Shared Written Blocks": 0,
              "Local Hit Blocks": 0,
              "Local Read Blocks": 0,
              "Local Dirtied Blocks": 0,
              "Local Written Blocks": 0,
              "Temp Read Blocks": 0,
              "Temp Written Blocks": 0,
              "Workers": [],
              "Plans": [
                {
                  "Node Type": "Seq Scan",
                  "Parent Relationship": "Outer",
                  "Parallel Aware": true,
                  "Async Capable": false,
                  "Relation Name": "timeseries",
                  "Alias": "external",
                  "Startup Cost": 0.0,
                  "Total Cost": 653083.43,
                  "Plan Rows": 3641509,
                  "Plan Width": 0,
                  "Actual Startup Time": 676.328,
                  "Actual Total Time": 7170.365,
                  "Actual Rows": 2752008,
                  "Actual Loops": 4,
                  "Filter": "(status AND (datetime >= '2020-02-01 00:00:00'::timestamp without time zone) AND (datetime <= '2020-02-13 23:59:59'::timestamp without time zone))",
                  "Rows Removed by Filter": 10639992,
                  "Shared Hit Blocks": 1280,
                  "Shared Read Blocks": 392603,
                  "Shared Dirtied Blocks": 0,
                  "Shared Written Blocks": 0,
                  "Local Hit Blocks": 0,
                  "Local Read Blocks": 0,
                  "Local Dirtied Blocks": 0,
                  "Local Written Blocks": 0,
                  "Temp Read Blocks": 0,
                  "Temp Written Blocks": 0,
                  "Workers": []
                }
              ]
            }
          ]
        }
      ]
    },
    "Planning": {
      "Shared Hit Blocks": 71,
      "Shared Read Blocks": 0,
      "Shared Dirtied Blocks": 0,
      "Shared Written Blocks": 0,
      "Local Hit Blocks": 0,
      "Local Read Blocks": 0,
      "Local Dirtied Blocks": 0,
      "Local Written Blocks": 0,
      "Temp Read Blocks": 0,
      "Temp Written Blocks": 0
    },
    "Planning Time": 1.195,
    "Triggers": [],
    "JIT": {
      "Functions": 36,
      "Options": {
        "Inlining": true,
        "Optimization": true,
        "Expressions": true,
        "Deforming": true
      },
      "Timing": {
        "Generation": 15.306,
        "Inlining": 2232.843,
        "Optimization": 1198.273,
        "Emission": 696.34,
        "Total": 4142.763
      }
    },
    "Execution Time": 16497.222
  }
]