[
  {
    "Plan": {
      "Node Type": "Aggregate",
      "Strategy": "Plain",
      "Partial Mode": "Finalize",
      "Parallel Aware": false,
      "Async Capable": false,
      "Startup Cost": 583108.66,
      "Total Cost": 583108.68,
      "Plan Rows": 1,
      "Plan Width": 16,
      "Actual Startup Time": 3251.523,
      "Actual Total Time": 3256.018,
      "Actual Rows": 1,
      "Actual Loops": 1,
      "Shared Hit Blocks": 12480,
      "Shared Read Blocks": 381404,
      "Shared Dirtied Blocks": 0,
      "Shared Written Blocks": 0,
      "Local Hit Blocks": 0,
      "Local Read Blocks": 0,
      "Local Dirtied Blocks": 0,
      "Local Written Blocks": 0,
      "Temp Read Blocks": 0,
      "Temp Written Blocks": 0,
      "Plans": [
        {
          "Node Type": "Aggregate",
          "Strategy": "Plain",
          "Partial Mode": "Finalize",
          "Parent Relationship": "InitPlan",
          "Subplan Name": "InitPlan 1 (returns $1)",
          "Parallel Aware": false,
          "Async Capable": false,
          "Startup Cost": 291686.91,
          "Total Cost": 291686.92,
          "Plan Rows": 1,
          "Plan Width": 8,
          "Actual Startup Time": 1627.721,
          "Actual Total Time": 1632.13,
          "Actual Rows": 1,
          "Actual Loops": 1,
          "Shared Hit Blocks": 6336,
          "Shared Read Blocks": 190606,
          "Shared Dirtied Blocks": 0,
          "Shared Written Blocks": 0,
          "Local Hit Blocks": 0,
          "Local Read Blocks": 0,
          "Local Dirtied Blocks": 0,
          "Local Written Blocks": 0,
          "Temp Read Blocks": 0,
          "Temp Written Blocks": 0,
          "Plans": [
            {
              "Node Type": "Gather",
              "Parent Relationship": "Outer",
              "Parallel Aware": false,
              "Async Capable": false,
              "Startup Cost": 291686.39,
              "Total Cost": 291686.9,
              "Plan Rows": 5,
              "Plan Width": 8,
              "Actual Startup Time": 1622.266,
              "Actual Total Time": 1632.108,
              "Actual Rows": 6,
              "Actual Loops": 1,
              "Workers Planned": 5,
              "Workers Launched": 5,
              "Single Copy": false,
              "Shared Hit Blocks": 6336,
              "Shared Read Blocks": 190606,
              "Shared Dirtied Blocks": 0,
              "Shared Written Blocks": 0,
              "Local Hit Blocks": 0,
              "Local Read Blocks": 0,
              "Local Dirtied Blocks": 0,
              "Local Written Blocks": 0,
              "Temp Read Blocks": 0,
              "Temp Written Blocks": 0,
              "Plans": [
                {
                  "Node Type": "Aggregate",
                  "Strategy": "Plain",
                  "Partial Mode": "Partial",
                  "Parent Relationship": "Outer",
                  "Parallel Aware": false,
                  "Async Capable": false,
                  "Startup Cost": 290686.39,
                  "Total Cost": 290686.4,
                  "Plan Rows": 1,
                  "Plan Width": 8,
                  "Actual Startup Time": 1565.419,
                  "Actual Total Time": 1565.42,
                  "Actual Rows": 1,
                  "Actual Loops": 6,
                  "Shared Hit Blocks": 6336,
                  "Shared Read Blocks": 190606,
                  "Shared Dirtied Blocks": 0,
                  "Shared Written Blocks": 0,
                  "Local Hit Blocks": 0,
                  "Local Read Blocks": 0,
                  "Local Dirtied Blocks": 0,
                  "Local Written Blocks": 0,
                  "Temp Read Blocks": 0,
                  "Temp Written Blocks": 0,
                  "Workers": [],
                  "Plans": [
                    {
                      "Node Type": "Seq Scan",
                      "Parent Relationship": "Outer",
                      "Parallel Aware": true,
                      "Async Capable": false,
                      "Relation Name": "timeseries",
                      "Alias": "internal",
                      "Startup Cost": 0.0,
                      "Total Cost": 277294.34,
                      "Plan Rows": 5356820,
                      "Plan Width": 0,
                      "Actual Startup Time": 109.893,
                      "Actual Total Time": 1018.249,
                      "Actual Rows": 4463983,
                      "Actual Loops": 6,
                      "Filter": "((datetime >= '2020-01-01 00:00:00'::timestamp without time zone) AND (datetime <= '2020-01-31 23:59:59'::timestamp without time zone))",
                      "Rows Removed by Filter": 17,
                      "Shared Hit Blocks": 6336,
                      "Shared Read Blocks": 190606,
                      "Shared Dirtied Blocks": 0,
                      "Shared Written Blocks": 0,
                      "Local Hit Blocks": 0,
                      "Local Read Blocks": 0,
                      "Local Dirtied Blocks": 0,
                      "Local Written Blocks": 0,
                      "Temp Read Blocks": 0,
                      "Temp Written Blocks": 0,
                      "Workers": []
                    }
                  ]
                }
              ]
            }
          ]
        },
        {
          "Node Type": "Gather",
          "Parent Relationship": "Outer",
          "Parallel Aware": false,
          "Async Capable": false,
          "Startup Cost": 291421.22,
          "Total Cost": 291421.73,
          "Plan Rows": 5,
          "Plan Width": 8,
          "Actual Startup Time": 1621.805,
          "Actual Total Time": 1623.864,
          "Actual Rows": 6,
          "Actual Loops": 1,
          "Workers Planned": 5,
          "Workers Launched": 5,
          "Single Copy": false,
          "Shared Hit Blocks": 6144,
          "Shared Read Blocks": 190798,
          "Shared Dirtied Blocks": 0,
          "Shared Written Blocks": 0,
          "Local Hit Blocks": 0,
          "Local Read Blocks": 0,
          "Local Dirtied Blocks": 0,
          "Local Written Blocks": 0,
          "Temp Read Blocks": 0,
          "Temp Written Blocks": 0,
          "Plans": [
            {
              "Node Type": "Aggregate",
              "Strategy": "Plain",
              "Partial Mode": "Partial",
              "Parent Relationship": "Outer",
              "Parallel Aware": false,
              "Async Capable": false,
              "Startup Cost": 290421.22,
              "Total Cost": 290421.23,
              "Plan Rows": 1,
              "Plan Width": 8,
              "Actual Startup Time": 1549.384,
              "Actual Total Time": 1549.386,
              "Actual Rows": 1,
              "Actual Loops": 6,
              "Shared Hit Blocks": 6144,
              "Shared Read Blocks": 190798,
              "Shared Dirtied Blocks": 0,
              "Shared Written Blocks": 0,
              "Local Hit Blocks": 0,
              "Local Read Blocks": 0,
              "Local Dirtied Blocks": 0,
              "Local Written Blocks": 0,
              "Temp Read Blocks": 0,
              "Temp Written Blocks": 0,
              "Workers": [],
              "Plans": [
                {
                  "Node Type": "Seq Scan",
                  "Parent Relationship": "Outer",
                  "Parallel Aware": true,
                  "Async Capable": false,
                  "Relation Name": "timeseries",
                  "Alias": "external",
                  "Startup Cost": 0.0,
                  "Total Cost": 277294.34,
                  "Plan Rows": 5250755,
                  "Plan Width": 0,
                  "Actual Startup Time": 166.206,
                  "Actual Total Time": 1063.936,
                  "Actual Rows": 4374753,
                  "Actual Loops": 6,
                  "Filter": "(status AND (datetime >= '2020-01-01 00:00:00'::timestamp without time zone) AND (datetime <= '2020-01-31 23:59:59'::timestamp without time zone))",
                  "Rows Removed by Filter": 89247,
                  "Shared Hit Blocks": 6144,
                  "Shared Read Blocks": 190798,
                  "Shared Dirtied Blocks": 0,
                  "Shared Written Blocks": 0,
                  "Local Hit Blocks": 0,
                  "Local Read Blocks": 0,
                  "Local Dirtied Blocks": 0,
                  "Local Written Blocks": 0,
                  "Temp Read Blocks": 0,
                  "Temp Written Blocks": 0,
                  "Workers": []
                }
              ]
            }
          ]
        }
      ]
    },
    "Planning": {
      "Shared Hit Blocks": 126,
      "Shared Read Blocks": 0,
      "Shared Dirtied Blocks": 0,
      "Shared Written Blocks": 0,
      "Local Hit Blocks": 0,
      "Local Read Blocks": 0,
      "Local Dirtied Blocks": 0,
      "Local Written Blocks": 0,
      "Temp Read Blocks": 0,
      "Temp Written Blocks": 0
    },
    "Planning Time": 0.498,
    "Triggers": [],
    "JIT": {
      "Functions": 52,
      "Options": {
        "Inlining": true,
        "Optimization": true,
        "Expressions": true,
        "Deforming": true
      },
      "Timing": {
        "Generation": 6.274,
        "Inlining": 952.067,
        "Optimization": 392.587,
        "Emission": 305.707,
        "Total": 1656.635
      }
    },
    "Execution Time": 3291.435
  }
]