[
  {
    "Plan": {
      "Node Type": "Aggregate",
      "Strategy": "Plain",
      "Partial Mode": "Finalize",
      "Parallel Aware": false,
      "Async Capable": false,
      "Startup Cost": 1067104.56,
      "Total Cost": 1067104.58,
      "Plan Rows": 1,
      "Plan Width": 8,
      "Actual Startup Time": 18145.389,
      "Actual Total Time": 18170.182,
      "Actual Rows": 1,
      "Actual Loops": 1,
      "Shared Hit Blocks": 22624,
      "Shared Read Blocks": 765142,
      "Shared Dirtied Blocks": 0,
      "Shared Written Blocks": 0,
      "Local Hit Blocks": 0,
      "Local Read Blocks": 0,
      "Local Dirtied Blocks": 0,
      "Local Written Blocks": 0,
      "Temp Read Blocks": 0,
      "Temp Written Blocks": 0,
      "Plans": [
        {
          "Node Type": "Aggregate",
          "Strategy": "Plain",
          "Partial Mode": "Finalize",
          "Parent Relationship": "InitPlan",
          "Subplan Name": "InitPlan 1 (returns $1)",
          "Parallel Aware": false,
          "Async Capable": false,
          "Startup Cost": 533597.09,
          "Total Cost": 533597.1,
          "Plan Rows": 1,
          "Plan Width": 8,
          "Actual Startup Time": 8844.044,
          "Actual Total Time": 8868.555,
          "Actual Rows": 1,
          "Actual Loops": 1,
          "Shared Hit Blocks": 11424,
          "Shared Read Blocks": 382459,
          "Shared Dirtied Blocks": 0,
          "Shared Written Blocks": 0,
          "Local Hit Blocks": 0,
          "Local Read Blocks": 0,
          "Local Dirtied Blocks": 0,
          "Local Written Blocks": 0,
          "Temp Read Blocks": 0,
          "Temp Written Blocks": 0,
          "Plans": [
            {
              "Node Type": "Gather",
              "Parent Relationship": "Outer",
              "Parallel Aware": false,
              "Async Capable": false,
              "Startup Cost": 533596.47,
              "Total Cost": 533597.08,
              "Plan Rows": 6,
              "Plan Width": 8,
              "Actual Startup Time": 8826.658,
              "Actual Total Time": 8868.501,
              "Actual Rows": 7,
              "Actual Loops": 1,
              "Workers Planned": 6,
              "Workers Launched": 6,
              "Single Copy": false,
              "Shared Hit Blocks": 11424,
              "Shared Read Blocks": 382459,
              "Shared Dirtied Blocks": 0,
              "Shared Written Blocks": 0,
              "Local Hit Blocks": 0,
              "Local Read Blocks": 0,
              "Local Dirtied Blocks": 0,
              "Local Written Blocks": 0,
              "Temp Read Blocks": 0,
              "Temp Written Blocks": 0,
              "Plans": [
                {
                  "Node Type": "Aggregate",
                  "Strategy": "Plain",
                  "Partial Mode": "Partial",
                  "Parent Relationship": "Outer",
                  "Parallel Aware": false,
                  "Async Capable": false,
                  "Startup Cost": 532596.47,
                  "Total Cost": 532596.48,
                  "Plan Rows": 1,
                  "Plan Width": 8,
                  "Actual Startup Time": 8445.379,
                  "Actual Total Time": 8445.381,
                  "Actual Rows": 1,
                  "Actual Loops": 7,
                  "Shared Hit Blocks": 11424,
                  "Shared Read Blocks": 382459,
                  "Shared Dirtied Blocks": 0,
                  "Shared Written Blocks": 0,
                  "Local Hit Blocks": 0,
                  "Local Read Blocks": 0,
                  "Local Dirtied Blocks": 0,
                  "Local Written Blocks": 0,
                  "Temp Read Blocks": 0,
                  "Temp Written Blocks": 0,
                  "Workers": [],
                  "Plans": [
                    {
                      "Node Type": "Seq Scan",
                      "Parent Relationship": "Outer",
                      "Parallel Aware": true,
                      "Async Capable": false,
                      "Relation Name": "timeseries",
                      "Alias": "internal",
                      "Startup Cost": 0.0,
                      "Total Cost": 527803.22,
                      "Plan Rows": 1917300,
                      "Plan Width": 0,
                      "Actual Startup Time": 895.675,
                      "Actual Total Time": 7430.36,
                      "Actual Rows": 1604571,
                      "Actual Loops": 7,
                      "Filter": "((datetime >= '2020-02-01 00:00:00'::timestamp without time zone) AND (datetime <= '2020-02-13 23:59:59'::timestamp without time zone))",
                      "Rows Removed by Filter": 6048000,
                      "Shared Hit Blocks": 11424,
                      "Shared Read Blocks": 382459,
                      "Shared Dirtied Blocks": 0,
                      "Shared Written Blocks": 0,
                      "Local Hit Blocks": 0,
                      "Local Read Blocks": 0,
                      "Local Dirtied Blocks": 0,
                      "Local Written Blocks": 0,
                      "Temp Read Blocks": 0,
                      "Temp Written Blocks": 0,
                      "Workers": []
                    }
                  ]
                }
              ]
            }
          ]
        },
        {
          "Node Type": "Gather",
          "Parent Relationship": "Outer",
          "Parallel Aware": false,
          "Async Capable": false,
          "Startup Cost": 533506.83,
          "Total Cost": 533507.44,
          "Plan Rows": 6,
          "Plan Width": 8,
          "Actual Startup Time": 9287.039,
          "Actual Total Time": 9301.559,
          "Actual Rows": 7,
          "Actual Loops": 1,
          "Workers Planned": 6,
          "Workers Launched": 6,
          "Single Copy": false,
          "Shared Hit Blocks": 11200,
          "Shared Read Blocks": 382683,
          "Shared Dirtied Blocks": 0,
          "Shared Written Blocks": 0,
          "Local Hit Blocks": 0,
          "Local Read Blocks": 0,
          "Local Dirtied Blocks": 0,
          "Local Written Blocks": 0,
          "Temp Read Blocks": 0,
          "Temp Written Blocks": 0,
          "Plans": [
            {
              "Node Type": "Aggregate",
              "Strategy": "Plain",
              "Partial Mode": "Partial",
              "Parent Relationship": "Outer",
              "Parallel Aware": false,
              "Async Capable": false,
              "Startup Cost": 532506.83,
              "Total Cost": 532506.84,
              "Plan Rows": 1,
              "Plan Width": 8,
              "Actual Startup Time": 8921.984,
              "Actual Total Time": 8921.986,
              "Actual Rows": 1,
              "Actual Loops": 7,
              "Shared Hit Blocks": 11200,
              "Shared Read Blocks": 382683,
              "Shared Dirtied Blocks": 0,
              "Shared Written Blocks": 0,
              "Local Hit Blocks": 0,
              "Local Read Blocks": 0,
              "Local Dirtied Blocks": 0,
              "Local Written Blocks": 0,
              "Temp Read Blocks": 0,
              "Temp Written Blocks": 0,
              "Workers": [],
              "Plans": [
                {
                  "Node Type": "Seq Scan",
                  "Parent Relationship": "Outer",
                  "Parallel Aware": true,
                  "Async Capable": false,
                  "Relation Name": "timeseries",
                  "Alias": "external",
                  "Startup Cost": 0.0,
                  "Total Cost": 527803.22,
                  "Plan Rows": 1881446,
                  "Plan Width": 0,
                  "Actual Startup Time": 1155.998,
                  "Actual Total Time": 7965.848,
                  "Actual Rows": 1572576,
                  "Actual Loops": 7,
                  "Filter": "(status AND (datetime >= '2020-02-01 00:00:00'::timestamp without time zone) AND (datetime <= '2020-02-13 23:59:59'::timestamp without time zone))",
                  "Rows Removed by Filter": 6079996,
                  "Shared Hit Blocks": 11200,
                  "Shared Read Blocks": 382683,
                  "Shared Dirtied Blocks": 0,
                  "Shared Written Blocks": 0,
                  "Local Hit Blocks": 0,
                  "Local Read Blocks": 0,
                  "Local Dirtied Blocks": 0,
                  "Local Written Blocks": 0,
                  "Temp Read Blocks": 0,
                  "Temp Written Blocks": 0,
                  "Workers": []
                }
              ]
            }
          ]
        }
      ]
    },
    "Planning": {
      "Shared Hit Blocks": 71,
      "Shared Read Blocks": 0,
      "Shared Dirtied Blocks": 0,
      "Shared Written Blocks": 0,
      "Local Hit Blocks": 0,
      "Local Read Blocks": 0,
      "Local Dirtied Blocks": 0,
      "Local Written Blocks": 0,
      "Temp Read Blocks": 0,
      "Temp Written Blocks": 0
    },
    "Planning Time": 1.224,
    "Triggers": [],
    "JIT": {
      "Functions": 60,
      "Options": {
        "Inlining": true,
        "Optimization": true,
        "Expressions": true,
        "Deforming": true
      },
      "Timing": {
        "Generation": 82.638,
        "Inlining": 7392.691,
        "Optimization": 3542.085,
        "Emission": 2090.463,
        "Total": 13107.878
      }
    },
    "Execution Time": 18278.124
  }
]