[
  {
    "Plan": {
      "Node Type": "Aggregate",
      "Strategy": "Plain",
      "Partial Mode": "Finalize",
      "Parallel Aware": false,
      "Async Capable": false,
      "Startup Cost": 1122571.82,
      "Total Cost": 1122571.84,
      "Plan Rows": 1,
      "Plan Width": 8,
      "Actual Startup Time": 17400.374,
      "Actual Total Time": 17422.22,
      "Actual Rows": 1,
      "Actual Loops": 1,
      "Shared Hit Blocks": 2496,
      "Shared Read Blocks": 785270,
      "Shared Dirtied Blocks": 0,
      "Shared Written Blocks": 0,
      "Local Hit Blocks": 0,
      "Local Read Blocks": 0,
      "Local Dirtied Blocks": 0,
      "Local Written Blocks": 0,
      "Temp Read Blocks": 0,
      "Temp Written Blocks": 0,
      "Plans": [
        {
          "Node Type": "Aggregate",
          "Strategy": "Plain",
          "Partial Mode": "Finalize",
          "Parent Relationship": "InitPlan",
          "Subplan Name": "InitPlan 1 (returns $1)",
          "Parallel Aware": false,
          "Async Capable": false,
          "Startup Cost": 561339.69,
          "Total Cost": 561339.7,
          "Plan Rows": 1,
          "Plan Width": 8,
          "Actual Startup Time": 8552.622,
          "Actual Total Time": 8574.148,
          "Actual Rows": 1,
          "Actual Loops": 1,
          "Shared Hit Blocks": 1344,
          "Shared Read Blocks": 392539,
          "Shared Dirtied Blocks": 0,
          "Shared Written Blocks": 0,
          "Local Hit Blocks": 0,
          "Local Read Blocks": 0,
          "Local Dirtied Blocks": 0,
          "Local Written Blocks": 0,
          "Temp Read Blocks": 0,
          "Temp Written Blocks": 0,
          "Plans": [
            {
              "Node Type": "Gather",
              "Parent Relationship": "Outer",
              "Parallel Aware": false,
              "Async Capable": false,
              "Startup Cost": 561339.16,
              "Total Cost": 561339.67,
              "Plan Rows": 5,
              "Plan Width": 8,
              "Actual Startup Time": 8548.857,
              "Actual Total Time": 8574.102,
              "Actual Rows": 6,
              "Actual Loops": 1,
              "Workers Planned": 5,
              "Workers Launched": 5,
              "Single Copy": false,
              "Shared Hit Blocks": 1344,
              "Shared Read Blocks": 392539,
              "Shared Dirtied Blocks": 0,
              "Shared Written Blocks": 0,
              "Local Hit Blocks": 0,
              "Local Read Blocks": 0,
              "Local Dirtied Blocks": 0,
              "Local Written Blocks": 0,
              "Temp Read Blocks": 0,
              "Temp Written Blocks": 0,
              "Plans": [
                {
                  "Node Type": "Aggregate",
                  "Strategy": "Plain",
                  "Partial Mode": "Partial",
                  "Parent Relationship": "Outer",
                  "Parallel Aware": false,
                  "Async Capable": false,
                  "Startup Cost": 560339.16,
                  "Total Cost": 560339.17,
                  "Plan Rows": 1,
                  "Plan Width": 8,
                  "Actual Startup Time": 8245.289,
                  "Actual Total Time": 8245.29,
                  "Actual Rows": 1,
                  "Actual Loops": 6,
                  "Shared Hit Blocks": 1344,
                  "Shared Read Blocks": 392539,
                  "Shared Dirtied Blocks": 0,
                  "Shared Written Blocks": 0,
                  "Local Hit Blocks": 0,
                  "Local Read Blocks": 0,
                  "Local Dirtied Blocks": 0,
                  "Local Written Blocks": 0,
                  "Temp Read Blocks": 0,
                  "Temp Written Blocks": 0,
                  "Workers": [],
                  "Plans": [
                    {
                      "Node Type": "Seq Scan",
                      "Parent Relationship": "Outer",
                      "Parallel Aware": true,
                      "Async Capable": false,
                      "Relation Name": "timeseries",
                      "Alias": "internal",
                      "Startup Cost": 0.0,
                      "Total Cost": 554587.26,
                      "Plan Rows": 2300760,
                      "Plan Width": 0,
                      "Actual Startup Time": 686.581,
                      "Actual Total Time": 7243.085,
                      "Actual Rows": 1872000,
                      "Actual Loops": 6,
                      "Filter": "((datetime >= '2020-02-01 00:00:00'::timestamp without time zone) AND (datetime <= '2020-02-13 23:59:59'::timestamp without time zone))",
                      "Rows Removed by Filter": 7056000,
                      "Shared Hit Blocks": 1344,
                      "Shared Read Blocks": 392539,
                      "Shared Dirtied Blocks": 0,
                      "Shared Written Blocks": 0,
                      "Local Hit Blocks": 0,
                      "Local Read Blocks": 0,
                      "Local Dirtied Blocks": 0,
                      "Local Written Blocks": 0,
                      "Temp Read Blocks": 0,
                      "Temp Written Blocks": 0,
                      "Workers": []
                    }
                  ]
                }
              ]
            }
          ]
        },
        {
          "Node Type": "Gather",
          "Parent Relationship": "Outer",
          "Parallel Aware": false,
          "Async Capable": false,
          "Startup Cost": 561231.6,
          "Total Cost": 561232.11,
          "Plan Rows": 5,
          "Plan Width": 8,
          "Actual Startup Time": 8825.854,
          "Actual Total Time": 8848.006,
          "Actual Rows": 6,
          "Actual Loops": 1,
          "Workers Planned": 5,
          "Workers Launched": 5,
          "Single Copy": false,
          "Shared Hit Blocks": 1152,
          "Shared Read Blocks": 392731,
          "Shared Dirtied Blocks": 0,
          "Shared Written Blocks": 0,
          "Local Hit Blocks": 0,
          "Local Read Blocks": 0,
          "Local Dirtied Blocks": 0,
          "Local Written Blocks": 0,
          "Temp Read Blocks": 0,
          "Temp Written Blocks": 0,
          "Plans": [
            {
              "Node Type": "Aggregate",
              "Strategy": "Plain",
              "Partial Mode": "Partial",
              "Parent Relationship": "Outer",
              "Parallel Aware": false,
              "Async Capable": false,
              "Startup Cost": 560231.6,
              "Total Cost": 560231.61,
              "Plan Rows": 1,
              "Plan Width": 8,
              "Actual Startup Time": 8527.689,
              "Actual Total Time": 8527.691,
              "Actual Rows": 1,
              "Actual Loops": 6,
              "Shared Hit Blocks": 1152,
              "Shared Read Blocks": 392731,
              "Shared Dirtied Blocks": 0,
              "Shared Written Blocks": 0,
              "Local Hit Blocks": 0,
              "Local Read Blocks": 0,
              "Local Dirtied Blocks": 0,
              "Local Written Blocks": 0,
              "Temp Read Blocks": 0,
              "Temp Written Blocks": 0,
              "Workers": [],
              "Plans": [
                {
                  "Node Type": "Seq Scan",
                  "Parent Relationship": "Outer",
                  "Parallel Aware": true,
                  "Async Capable": false,
                  "Relation Name": "timeseries",
                  "Alias": "external",
                  "Startup Cost": 0.0,
                  "Total Cost": 554587.26,
                  "Plan Rows": 2257736,
                  "Plan Width": 0,
                  "Actual Startup Time": 980.103,
                  "Actual Total Time": 7558.106,
                  "Actual Rows": 1834672,
                  "Actual Loops": 6,
                  "Filter": "(status AND (datetime >= '2020-02-01 00:00:00'::timestamp without time zone) AND (datetime <= '2020-02-13 23:59:59'::timestamp without time zone))",
                  "Rows Removed by Filter": 7093328,
                  "Shared Hit Blocks": 1152,
                  "Shared Read Blocks": 392731,
                  "Shared Dirtied Blocks": 0,
                  "Shared Written Blocks": 0,
                  "Local Hit Blocks": 0,
                  "Local Read Blocks": 0,
                  "Local Dirtied Blocks": 0,
                  "Local Written Blocks": 0,
                  "Temp Read Blocks": 0,
                  "Temp Written Blocks": 0,
                  "Workers": []
                }
              ]
            }
          ]
        }
      ]
    },
    "Planning": {
      "Shared Hit Blocks": 71,
      "Shared Read Blocks": 0,
      "Shared Dirtied Blocks": 0,
      "Shared Written Blocks": 0,
      "Local Hit Blocks": 0,
      "Local Read Blocks": 0,
      "Local Dirtied Blocks": 0,
      "Local Written Blocks": 0,
      "Temp Read Blocks": 0,
      "Temp Written Blocks": 0
    },
    "Planning Time": 5.037,
    "Triggers": [],
    "JIT": {
      "Functions": 52,
      "Options": {
        "Inlining": true,
        "Optimization": true,
        "Expressions": true,
        "Deforming": true
      },
      "Timing": {
        "Generation": 98.371,
        "Inlining": 5324.67,
        "Optimization": 2617.074,
        "Emission": 1386.453,
        "Total": 9426.569
      }
    },
    "Execution Time": 17584.369
  }
]