[
  {
    "Plan": {
      "Node Type": "Aggregate",
      "Strategy": "Plain",
      "Partial Mode": "Finalize",
      "Parallel Aware": false,
      "Async Capable": false,
      "Startup Cost": 629914.36,
      "Total Cost": 629914.39,
      "Plan Rows": 1,
      "Plan Width": 16,
      "Actual Startup Time": 3239.469,
      "Actual Total Time": 3243.2,
      "Actual Rows": 1,
      "Actual Loops": 1,
      "Shared Hit Blocks": 160,
      "Shared Read Blocks": 393724,
      "Shared Dirtied Blocks": 0,
      "Shared Written Blocks": 0,
      "Local Hit Blocks": 0,
      "Local Read Blocks": 0,
      "Local Dirtied Blocks": 0,
      "Local Written Blocks": 0,
      "Temp Read Blocks": 0,
      "Temp Written Blocks": 0,
      "Plans": [
        {
          "Node Type": "Aggregate",
          "Strategy": "Plain",
          "Partial Mode": "Finalize",
          "Parent Relationship": "InitPlan",
          "Subplan Name": "InitPlan 1 (returns $1)",
          "Parallel Aware": false,
          "Async Capable": false,
          "Startup Cost": 315122.91,
          "Total Cost": 315122.92,
          "Plan Rows": 1,
          "Plan Width": 8,
          "Actual Startup Time": 1603.989,
          "Actual Total Time": 1607.645,
          "Actual Rows": 1,
          "Actual Loops": 1,
          "Shared Hit Blocks": 160,
          "Shared Read Blocks": 196782,
          "Shared Dirtied Blocks": 0,
          "Shared Written Blocks": 0,
          "Local Hit Blocks": 0,
          "Local Read Blocks": 0,
          "Local Dirtied Blocks": 0,
          "Local Written Blocks": 0,
          "Temp Read Blocks": 0,
          "Temp Written Blocks": 0,
          "Plans": [
            {
              "Node Type": "Gather",
              "Parent Relationship": "Outer",
              "Parallel Aware": false,
              "Async Capable": false,
              "Startup Cost": 315122.48,
              "Total Cost": 315122.9,
              "Plan Rows": 4,
              "Plan Width": 8,
              "Actual Startup Time": 1600.526,
              "Actual Total Time": 1607.628,
              "Actual Rows": 5,
              "Actual Loops": 1,
              "Workers Planned": 4,
              "Workers Launched": 4,
              "Single Copy": false,
              "Shared Hit Blocks": 160,
              "Shared Read Blocks": 196782,
              "Shared Dirtied Blocks": 0,
              "Shared Written Blocks": 0,
              "Local Hit Blocks": 0,
              "Local Read Blocks": 0,
              "Local Dirtied Blocks": 0,
              "Local Written Blocks": 0,
              "Temp Read Blocks": 0,
              "Temp Written Blocks": 0,
              "Plans": [
                {
                  "Node Type": "Aggregate",
                  "Strategy": "Plain",
                  "Partial Mode": "Partial",
                  "Parent Relationship": "Outer",
                  "Parallel Aware": false,
                  "Async Capable": false,
                  "Startup Cost": 314122.48,
                  "Total Cost": 314122.49,
                  "Plan Rows": 1,
                  "Plan Width": 8,
                  "Actual Startup Time": 1532.265,
                  "Actual Total Time": 1532.266,
                  "Actual Rows": 1,
                  "Actual Loops": 5,
                  "Shared Hit Blocks": 160,
                  "Shared Read Blocks": 196782,
                  "Shared Dirtied Blocks": 0,
                  "Shared Written Blocks": 0,
                  "Local Hit Blocks": 0,
                  "Local Read Blocks": 0,
                  "Local Dirtied Blocks": 0,
                  "Local Written Blocks": 0,
                  "Temp Read Blocks": 0,
                  "Temp Written Blocks": 0,
                  "Workers": [],
                  "Plans": [
                    {
                      "Node Type": "Seq Scan",
                      "Parent Relationship": "Outer",
                      "Parallel Aware": true,
                      "Async Capable": false,
                      "Relation Name": "timeseries",
                      "Alias": "internal",
                      "Startup Cost": 0.0,
                      "Total Cost": 297382.42,
                      "Plan Rows": 6696026,
                      "Plan Width": 0,
                      "Actual Startup Time": 138.454,
                      "Actual Total Time": 1031.188,
                      "Actual Rows": 5356780,
                      "Actual Loops": 5,
                      "Filter": "((datetime >= '2020-01-01 00:00:00'::timestamp without time zone) AND (datetime <= '2020-01-31 23:59:59'::timestamp without time zone))",
                      "Rows Removed by Filter": 20,
                      "Shared Hit Blocks": 160,
                      "Shared Read Blocks": 196782,
                      "Shared Dirtied Blocks": 0,
                      "Shared Written Blocks": 0,
                      "Local Hit Blocks": 0,
                      "Local Read Blocks": 0,
                      "Local Dirtied Blocks": 0,
                      "Local Written Blocks": 0,
                      "Temp Read Blocks": 0,
                      "Temp Written Blocks": 0,
                      "Workers": []
                    }
                  ]
                }
              ]
            }
          ]
        },
        {
          "Node Type": "Gather",
          "Parent Relationship": "Outer",
          "Parallel Aware": false,
          "Async Capable": false,
          "Startup Cost": 314791.03,
          "Total Cost": 314791.44,
          "Plan Rows": 4,
          "Plan Width": 8,
          "Actual Startup Time": 1635.29,
          "Actual Total Time": 1635.54,
          "Actual Rows": 5,
          "Actual Loops": 1,
          "Workers Planned": 4,
          "Workers Launched": 4,
          "Single Copy": false,
          "Shared Hit Blocks": 0,
          "Shared Read Blocks": 196942,
          "Shared Dirtied Blocks": 0,
          "Shared Written Blocks": 0,
          "Local Hit Blocks": 0,
          "Local Read Blocks": 0,
          "Local Dirtied Blocks": 0,
          "Local Written Blocks": 0,
          "Temp Read Blocks": 0,
          "Temp Written Blocks": 0,
          "Plans": [
            {
              "Node Type": "Aggregate",
              "Strategy": "Plain",
              "Partial Mode": "Partial",
              "Parent Relationship": "Outer",
              "Parallel Aware": false,
              "Async Capable": false,
              "Startup Cost": 313791.03,
              "Total Cost": 313791.04,
              "Plan Rows": 1,
              "Plan Width": 8,
              "Actual Startup Time": 1555.187,
              "Actual Total Time": 1555.188,
              "Actual Rows": 1,
              "Actual Loops": 5,
              "Shared Hit Blocks": 0,
              "Shared Read Blocks": 196942,
              "Shared Dirtied Blocks": 0,
              "Shared Written Blocks": 0,
              "Local Hit Blocks": 0,
              "Local Read Blocks": 0,
              "Local Dirtied Blocks": 0,
              "Local Written Blocks": 0,
              "Temp Read Blocks": 0,
              "Temp Written Blocks": 0,
              "Workers": [],
              "Plans": [
                {
                  "Node Type": "Seq Scan",
                  "Parent Relationship": "Outer",
                  "Parallel Aware": true,
                  "Async Capable": false,
                  "Relation Name": "timeseries",
                  "Alias": "external",
                  "Startup Cost": 0.0,
                  "Total Cost": 297382.42,
                  "Plan Rows": 6563444,
                  "Plan Width": 0,
                  "Actual Startup Time": 148.715,
                  "Actual Total Time": 1037.042,
                  "Actual Rows": 5249703,
                  "Actual Loops": 5,
                  "Filter": "(status AND (datetime >= '2020-01-01 00:00:00'::timestamp without time zone) AND (datetime <= '2020-01-31 23:59:59'::timestamp without time zone))",
                  "Rows Removed by Filter": 107097,
                  "Shared Hit Blocks": 0,
                  "Shared Read Blocks": 196942,
                  "Shared Dirtied Blocks": 0,
                  "Shared Written Blocks": 0,
                  "Local Hit Blocks": 0,
                  "Local Read Blocks": 0,
                  "Local Dirtied Blocks": 0,
                  "Local Written Blocks": 0,
                  "Temp Read Blocks": 0,
                  "Temp Written Blocks": 0,
                  "Workers": []
                }
              ]
            }
          ]
        }
      ]
    },
    "Planning": {
      "Shared Hit Blocks": 89,
      "Shared Read Blocks": 32,
      "Shared Dirtied Blocks": 0,
      "Shared Written Blocks": 0,
      "Local Hit Blocks": 0,
      "Local Read Blocks": 0,
      "Local Dirtied Blocks": 0,
      "Local Written Blocks": 0,
      "Temp Read Blocks": 0,
      "Temp Written Blocks": 0
    },
    "Planning Time": 0.775,
    "Triggers": [],
    "JIT": {
      "Functions": 44,
      "Options": {
        "Inlining": true,
        "Optimization": true,
        "Expressions": true,
        "Deforming": true
      },
      "Timing": {
        "Generation": 5.969,
        "Inlining": 924.39,
        "Optimization": 305.815,
        "Emission": 203.942,
        "Total": 1440.116
      }
    },
    "Execution Time": 3276.548
  }
]