[
  {
    "Plan": {
      "Node Type": "Aggregate",
      "Strategy": "Plain",
      "Partial Mode": "Finalize",
      "Parallel Aware": false,
      "Async Capable": false,
      "Startup Cost": 697858.21,
      "Total Cost": 697858.23,
      "Plan Rows": 1,
      "Plan Width": 16,
      "Actual Startup Time": 2959.564,
      "Actual Total Time": 2965.435,
      "Actual Rows": 1,
      "Actual Loops": 1,
      "Shared Hit Blocks": 10368,
      "Shared Read Blocks": 383516,
      "Shared Dirtied Blocks": 0,
      "Shared Written Blocks": 0,
      "Local Hit Blocks": 0,
      "Local Read Blocks": 0,
      "Local Dirtied Blocks": 0,
      "Local Written Blocks": 0,
      "Temp Read Blocks": 0,
      "Temp Written Blocks": 0,
      "Plans": [
        {
          "Node Type": "Aggregate",
          "Strategy": "Plain",
          "Partial Mode": "Finalize",
          "Parent Relationship": "InitPlan",
          "Subplan Name": "InitPlan 1 (returns $1)",
          "Parallel Aware": false,
          "Async Capable": false,
          "Startup Cost": 349142.94,
          "Total Cost": 349142.95,
          "Plan Rows": 1,
          "Plan Width": 8,
          "Actual Startup Time": 1451.302,
          "Actual Total Time": 1457.094,
          "Actual Rows": 1,
          "Actual Loops": 1,
          "Shared Hit Blocks": 5248,
          "Shared Read Blocks": 191694,
          "Shared Dirtied Blocks": 0,
          "Shared Written Blocks": 0,
          "Local Hit Blocks": 0,
          "Local Read Blocks": 0,
          "Local Dirtied Blocks": 0,
          "Local Written Blocks": 0,
          "Temp Read Blocks": 0,
          "Temp Written Blocks": 0,
          "Plans": [
            {
              "Node Type": "Gather",
              "Parent Relationship": "Outer",
              "Parallel Aware": false,
              "Async Capable": false,
              "Startup Cost": 349142.62,
              "Total Cost": 349142.93,
              "Plan Rows": 3,
              "Plan Width": 8,
              "Actual Startup Time": 1451.098,
              "Actual Total Time": 1457.084,
              "Actual Rows": 4,
              "Actual Loops": 1,
              "Workers Planned": 3,
              "Workers Launched": 3,
              "Single Copy": false,
              "Shared Hit Blocks": 5248,
              "Shared Read Blocks": 191694,
              "Shared Dirtied Blocks": 0,
              "Shared Written Blocks": 0,
              "Local Hit Blocks": 0,
              "Local Read Blocks": 0,
              "Local Dirtied Blocks": 0,
              "Local Written Blocks": 0,
              "Temp Read Blocks": 0,
              "Temp Written Blocks": 0,
              "Plans": [
                {
                  "Node Type": "Aggregate",
                  "Strategy": "Plain",
                  "Partial Mode": "Partial",
                  "Parent Relationship": "Outer",
                  "Parallel Aware": false,
                  "Async Capable": false,
                  "Startup Cost": 348142.62,
                  "Total Cost": 348142.63,
                  "Plan Rows": 1,
                  "Plan Width": 8,
                  "Actual Startup Time": 1414.688,
                  "Actual Total Time": 1414.689,
                  "Actual Rows": 1,
                  "Actual Loops": 4,
                  "Shared Hit Blocks": 5248,
                  "Shared Read Blocks": 191694,
                  "Shared Dirtied Blocks": 0,
                  "Shared Written Blocks": 0,
                  "Local Hit Blocks": 0,
                  "Local Read Blocks": 0,
                  "Local Dirtied Blocks": 0,
                  "Local Written Blocks": 0,
                  "Temp Read Blocks": 0,
                  "Temp Written Blocks": 0,
                  "Workers": [],
                  "Plans": [
                    {
                      "Node Type": "Seq Scan",
                      "Parent Relationship": "Outer",
                      "Parallel Aware": true,
                      "Async Capable": false,
                      "Relation Name": "timeseries",
                      "Alias": "internal",
                      "Startup Cost": 0.0,
                      "Total Cost": 326542.54,
                      "Plan Rows": 8640033,
                      "Plan Width": 0,
                      "Actual Startup Time": 87.166,
                      "Actual Total Time": 917.896,
                      "Actual Rows": 6695975,
                      "Actual Loops": 4,
                      "Filter": "((datetime >= '2020-01-01 00:00:00'::timestamp without time zone) AND (datetime <= '2020-01-31 23:59:59'::timestamp without time zone))",
                      "Rows Removed by Filter": 25,
                      "Shared Hit Blocks": 5248,
                      "Shared Read Blocks": 191694,
                      "Shared Dirtied Blocks": 0,
                      "Shared Written Blocks": 0,
                      "Local Hit Blocks": 0,
                      "Local Read Blocks": 0,
                      "Local Dirtied Blocks": 0,
                      "Local Written Blocks": 0,
                      "Temp Read Blocks": 0,
                      "Temp Written Blocks": 0,
                      "Workers": []
                    }
                  ]
                }
              ]
            }
          ]
        },
        {
          "Node Type": "Gather",
          "Parent Relationship": "Outer",
          "Parallel Aware": false,
          "Async Capable": false,
          "Startup Cost": 348714.94,
          "Total Cost": 348715.25,
          "Plan Rows": 3,
          "Plan Width": 8,
          "Actual Startup Time": 1507.452,
          "Actual Total Time": 1508.328,
          "Actual Rows": 4,
          "Actual Loops": 1,
          "Workers Planned": 3,
          "Workers Launched": 3,
          "Single Copy": false,
          "Shared Hit Blocks": 5120,
          "Shared Read Blocks": 191822,
          "Shared Dirtied Blocks": 0,
          "Shared Written Blocks": 0,
          "Local Hit Blocks": 0,
          "Local Read Blocks": 0,
          "Local Dirtied Blocks": 0,
          "Local Written Blocks": 0,
          "Temp Read Blocks": 0,
          "Temp Written Blocks": 0,
          "Plans": [
            {
              "Node Type": "Aggregate",
              "Strategy": "Plain",
              "Partial Mode": "Partial",
              "Parent Relationship": "Outer",
              "Parallel Aware": false,
              "Async Capable": false,
              "Startup Cost": 347714.94,
              "Total Cost": 347714.95,
              "Plan Rows": 1,
              "Plan Width": 8,
              "Actual Startup Time": 1469.39,
              "Actual Total Time": 1469.391,
              "Actual Rows": 1,
              "Actual Loops": 4,
              "Shared Hit Blocks": 5120,
              "Shared Read Blocks": 191822,
              "Shared Dirtied Blocks": 0,
              "Shared Written Blocks": 0,
              "Local Hit Blocks": 0,
              "Local Read Blocks": 0,
              "Local Dirtied Blocks": 0,
              "Local Written Blocks": 0,
              "Temp Read Blocks": 0,
              "Temp Written Blocks": 0,
              "Workers": [],
              "Plans": [
                {
                  "Node Type": "Seq Scan",
                  "Parent Relationship": "Outer",
                  "Parallel Aware": true,
                  "Async Capable": false,
                  "Relation Name": "timeseries",
                  "Alias": "external",
                  "Startup Cost": 0.0,
                  "Total Cost": 326542.54,
                  "Plan Rows": 8468960,
                  "Plan Width": 0,
                  "Actual Startup Time": 115.729,
                  "Actual Total Time": 976.078,
                  "Actual Rows": 6562129,
                  "Actual Loops": 4,
                  "Filter": "(status AND (datetime >= '2020-01-01 00:00:00'::timestamp without time zone) AND (datetime <= '2020-01-31 23:59:59'::timestamp without time zone))",
                  "Rows Removed by Filter": 133871,
                  "Shared Hit Blocks": 5120,
                  "Shared Read Blocks": 191822,
                  "Shared Dirtied Blocks": 0,
                  "Shared Written Blocks": 0,
                  "Local Hit Blocks": 0,
                  "Local Read Blocks": 0,
                  "Local Dirtied Blocks": 0,
                  "Local Written Blocks": 0,
                  "Temp Read Blocks": 0,
                  "Temp Written Blocks": 0,
                  "Workers": []
                }
              ]
            }
          ]
        }
      ]
    },
    "Planning": {
      "Shared Hit Blocks": 126,
      "Shared Read Blocks": 0,
      "Shared Dirtied Blocks": 0,
      "Shared Written Blocks": 0,
      "Local Hit Blocks": 0,
      "Local Read Blocks": 0,
      "Local Dirtied Blocks": 0,
      "Local Written Blocks": 0,
      "Temp Read Blocks": 0,
      "Temp Written Blocks": 0
    },
    "Planning Time": 0.47,
    "Triggers": [],
    "JIT": {
      "Functions": 36,
      "Options": {
        "Inlining": true,
        "Optimization": true,
        "Expressions": true,
        "Deforming": true
      },
      "Timing": {
        "Generation": 3.717,
        "Inlining": 503.771,
        "Optimization": 189.443,
        "Emission": 116.921,
        "Total": 813.851
      }
    },
    "Execution Time": 2995.279
  }
]