[
  {
    "Plan": {
      "Node Type": "Aggregate",
      "Strategy": "Plain",
      "Partial Mode": "Finalize",
      "Parallel Aware": false,
      "Async Capable": false,
      "Startup Cost": 697858.21,
      "Total Cost": 697858.23,
      "Plan Rows": 1,
      "Plan Width": 16,
      "Actual Startup Time": 2987.897,
      "Actual Total Time": 2988.275,
      "Actual Rows": 1,
      "Actual Loops": 1,
      "Shared Hit Blocks": 3200,
      "Shared Read Blocks": 390684,
      "Shared Dirtied Blocks": 0,
      "Shared Written Blocks": 0,
      "Local Hit Blocks": 0,
      "Local Read Blocks": 0,
      "Local Dirtied Blocks": 0,
      "Local Written Blocks": 0,
      "Temp Read Blocks": 0,
      "Temp Written Blocks": 0,
      "Plans": [
        {
          "Node Type": "Aggregate",
          "Strategy": "Plain",
          "Partial Mode": "Finalize",
          "Parent Relationship": "InitPlan",
          "Subplan Name": "InitPlan 1 (returns $1)",
          "Parallel Aware": false,
          "Async Capable": false,
          "Startup Cost": 349142.94,
          "Total Cost": 349142.95,
          "Plan Rows": 1,
          "Plan Width": 8,
          "Actual Startup Time": 1463.158,
          "Actual Total Time": 1463.464,
          "Actual Rows": 1,
          "Actual Loops": 1,
          "Shared Hit Blocks": 1664,
          "Shared Read Blocks": 195278,
          "Shared Dirtied Blocks": 0,
          "Shared Written Blocks": 0,
          "Local Hit Blocks": 0,
          "Local Read Blocks": 0,
          "Local Dirtied Blocks": 0,
          "Local Written Blocks": 0,
          "Temp Read Blocks": 0,
          "Temp Written Blocks": 0,
          "Plans": [
            {
              "Node Type": "Gather",
              "Parent Relationship": "Outer",
              "Parallel Aware": false,
              "Async Capable": false,
              "Startup Cost": 349142.62,
              "Total Cost": 349142.93,
              "Plan Rows": 3,
              "Plan Width": 8,
              "Actual Startup Time": 1457.987,
              "Actual Total Time": 1463.445,
              "Actual Rows": 4,
              "Actual Loops": 1,
              "Workers Planned": 3,
              "Workers Launched": 3,
              "Single Copy": false,
              "Shared Hit Blocks": 1664,
              "Shared Read Blocks": 195278,
              "Shared Dirtied Blocks": 0,
              "Shared Written Blocks": 0,
              "Local Hit Blocks": 0,
              "Local Read Blocks": 0,
              "Local Dirtied Blocks": 0,
              "Local Written Blocks": 0,
              "Temp Read Blocks": 0,
              "Temp Written Blocks": 0,
              "Plans": [
                {
                  "Node Type": "Aggregate",
                  "Strategy": "Plain",
                  "Partial Mode": "Partial",
                  "Parent Relationship": "Outer",
                  "Parallel Aware": false,
                  "Async Capable": false,
                  "Startup Cost": 348142.62,
                  "Total Cost": 348142.63,
                  "Plan Rows": 1,
                  "Plan Width": 8,
                  "Actual Startup Time": 1412.297,
                  "Actual Total Time": 1412.298,
                  "Actual Rows": 1,
                  "Actual Loops": 4,
                  "Shared Hit Blocks": 1664,
                  "Shared Read Blocks": 195278,
                  "Shared Dirtied Blocks": 0,
                  "Shared Written Blocks": 0,
                  "Local Hit Blocks": 0,
                  "Local Read Blocks": 0,
                  "Local Dirtied Blocks": 0,
                  "Local Written Blocks": 0,
                  "Temp Read Blocks": 0,
                  "Temp Written Blocks": 0,
                  "Workers": [],
                  "Plans": [
                    {
                      "Node Type": "Seq Scan",
                      "Parent Relationship": "Outer",
                      "Parallel Aware": true,
                      "Async Capable": false,
                      "Relation Name": "timeseries",
                      "Alias": "internal",
                      "Startup Cost": 0.0,
                      "Total Cost": 326542.54,
                      "Plan Rows": 8640033,
                      "Plan Width": 0,
                      "Actual Startup Time": 87.693,
                      "Actual Total Time": 912.427,
                      "Actual Rows": 6695975,
                      "Actual Loops": 4,
                      "Filter": "((datetime >= '2020-01-01 00:00:00'::timestamp without time zone) AND (datetime <= '2020-01-31 23:59:59'::timestamp without time zone))",
                      "Rows Removed by Filter": 25,
                      "Shared Hit Blocks": 1664,
                      "Shared Read Blocks": 195278,
                      "Shared Dirtied Blocks": 0,
                      "Shared Written Blocks": 0,
                      "Local Hit Blocks": 0,
                      "Local Read Blocks": 0,
                      "Local Dirtied Blocks": 0,
                      "Local Written Blocks": 0,
                      "Temp Read Blocks": 0,
                      "Temp Written Blocks": 0,
                      "Workers": []
                    }
                  ]
                }
              ]
            }
          ]
        },
        {
          "Node Type": "Gather",
          "Parent Relationship": "Outer",
          "Parallel Aware": false,
          "Async Capable": false,
          "Startup Cost": 348714.94,
          "Total Cost": 348715.25,
          "Plan Rows": 3,
          "Plan Width": 8,
          "Actual Startup Time": 1524.411,
          "Actual Total Time": 1524.796,
          "Actual Rows": 4,
          "Actual Loops": 1,
          "Workers Planned": 3,
          "Workers Launched": 3,
          "Single Copy": false,
          "Shared Hit Blocks": 1536,
          "Shared Read Blocks": 195406,
          "Shared Dirtied Blocks": 0,
          "Shared Written Blocks": 0,
          "Local Hit Blocks": 0,
          "Local Read Blocks": 0,
          "Local Dirtied Blocks": 0,
          "Local Written Blocks": 0,
          "Temp Read Blocks": 0,
          "Temp Written Blocks": 0,
          "Plans": [
            {
              "Node Type": "Aggregate",
              "Strategy": "Plain",
              "Partial Mode": "Partial",
              "Parent Relationship": "Outer",
              "Parallel Aware": false,
              "Async Capable": false,
              "Startup Cost": 347714.94,
              "Total Cost": 347714.95,
              "Plan Rows": 1,
              "Plan Width": 8,
              "Actual Startup Time": 1483.597,
              "Actual Total Time": 1483.598,
              "Actual Rows": 1,
              "Actual Loops": 4,
              "Shared Hit Blocks": 1536,
              "Shared Read Blocks": 195406,
              "Shared Dirtied Blocks": 0,
              "Shared Written Blocks": 0,
              "Local Hit Blocks": 0,
              "Local Read Blocks": 0,
              "Local Dirtied Blocks": 0,
              "Local Written Blocks": 0,
              "Temp Read Blocks": 0,
              "Temp Written Blocks": 0,
              "Workers": [],
              "Plans": [
                {
                  "Node Type": "Seq Scan",
                  "Parent Relationship": "Outer",
                  "Parallel Aware": true,
                  "Async Capable": false,
                  "Relation Name": "timeseries",
                  "Alias": "external",
                  "Startup Cost": 0.0,
                  "Total Cost": 326542.54,
                  "Plan Rows": 8468960,
                  "Plan Width": 0,
                  "Actual Startup Time": 118.054,
                  "Actual Total Time": 998.441,
                  "Actual Rows": 6562129,
                  "Actual Loops": 4,
                  "Filter": "(status AND (datetime >= '2020-01-01 00:00:00'::timestamp without time zone) AND (datetime <= '2020-01-31 23:59:59'::timestamp without time zone))",
                  "Rows Removed by Filter": 133871,
                  "Shared Hit Blocks": 1536,
                  "Shared Read Blocks": 195406,
                  "Shared Dirtied Blocks": 0,
                  "Shared Written Blocks": 0,
                  "Local Hit Blocks": 0,
                  "Local Read Blocks": 0,
                  "Local Dirtied Blocks": 0,
                  "Local Written Blocks": 0,
                  "Temp Read Blocks": 0,
                  "Temp Written Blocks": 0,
                  "Workers": []
                }
              ]
            }
          ]
        }
      ]
    },
    "Planning": {
      "Shared Hit Blocks": 126,
      "Shared Read Blocks": 0,
      "Shared Dirtied Blocks": 0,
      "Shared Written Blocks": 0,
      "Local Hit Blocks": 0,
      "Local Read Blocks": 0,
      "Local Dirtied Blocks": 0,
      "Local Written Blocks": 0,
      "Temp Read Blocks": 0,
      "Temp Written Blocks": 0
    },
    "Planning Time": 0.603,
    "Triggers": [],
    "JIT": {
      "Functions": 36,
      "Options": {
        "Inlining": true,
        "Optimization": true,
        "Expressions": true,
        "Deforming": true
      },
      "Timing": {
        "Generation": 3.952,
        "Inlining": 548.967,
        "Optimization": 175.387,
        "Emission": 97.329,
        "Total": 825.635
      }
    },
    "Execution Time": 3020.158
  }
]