[
  {
    "Plan": {
      "Node Type": "Aggregate",
      "Strategy": "Sorted",
      "Partial Mode": "Finalize",
      "Parallel Aware": false,
      "Async Capable": false,
      "Startup Cost": 609878.56,
      "Total Cost": 609929.45,
      "Plan Rows": 100,
      "Plan Width": 12,
      "Actual Startup Time": 10670.885,
      "Actual Total Time": 10691.317,
      "Actual Rows": 100,
      "Actual Loops": 1,
      "Group Key": [
        "resource"
      ],
      "Shared Hit Blocks": 3667,
      "Shared Read Blocks": 390244,
      "Shared Dirtied Blocks": 0,
      "Shared Written Blocks": 0,
      "Local Hit Blocks": 0,
      "Local Read Blocks": 0,
      "Local Dirtied Blocks": 0,
      "Local Written Blocks": 0,
      "Temp Read Blocks": 0,
      "Temp Written Blocks": 0,
      "Plans": [
        {
          "Node Type": "Gather Merge",
          "Parent Relationship": "Outer",
          "Parallel Aware": false,
          "Async Capable": false,
          "Startup Cost": 609878.56,
          "Total Cost": 609926.45,
          "Plan Rows": 400,
          "Plan Width": 12,
          "Actual Startup Time": 10670.84,
          "Actual Total Time": 10691.102,
          "Actual Rows": 418,
          "Actual Loops": 1,
          "Workers Planned": 4,
          "Workers Launched": 4,
          "Shared Hit Blocks": 3667,
          "Shared Read Blocks": 390244,
          "Shared Dirtied Blocks": 0,
          "Shared Written Blocks": 0,
          "Local Hit Blocks": 0,
          "Local Read Blocks": 0,
          "Local Dirtied Blocks": 0,
          "Local Written Blocks": 0,
          "Temp Read Blocks": 0,
          "Temp Written Blocks": 0,
          "Plans": [
            {
              "Node Type": "Sort",
              "Parent Relationship": "Outer",
              "Parallel Aware": false,
              "Async Capable": false,
              "Startup Cost": 608878.5,
              "Total Cost": 608878.75,
              "Plan Rows": 100,
              "Plan Width": 12,
              "Actual Startup Time": 10413.929,
              "Actual Total Time": 10413.946,
              "Actual Rows": 84,
              "Actual Loops": 5,
              "Sort Key": [
                "resource"
              ],
              "Sort Method": "quicksort",
              "Sort Space Used": 29,
              "Sort Space Type": "Memory",
              "Shared Hit Blocks": 3667,
              "Shared Read Blocks": 390244,
              "Shared Dirtied Blocks": 0,
              "Shared Written Blocks": 0,
              "Local Hit Blocks": 0,
              "Local Read Blocks": 0,
              "Local Dirtied Blocks": 0,
              "Local Written Blocks": 0,
              "Temp Read Blocks": 0,
              "Temp Written Blocks": 0,
              "Workers": [
                {
                  "Worker Number": 0,
                  "Sort Method": "quicksort",
                  "Sort Space Used": 29,
                  "Sort Space Type": "Memory"
                },
                {
                  "Worker Number": 1,
                  "Sort Method": "quicksort",
                  "Sort Space Used": 29,
                  "Sort Space Type": "Memory"
                },
                {
                  "Worker Number": 2,
                  "Sort Method": "quicksort",
                  "Sort Space Used": 29,
                  "Sort Space Type": "Memory"
                },
                {
                  "Worker Number": 3,
                  "Sort Method": "quicksort",
                  "Sort Space Used": 29,
                  "Sort Space Type": "Memory"
                }
              ],
              "Plans": [
                {
                  "Node Type": "Aggregate",
                  "Strategy": "Hashed",
                  "Partial Mode": "Partial",
                  "Parent Relationship": "Outer",
                  "Parallel Aware": false,
                  "Async Capable": false,
                  "Startup Cost": 608874.18,
                  "Total Cost": 608875.18,
                  "Plan Rows": 100,
                  "Plan Width": 12,
                  "Actual Startup Time": 10413.736,
                  "Actual Total Time": 10413.776,
                  "Actual Rows": 84,
                  "Actual Loops": 5,
                  "Group Key": [
                    "resource"
                  ],
                  "Planned Partitions": 0,
                  "HashAgg Batches": 1,
                  "Peak Memory Usage": 32,
                  "Disk Usage": 0,
                  "Shared Hit Blocks": 3639,
                  "Shared Read Blocks": 390244,
                  "Shared Dirtied Blocks": 0,
                  "Shared Written Blocks": 0,
                  "Local Hit Blocks": 0,
                  "Local Read Blocks": 0,
                  "Local Dirtied Blocks": 0,
                  "Local Written Blocks": 0,
                  "Temp Read Blocks": 0,
                  "Temp Written Blocks": 0,
                  "Workers": [
                    {
                      "Worker Number": 0,
                      "HashAgg Batches": 1,
                      "Peak Memory Usage": 32,
                      "Disk Usage": 0
                    },
                    {
                      "Worker Number": 1,
                      "HashAgg Batches": 1,
                      "Peak Memory Usage": 32,
                      "Disk Usage": 0
                    },
                    {
                      "Worker Number": 2,
                      "HashAgg Batches": 1,
                      "Peak Memory Usage": 32,
                      "Disk Usage": 0
                    },
                    {
                      "Worker Number": 3,
                      "HashAgg Batches": 1,
                      "Peak Memory Usage": 32,
                      "Disk Usage": 0
                    }
                  ],
                  "Plans": [
                    {
                      "Node Type": "Seq Scan",
                      "Parent Relationship": "Outer",
                      "Parallel Aware": true,
                      "Async Capable": false,
                      "Relation Name": "timeseries",
                      "Alias": "timeseries",
                      "Startup Cost": 0.0,
                      "Total Cost": 594763.33,
                      "Plan Rows": 2822170,
                      "Plan Width": 4,
                      "Actual Startup Time": 1119.272,
                      "Actual Total Time": 7881.336,
                      "Actual Rows": 2201606,
                      "Actual Loops": 5,
                      "Filter": "(status AND (datetime >= '2020-02-01 00:00:00'::timestamp without time zone) AND (datetime <= '2020-02-13 23:59:59'::timestamp without time zone))",
                      "Rows Removed by Filter": 8511994,
                      "Shared Hit Blocks": 3639,
                      "Shared Read Blocks": 390244,
                      "Shared Dirtied Blocks": 0,
                      "Shared Written Blocks": 0,
                      "Local Hit Blocks": 0,
                      "Local Read Blocks": 0,
                      "Local Dirtied Blocks": 0,
                      "Local Written Blocks": 0,
                      "Temp Read Blocks": 0,
                      "Temp Written Blocks": 0,
                      "Workers": []
                    }
                  ]
                }
              ]
            }
          ]
        }
      ]
    },
    "Planning": {
      "Shared Hit Blocks": 91,
      "Shared Read Blocks": 0,
      "Shared Dirtied Blocks": 0,
      "Shared Written Blocks": 0,
      "Local Hit Blocks": 0,
      "Local Read Blocks": 0,
      "Local Dirtied Blocks": 0,
      "Local Written Blocks": 0,
      "Temp Read Blocks": 0,
      "Temp Written Blocks": 0
    },
    "Planning Time": 4.841,
    "Triggers": [],
    "JIT": {
      "Functions": 43,
      "Options": {
        "Inlining": true,
        "Optimization": true,
        "Expressions": true,
        "Deforming": true
      },
      "Timing": {
        "Generation": 25.73,
        "Inlining": 2045.176,
        "Optimization": 2051.554,
        "Emission": 1190.397,
        "Total": 5312.858
      }
    },
    "Execution Time": 10958.531
  }
]