[
  {
    "Plan": {
      "Node Type": "Aggregate",
      "Strategy": "Plain",
      "Partial Mode": "Finalize",
      "Parallel Aware": false,
      "Async Capable": false,
      "Startup Cost": 884143.71,
      "Total Cost": 884143.72,
      "Plan Rows": 1,
      "Plan Width": 8,
      "Actual Startup Time": 7756.03,
      "Actual Total Time": 7766.556,
      "Actual Rows": 1,
      "Actual Loops": 1,
      "Shared Hit Blocks": 256,
      "Shared Read Blocks": 393627,
      "Shared Dirtied Blocks": 0,
      "Shared Written Blocks": 0,
      "Local Hit Blocks": 0,
      "Local Read Blocks": 0,
      "Local Dirtied Blocks": 0,
      "Local Written Blocks": 0,
      "Temp Read Blocks": 0,
      "Temp Written Blocks": 0,
      "Plans": [
        {
          "Node Type": "Gather",
          "Parent Relationship": "Outer",
          "Parallel Aware": false,
          "Async Capable": false,
          "Startup Cost": 884143.6,
          "Total Cost": 884143.71,
          "Plan Rows": 1,
          "Plan Width": 8,
          "Actual Startup Time": 7755.473,
          "Actual Total Time": 7766.515,
          "Actual Rows": 2,
          "Actual Loops": 1,
          "Workers Planned": 1,
          "Workers Launched": 1,
          "Single Copy": false,
          "Shared Hit Blocks": 256,
          "Shared Read Blocks": 393627,
          "Shared Dirtied Blocks": 0,
          "Shared Written Blocks": 0,
          "Local Hit Blocks": 0,
          "Local Read Blocks": 0,
          "Local Dirtied Blocks": 0,
          "Local Written Blocks": 0,
          "Temp Read Blocks": 0,
          "Temp Written Blocks": 0,
          "Plans": [
            {
              "Node Type": "Aggregate",
              "Strategy": "Plain",
              "Partial Mode": "Partial",
              "Parent Relationship": "Outer",
              "Parallel Aware": false,
              "Async Capable": false,
              "Startup Cost": 883143.6,
              "Total Cost": 883143.61,
              "Plan Rows": 1,
              "Plan Width": 8,
              "Actual Startup Time": 7629.434,
              "Actual Total Time": 7629.437,
              "Actual Rows": 1,
              "Actual Loops": 2,
              "Shared Hit Blocks": 256,
              "Shared Read Blocks": 393627,
              "Shared Dirtied Blocks": 0,
              "Shared Written Blocks": 0,
              "Local Hit Blocks": 0,
              "Local Read Blocks": 0,
              "Local Dirtied Blocks": 0,
              "Local Written Blocks": 0,
              "Temp Read Blocks": 0,
              "Temp Written Blocks": 0,
              "Workers": [],
              "Plans": [
                {
                  "Node Type": "Seq Scan",
                  "Parent Relationship": "Outer",
                  "Parallel Aware": true,
                  "Async Capable": false,
                  "Relation Name": "timeseries",
                  "Alias": "timeseries",
                  "Startup Cost": 0.0,
                  "Total Cost": 866542.6,
                  "Plan Rows": 6640399,
                  "Plan Width": 0,
                  "Actual Startup Time": 321.449,
                  "Actual Total Time": 6642.094,
                  "Actual Rows": 5504016,
                  "Actual Loops": 2,
                  "Filter": "(status AND (datetime >= '2020-02-01 00:00:00'::timestamp without time zone) AND (datetime <= '2020-02-13 23:59:59'::timestamp without time zone))",
                  "Rows Removed by Filter": 21279984,
                  "Shared Hit Blocks": 256,
                  "Shared Read Blocks": 393627,
                  "Shared Dirtied Blocks": 0,
                  "Shared Written Blocks": 0,
                  "Local Hit Blocks": 0,
                  "Local Read Blocks": 0,
                  "Local Dirtied Blocks": 0,
                  "Local Written Blocks": 0,
                  "Temp Read Blocks": 0,
                  "Temp Written Blocks": 0,
                  "Workers": []
                }
              ]
            }
          ]
        }
      ]
    },
    "Planning": {
      "Shared Hit Blocks": 71,
      "Shared Read Blocks": 0,
      "Shared Dirtied Blocks": 0,
      "Shared Written Blocks": 0,
      "Local Hit Blocks": 0,
      "Local Read Blocks": 0,
      "Local Dirtied Blocks": 0,
      "Local Written Blocks": 0,
      "Temp Read Blocks": 0,
      "Temp Written Blocks": 0
    },
    "Planning Time": 0.965,
    "Triggers": [],
    "JIT": {
      "Functions": 10,
      "Options": {
        "Inlining": true,
        "Optimization": true,
        "Expressions": true,
        "Deforming": true
      },
      "Timing": {
        "Generation": 3.946,
        "Inlining": 310.106,
        "Optimization": 169.787,
        "Emission": 105.115,
        "Total": 588.954
      }
    },
    "Execution Time": 7871.867
  }
]